------------------------------------------------------------------------------------------------------------------------

[2025-05-01 18:42:58 #1 store] 
Database 'C:\Users\Shirley\git\repository\polideportivo\Rides24\src\main\resources\rides.temp' is opened by 3880@LAPTOP-9IP7ANLF

[2025-05-01 18:42:58 #2 type.registry] 
New type domain.Driver

[2025-05-01 18:42:58 #3 type] 
Type domain.Driver is not enhanced.

[2025-05-01 18:42:58 #4 type.registry] 
New type domain.Ride

[2025-05-01 18:42:58 #5 type] 
Type domain.Ride is not enhanced.

[2025-05-01 18:42:58 #6 type.registry] 
New type domain.Socio

[2025-05-01 18:42:58 #7 type] 
Type domain.Socio is not enhanced.

[2025-05-01 18:42:58 #8 type.registry] 
New type domain.Sala

[2025-05-01 18:42:58 #9 type] 
Type domain.Sala is not enhanced.

[2025-05-01 18:42:58 #10 type.registry] 
New type domain.Sesion

[2025-05-01 18:42:58 #11 type] 
Type domain.Sesion is not enhanced.

[2025-05-01 18:42:58 #12 type.registry] 
New type domain.Reserva

[2025-05-01 18:42:58 #13 type.registry] 
New type domain.Actividad

[2025-05-01 18:42:58 #14 type] 
Type domain.Reserva is not enhanced.

[2025-05-01 18:42:58 #15 type] 
Type domain.Actividad is not enhanced.

[2025-05-01 18:42:58 #16 type.registry] 
New type domain.Encargado

[2025-05-01 18:42:58 #17 type] 
Type domain.Encargado is not enhanced.

[2025-05-01 18:42:58 #18 type.registry] 
New type java.util.Vector<java.lang.Object>

[2025-05-01 18:42:58 #19 type.registry] 
New type java.util.Vector<domain.Ride>

[2025-05-01 18:42:58 #20 type.registry] 
New type java.util.ArrayList<java.lang.Object>

[2025-05-01 18:42:58 #21 type.registry] 
New type java.util.ArrayList<domain.Sesion>

[2025-05-01 18:42:58 #22 type.registry] 
New type java.util.ArrayList<domain.Reserva>

[2025-05-01 18:43:17 #23 type.registry] 
New type domain.Factura

[2025-05-01 18:43:17 #24 type] 
Type domain.Factura is not enhanced.

------------------------------------------------------------------------------------------------------------------------

[2025-05-01 18:55:25 #1 store] 
Database 'C:\Users\Shirley\git\repository\polideportivo\Rides24\src\main\resources\rides.temp' is opened by 2428@LAPTOP-9IP7ANLF

[2025-05-01 18:55:25 #2 type.registry] 
New type domain.Driver

[2025-05-01 18:55:25 #3 type] 
Type domain.Driver is not enhanced.

[2025-05-01 18:55:25 #4 type.registry] 
New type domain.Ride

[2025-05-01 18:55:25 #5 type] 
Type domain.Ride is not enhanced.

[2025-05-01 18:55:25 #6 type.registry] 
New type domain.Socio

[2025-05-01 18:55:25 #7 type] 
Type domain.Socio is not enhanced.

[2025-05-01 18:55:25 #8 type.registry] 
New type domain.Sala

[2025-05-01 18:55:25 #9 type] 
Type domain.Sala is not enhanced.

[2025-05-01 18:55:25 #10 type.registry] 
New type domain.Sesion

[2025-05-01 18:55:25 #11 type] 
Type domain.Sesion is not enhanced.

[2025-05-01 18:55:25 #12 type.registry] 
New type domain.Reserva

[2025-05-01 18:55:25 #13 type.registry] 
New type domain.Actividad

[2025-05-01 18:55:25 #14 type] 
Type domain.Reserva is not enhanced.

[2025-05-01 18:55:25 #15 type] 
Type domain.Actividad is not enhanced.

[2025-05-01 18:55:25 #16 type.registry] 
New type domain.Encargado

[2025-05-01 18:55:25 #17 type] 
Type domain.Encargado is not enhanced.

[2025-05-01 18:55:25 #18 type.registry] 
New type java.util.Vector<java.lang.Object>

[2025-05-01 18:55:25 #19 type.registry] 
New type java.util.Vector<domain.Ride>

[2025-05-01 18:55:25 #20 type.registry] 
New type java.util.ArrayList<java.lang.Object>

[2025-05-01 18:55:25 #21 type.registry] 
New type java.util.ArrayList<domain.Sesion>

[2025-05-01 18:55:25 #22 type.registry] 
New type java.util.ArrayList<domain.Reserva>

[2025-05-01 18:55:43 #23 type.registry] 
New type domain.Factura

[2025-05-01 18:55:43 #24 type] 
Type domain.Factura is not enhanced.

------------------------------------------------------------------------------------------------------------------------

[2025-05-01 18:57:08 #1 store] 
Database 'C:\Users\Shirley\git\repository\polideportivo\Rides24\src\main\resources\rides.temp' is opened by 2912@LAPTOP-9IP7ANLF

[2025-05-01 18:57:08 #2 type.registry] 
New type domain.Driver

[2025-05-01 18:57:08 #3 type] 
Type domain.Driver is not enhanced.

[2025-05-01 18:57:08 #4 type.registry] 
New type domain.Ride

[2025-05-01 18:57:08 #5 type] 
Type domain.Ride is not enhanced.

[2025-05-01 18:57:08 #6 type.registry] 
New type domain.Socio

[2025-05-01 18:57:08 #7 type] 
Type domain.Socio is not enhanced.

[2025-05-01 18:57:08 #8 type.registry] 
New type domain.Sala

[2025-05-01 18:57:08 #9 type] 
Type domain.Sala is not enhanced.

[2025-05-01 18:57:08 #10 type.registry] 
New type domain.Sesion

[2025-05-01 18:57:08 #11 type] 
Type domain.Sesion is not enhanced.

[2025-05-01 18:57:08 #12 type.registry] 
New type domain.Reserva

[2025-05-01 18:57:08 #13 type.registry] 
New type domain.Actividad

[2025-05-01 18:57:08 #14 type] 
Type domain.Reserva is not enhanced.

[2025-05-01 18:57:08 #15 type] 
Type domain.Actividad is not enhanced.

[2025-05-01 18:57:08 #16 type.registry] 
New type domain.Encargado

[2025-05-01 18:57:08 #17 type] 
Type domain.Encargado is not enhanced.

[2025-05-01 18:57:08 #18 type.registry] 
New type java.util.Vector<java.lang.Object>

[2025-05-01 18:57:08 #19 type.registry] 
New type java.util.Vector<domain.Ride>

[2025-05-01 18:57:08 #20 type.registry] 
New type java.util.ArrayList<java.lang.Object>

[2025-05-01 18:57:08 #21 type.registry] 
New type java.util.ArrayList<domain.Sesion>

[2025-05-01 18:57:08 #22 type.registry] 
New type java.util.ArrayList<domain.Reserva>

[2025-05-01 18:57:27 #23 type.registry] 
New type domain.Factura

[2025-05-01 18:57:27 #24 type] 
Type domain.Factura is not enhanced.

------------------------------------------------------------------------------------------------------------------------

[2025-05-01 18:58:34 #1 store] 
Database 'C:\Users\Shirley\git\repository\polideportivo\Rides24\src\main\resources\rides.temp' is opened by 1092@LAPTOP-9IP7ANLF

[2025-05-01 18:58:35 #2 type.registry] 
New type domain.Driver

[2025-05-01 18:58:35 #3 type] 
Type domain.Driver is not enhanced.

[2025-05-01 18:58:35 #4 type.registry] 
New type domain.Ride

[2025-05-01 18:58:35 #5 type] 
Type domain.Ride is not enhanced.

[2025-05-01 18:58:35 #6 type.registry] 
New type domain.Socio

[2025-05-01 18:58:35 #7 type] 
Type domain.Socio is not enhanced.

[2025-05-01 18:58:35 #8 type.registry] 
New type domain.Sala

[2025-05-01 18:58:35 #9 type] 
Type domain.Sala is not enhanced.

[2025-05-01 18:58:35 #10 type.registry] 
New type domain.Sesion

[2025-05-01 18:58:35 #11 type] 
Type domain.Sesion is not enhanced.

[2025-05-01 18:58:35 #12 type.registry] 
New type domain.Reserva

[2025-05-01 18:58:35 #13 type.registry] 
New type domain.Actividad

[2025-05-01 18:58:35 #14 type] 
Type domain.Reserva is not enhanced.

[2025-05-01 18:58:35 #15 type] 
Type domain.Actividad is not enhanced.

[2025-05-01 18:58:35 #16 type.registry] 
New type domain.Encargado

[2025-05-01 18:58:35 #17 type] 
Type domain.Encargado is not enhanced.

[2025-05-01 18:58:35 #18 type.registry] 
New type java.util.Vector<java.lang.Object>

[2025-05-01 18:58:35 #19 type.registry] 
New type java.util.Vector<domain.Ride>

[2025-05-01 18:58:35 #20 type.registry] 
New type java.util.ArrayList<java.lang.Object>

[2025-05-01 18:58:35 #21 type.registry] 
New type java.util.ArrayList<domain.Sesion>

[2025-05-01 18:58:35 #22 type.registry] 
New type java.util.ArrayList<domain.Reserva>

[2025-05-01 18:58:46 #23 type.registry] 
New type domain.Factura

[2025-05-01 18:58:46 #24 type] 
Type domain.Factura is not enhanced.

------------------------------------------------------------------------------------------------------------------------

[2025-05-01 19:00:45 #1 store] 
Database 'C:\Users\Shirley\git\repository\polideportivo\Rides24\src\main\resources\rides.temp' is opened by 11564@LAPTOP-9IP7ANLF

[2025-05-01 19:00:45 #2 type.registry] 
New type domain.Driver

[2025-05-01 19:00:45 #3 type] 
Type domain.Driver is not enhanced.

[2025-05-01 19:00:45 #4 type.registry] 
New type domain.Ride

[2025-05-01 19:00:45 #5 type] 
Type domain.Ride is not enhanced.

[2025-05-01 19:00:45 #6 type.registry] 
New type domain.Socio

[2025-05-01 19:00:45 #7 type] 
Type domain.Socio is not enhanced.

[2025-05-01 19:00:45 #8 type.registry] 
New type domain.Sala

[2025-05-01 19:00:45 #9 type] 
Type domain.Sala is not enhanced.

[2025-05-01 19:00:45 #10 type.registry] 
New type domain.Sesion

[2025-05-01 19:00:45 #11 type] 
Type domain.Sesion is not enhanced.

[2025-05-01 19:00:45 #12 type.registry] 
New type domain.Reserva

[2025-05-01 19:00:45 #13 type.registry] 
New type domain.Actividad

[2025-05-01 19:00:45 #14 type] 
Type domain.Reserva is not enhanced.

[2025-05-01 19:00:45 #15 type] 
Type domain.Actividad is not enhanced.

[2025-05-01 19:00:45 #16 type.registry] 
New type domain.Encargado

[2025-05-01 19:00:45 #17 type] 
Type domain.Encargado is not enhanced.

[2025-05-01 19:00:45 #18 type.registry] 
New type java.util.Vector<java.lang.Object>

[2025-05-01 19:00:45 #19 type.registry] 
New type java.util.Vector<domain.Ride>

[2025-05-01 19:00:45 #20 type.registry] 
New type java.util.ArrayList<java.lang.Object>

[2025-05-01 19:00:45 #21 type.registry] 
New type java.util.ArrayList<domain.Sesion>

[2025-05-01 19:00:45 #22 type.registry] 
New type java.util.ArrayList<domain.Reserva>

[2025-05-01 19:01:28 #23 type.registry] 
New type domain.Factura

[2025-05-01 19:01:28 #24 type] 
Type domain.Factura is not enhanced.

------------------------------------------------------------------------------------------------------------------------

[2025-05-01 19:02:56 #1 store] 
Database 'C:\Users\Shirley\git\repository\polideportivo\Rides24\src\main\resources\rides.temp' is opened by 1624@LAPTOP-9IP7ANLF

[2025-05-01 19:02:56 #2 type.registry] 
New type domain.Driver

[2025-05-01 19:02:56 #3 type] 
Type domain.Driver is not enhanced.

[2025-05-01 19:02:56 #4 type.registry] 
New type domain.Ride

[2025-05-01 19:02:56 #5 type] 
Type domain.Ride is not enhanced.

[2025-05-01 19:02:56 #6 type.registry] 
New type domain.Socio

[2025-05-01 19:02:56 #7 type] 
Type domain.Socio is not enhanced.

[2025-05-01 19:02:56 #8 type.registry] 
New type domain.Sala

[2025-05-01 19:02:56 #9 type] 
Type domain.Sala is not enhanced.

[2025-05-01 19:02:56 #10 type.registry] 
New type domain.Sesion

[2025-05-01 19:02:56 #11 type] 
Type domain.Sesion is not enhanced.

[2025-05-01 19:02:56 #12 type.registry] 
New type domain.Reserva

[2025-05-01 19:02:56 #13 type.registry] 
New type domain.Actividad

[2025-05-01 19:02:56 #14 type] 
Type domain.Reserva is not enhanced.

[2025-05-01 19:02:56 #15 type] 
Type domain.Actividad is not enhanced.

[2025-05-01 19:02:56 #16 type.registry] 
New type domain.Encargado

[2025-05-01 19:02:56 #17 type] 
Type domain.Encargado is not enhanced.

[2025-05-01 19:02:56 #18 type.registry] 
New type java.util.Vector<java.lang.Object>

[2025-05-01 19:02:56 #19 type.registry] 
New type java.util.Vector<domain.Ride>

[2025-05-01 19:02:56 #20 type.registry] 
New type java.util.ArrayList<java.lang.Object>

[2025-05-01 19:02:56 #21 type.registry] 
New type java.util.ArrayList<domain.Sesion>

[2025-05-01 19:02:56 #22 type.registry] 
New type java.util.ArrayList<domain.Reserva>

[2025-05-01 19:03:08 #23 type.registry] 
New type domain.Factura

[2025-05-01 19:03:08 #24 type] 
Type domain.Factura is not enhanced.

------------------------------------------------------------------------------------------------------------------------

[2025-05-01 19:03:42 #1 store] 
Database 'C:\Users\Shirley\git\repository\polideportivo\Rides24\src\main\resources\rides.temp' is opened by 156@LAPTOP-9IP7ANLF

[2025-05-01 19:03:43 #2 type.registry] 
New type domain.Driver

[2025-05-01 19:03:43 #3 type] 
Type domain.Driver is not enhanced.

[2025-05-01 19:03:43 #4 type.registry] 
New type domain.Ride

[2025-05-01 19:03:43 #5 type] 
Type domain.Ride is not enhanced.

[2025-05-01 19:03:43 #6 type.registry] 
New type domain.Socio

[2025-05-01 19:03:43 #7 type] 
Type domain.Socio is not enhanced.

[2025-05-01 19:03:43 #8 type.registry] 
New type domain.Sala

[2025-05-01 19:03:43 #9 type] 
Type domain.Sala is not enhanced.

[2025-05-01 19:03:43 #10 type.registry] 
New type domain.Sesion

[2025-05-01 19:03:43 #11 type] 
Type domain.Sesion is not enhanced.

[2025-05-01 19:03:43 #12 type.registry] 
New type domain.Reserva

[2025-05-01 19:03:43 #13 type.registry] 
New type domain.Actividad

[2025-05-01 19:03:43 #14 type] 
Type domain.Reserva is not enhanced.

[2025-05-01 19:03:43 #15 type] 
Type domain.Actividad is not enhanced.

[2025-05-01 19:03:43 #16 type.registry] 
New type domain.Encargado

[2025-05-01 19:03:43 #17 type] 
Type domain.Encargado is not enhanced.

[2025-05-01 19:03:43 #18 type.registry] 
New type java.util.Vector<java.lang.Object>

[2025-05-01 19:03:43 #19 type.registry] 
New type java.util.Vector<domain.Ride>

[2025-05-01 19:03:43 #20 type.registry] 
New type java.util.ArrayList<java.lang.Object>

[2025-05-01 19:03:43 #21 type.registry] 
New type java.util.ArrayList<domain.Sesion>

[2025-05-01 19:03:43 #22 type.registry] 
New type java.util.ArrayList<domain.Reserva>

[2025-05-01 19:03:57 #23 type.registry] 
New type domain.Factura

[2025-05-01 19:03:57 #24 type] 
Type domain.Factura is not enhanced.

------------------------------------------------------------------------------------------------------------------------

[2025-05-01 19:10:26 #1 store] 
Database 'C:\Users\Shirley\git\repository\polideportivo\Rides24\src\main\resources\rides.temp' is opened by 4920@LAPTOP-9IP7ANLF

[2025-05-01 19:10:26 #2 type.registry] 
New type domain.Driver

[2025-05-01 19:10:26 #3 type] 
Type domain.Driver is not enhanced.

[2025-05-01 19:10:26 #4 type.registry] 
New type domain.Ride

[2025-05-01 19:10:26 #5 type] 
Type domain.Ride is not enhanced.

[2025-05-01 19:10:26 #6 type.registry] 
New type domain.Socio

[2025-05-01 19:10:26 #7 type] 
Type domain.Socio is not enhanced.

[2025-05-01 19:10:26 #8 type.registry] 
New type domain.Sala

[2025-05-01 19:10:26 #9 type] 
Type domain.Sala is not enhanced.

[2025-05-01 19:10:26 #10 type.registry] 
New type domain.Sesion

[2025-05-01 19:10:26 #11 type] 
Type domain.Sesion is not enhanced.

[2025-05-01 19:10:26 #12 type.registry] 
New type domain.Reserva

[2025-05-01 19:10:26 #13 type.registry] 
New type domain.Actividad

[2025-05-01 19:10:26 #14 type] 
Type domain.Reserva is not enhanced.

[2025-05-01 19:10:26 #15 type] 
Type domain.Actividad is not enhanced.

[2025-05-01 19:10:26 #16 type.registry] 
New type domain.Encargado

[2025-05-01 19:10:26 #17 type] 
Type domain.Encargado is not enhanced.

[2025-05-01 19:10:26 #18 type.registry] 
New type java.util.Vector<java.lang.Object>

[2025-05-01 19:10:26 #19 type.registry] 
New type java.util.Vector<domain.Ride>

[2025-05-01 19:10:26 #20 type.registry] 
New type java.util.ArrayList<java.lang.Object>

[2025-05-01 19:10:26 #21 type.registry] 
New type java.util.ArrayList<domain.Sesion>

[2025-05-01 19:10:26 #22 type.registry] 
New type java.util.ArrayList<domain.Reserva>

[2025-05-01 19:10:44 #23 type.registry] 
New type domain.Factura

[2025-05-01 19:10:44 #24 type] 
Type domain.Factura is not enhanced.

------------------------------------------------------------------------------------------------------------------------

[2025-05-01 19:11:46 #1 store] 
Database 'C:\Users\Shirley\git\repository\polideportivo\Rides24\src\main\resources\rides.temp' is opened by 20216@LAPTOP-9IP7ANLF

[2025-05-01 19:11:46 #2 type.registry] 
New type domain.Driver

[2025-05-01 19:11:46 #3 type] 
Type domain.Driver is not enhanced.

[2025-05-01 19:11:46 #4 type.registry] 
New type domain.Ride

[2025-05-01 19:11:46 #5 type] 
Type domain.Ride is not enhanced.

[2025-05-01 19:11:46 #6 type.registry] 
New type domain.Socio

[2025-05-01 19:11:46 #7 type] 
Type domain.Socio is not enhanced.

[2025-05-01 19:11:46 #8 type.registry] 
New type domain.Sala

[2025-05-01 19:11:46 #9 type] 
Type domain.Sala is not enhanced.

[2025-05-01 19:11:46 #10 type.registry] 
New type domain.Sesion

[2025-05-01 19:11:46 #11 type] 
Type domain.Sesion is not enhanced.

[2025-05-01 19:11:46 #12 type.registry] 
New type domain.Reserva

[2025-05-01 19:11:46 #13 type.registry] 
New type domain.Actividad

[2025-05-01 19:11:46 #14 type] 
Type domain.Reserva is not enhanced.

[2025-05-01 19:11:46 #15 type] 
Type domain.Actividad is not enhanced.

[2025-05-01 19:11:46 #16 type.registry] 
New type domain.Encargado

[2025-05-01 19:11:46 #17 type] 
Type domain.Encargado is not enhanced.

[2025-05-01 19:11:46 #18 type.registry] 
New type java.util.Vector<java.lang.Object>

[2025-05-01 19:11:46 #19 type.registry] 
New type java.util.Vector<domain.Ride>

[2025-05-01 19:11:46 #20 type.registry] 
New type java.util.ArrayList<java.lang.Object>

[2025-05-01 19:11:46 #21 type.registry] 
New type java.util.ArrayList<domain.Sesion>

[2025-05-01 19:11:46 #22 type.registry] 
New type java.util.ArrayList<domain.Reserva>

[2025-05-01 19:12:12 #23 type.registry] 
New type domain.Factura

[2025-05-01 19:12:12 #24 type] 
Type domain.Factura is not enhanced.

------------------------------------------------------------------------------------------------------------------------

[2025-05-01 22:31:50 #1 store] 
Database 'C:\Users\Shirley\git\repository\polideportivo\Rides24\src\main\resources\rides.temp' is opened by 3816@LAPTOP-9IP7ANLF

[2025-05-01 22:31:50 #2 type.registry] 
New type domain.Driver

[2025-05-01 22:31:50 #3 type] 
Type domain.Driver is not enhanced.

[2025-05-01 22:31:50 #4 type.registry] 
New type domain.Ride

[2025-05-01 22:31:50 #5 type] 
Type domain.Ride is not enhanced.

[2025-05-01 22:31:50 #6 type.registry] 
New type domain.Socio

[2025-05-01 22:31:50 #7 type] 
Type domain.Socio is not enhanced.

[2025-05-01 22:31:50 #8 type.registry] 
New type domain.Sala

[2025-05-01 22:31:50 #9 type] 
Type domain.Sala is not enhanced.

[2025-05-01 22:31:50 #10 type.registry] 
New type domain.Sesion

[2025-05-01 22:31:50 #11 type] 
Type domain.Sesion is not enhanced.

[2025-05-01 22:31:50 #12 type.registry] 
New type domain.Reserva

[2025-05-01 22:31:50 #13 type.registry] 
New type domain.Actividad

[2025-05-01 22:31:50 #14 type] 
Type domain.Reserva is not enhanced.

[2025-05-01 22:31:50 #15 type] 
Type domain.Actividad is not enhanced.

[2025-05-01 22:31:50 #16 type.registry] 
New type domain.Encargado

[2025-05-01 22:31:50 #17 type] 
Type domain.Encargado is not enhanced.

[2025-05-01 22:31:50 #18 type.registry] 
New type java.util.Vector<java.lang.Object>

[2025-05-01 22:31:50 #19 type.registry] 
New type java.util.Vector<domain.Ride>

[2025-05-01 22:31:50 #20 type.registry] 
New type java.util.ArrayList<java.lang.Object>

[2025-05-01 22:31:50 #21 type.registry] 
New type java.util.ArrayList<domain.Sesion>

[2025-05-01 22:31:50 #22 type.registry] 
New type java.util.ArrayList<domain.Reserva>

[2025-05-01 22:32:15 #23 type.registry] 
New type domain.Factura

[2025-05-01 22:32:15 #24 type] 
Type domain.Factura is not enhanced.

------------------------------------------------------------------------------------------------------------------------

[2025-05-01 22:33:46 #1 store] 
Database 'C:\Users\Shirley\git\repository\polideportivo\Rides24\src\main\resources\rides.temp' is opened by 16868@LAPTOP-9IP7ANLF

[2025-05-01 22:33:46 #2 type.registry] 
New type domain.Driver

[2025-05-01 22:33:46 #3 type] 
Type domain.Driver is not enhanced.

[2025-05-01 22:33:46 #4 type.registry] 
New type domain.Ride

[2025-05-01 22:33:46 #5 type] 
Type domain.Ride is not enhanced.

[2025-05-01 22:33:46 #6 type.registry] 
New type domain.Socio

[2025-05-01 22:33:46 #7 type] 
Type domain.Socio is not enhanced.

[2025-05-01 22:33:46 #8 type.registry] 
New type domain.Sala

[2025-05-01 22:33:46 #9 type] 
Type domain.Sala is not enhanced.

[2025-05-01 22:33:46 #10 type.registry] 
New type domain.Sesion

[2025-05-01 22:33:46 #11 type] 
Type domain.Sesion is not enhanced.

[2025-05-01 22:33:46 #12 type.registry] 
New type domain.Reserva

[2025-05-01 22:33:46 #13 type.registry] 
New type domain.Actividad

[2025-05-01 22:33:46 #14 type] 
Type domain.Reserva is not enhanced.

[2025-05-01 22:33:46 #15 type] 
Type domain.Actividad is not enhanced.

[2025-05-01 22:33:46 #16 type.registry] 
New type domain.Encargado

[2025-05-01 22:33:46 #17 type] 
Type domain.Encargado is not enhanced.

[2025-05-01 22:33:46 #18 type.registry] 
New type java.util.Vector<java.lang.Object>

[2025-05-01 22:33:46 #19 type.registry] 
New type java.util.Vector<domain.Ride>

[2025-05-01 22:33:46 #20 type.registry] 
New type java.util.ArrayList<java.lang.Object>

[2025-05-01 22:33:46 #21 type.registry] 
New type java.util.ArrayList<domain.Sesion>

[2025-05-01 22:33:46 #22 type.registry] 
New type java.util.ArrayList<domain.Reserva>

[2025-05-01 22:34:05 #23 type.registry] 
New type domain.Factura

[2025-05-01 22:34:05 #24 type] 
Type domain.Factura is not enhanced.

------------------------------------------------------------------------------------------------------------------------

[2025-05-01 22:36:05 #1 store] 
Database 'C:\Users\Shirley\git\repository\polideportivo\Rides24\src\main\resources\rides.temp' is opened by 13956@LAPTOP-9IP7ANLF

[2025-05-01 22:36:05 #2 type.registry] 
New type domain.Driver

[2025-05-01 22:36:05 #3 type] 
Type domain.Driver is not enhanced.

[2025-05-01 22:36:05 #4 type.registry] 
New type domain.Ride

[2025-05-01 22:36:05 #5 type] 
Type domain.Ride is not enhanced.

[2025-05-01 22:36:05 #6 type.registry] 
New type domain.Socio

[2025-05-01 22:36:05 #7 type] 
Type domain.Socio is not enhanced.

[2025-05-01 22:36:05 #8 type.registry] 
New type domain.Sala

[2025-05-01 22:36:05 #9 type] 
Type domain.Sala is not enhanced.

[2025-05-01 22:36:05 #10 type.registry] 
New type domain.Sesion

[2025-05-01 22:36:05 #11 type] 
Type domain.Sesion is not enhanced.

[2025-05-01 22:36:05 #12 type.registry] 
New type domain.Reserva

[2025-05-01 22:36:05 #13 type.registry] 
New type domain.Actividad

[2025-05-01 22:36:05 #14 type] 
Type domain.Reserva is not enhanced.

[2025-05-01 22:36:05 #15 type] 
Type domain.Actividad is not enhanced.

[2025-05-01 22:36:05 #16 type.registry] 
New type domain.Encargado

[2025-05-01 22:36:05 #17 type] 
Type domain.Encargado is not enhanced.

[2025-05-01 22:36:05 #18 type.registry] 
New type java.util.Vector<java.lang.Object>

[2025-05-01 22:36:05 #19 type.registry] 
New type java.util.Vector<domain.Ride>

[2025-05-01 22:36:05 #20 type.registry] 
New type java.util.ArrayList<java.lang.Object>

[2025-05-01 22:36:05 #21 type.registry] 
New type java.util.ArrayList<domain.Sesion>

[2025-05-01 22:36:05 #22 type.registry] 
New type java.util.ArrayList<domain.Reserva>

[2025-05-01 22:36:15 #23 type.registry] 
New type domain.Factura

[2025-05-01 22:36:15 #24 type] 
Type domain.Factura is not enhanced.

------------------------------------------------------------------------------------------------------------------------

[2025-05-01 22:41:49 #1 store] 
Database 'C:\Users\Shirley\git\repository\polideportivo\Rides24\src\main\resources\rides.temp' is opened by 19780@LAPTOP-9IP7ANLF

[2025-05-01 22:41:49 #2 type.registry] 
New type domain.Driver

[2025-05-01 22:41:49 #3 type] 
Type domain.Driver is not enhanced.

[2025-05-01 22:41:49 #4 type.registry] 
New type domain.Ride

[2025-05-01 22:41:49 #5 type] 
Type domain.Ride is not enhanced.

[2025-05-01 22:41:49 #6 type.registry] 
New type domain.Socio

[2025-05-01 22:41:49 #7 type] 
Type domain.Socio is not enhanced.

[2025-05-01 22:41:49 #8 type.registry] 
New type domain.Sala

[2025-05-01 22:41:49 #9 type] 
Type domain.Sala is not enhanced.

[2025-05-01 22:41:49 #10 type.registry] 
New type domain.Sesion

[2025-05-01 22:41:49 #11 type] 
Type domain.Sesion is not enhanced.

[2025-05-01 22:41:49 #12 type.registry] 
New type domain.Reserva

[2025-05-01 22:41:49 #13 type.registry] 
New type domain.Actividad

[2025-05-01 22:41:49 #14 type] 
Type domain.Reserva is not enhanced.

[2025-05-01 22:41:49 #15 type] 
Type domain.Actividad is not enhanced.

[2025-05-01 22:41:49 #16 type.registry] 
New type domain.Encargado

[2025-05-01 22:41:49 #17 type] 
Type domain.Encargado is not enhanced.

[2025-05-01 22:41:49 #18 type.registry] 
New type java.util.Vector<java.lang.Object>

[2025-05-01 22:41:49 #19 type.registry] 
New type java.util.Vector<domain.Ride>

[2025-05-01 22:41:49 #20 type.registry] 
New type java.util.ArrayList<java.lang.Object>

[2025-05-01 22:41:49 #21 type.registry] 
New type java.util.ArrayList<domain.Sesion>

[2025-05-01 22:41:49 #22 type.registry] 
New type java.util.ArrayList<domain.Reserva>

------------------------------------------------------------------------------------------------------------------------

[2025-05-01 22:45:21 #1 store] 
Database 'C:\Users\Shirley\git\repository\polideportivo\Rides24\src\main\resources\rides.temp' is opened by 17200@LAPTOP-9IP7ANLF

[2025-05-01 22:45:21 #2 type.registry] 
New type domain.Driver

[2025-05-01 22:45:21 #3 type] 
Type domain.Driver is not enhanced.

[2025-05-01 22:45:21 #4 type.registry] 
New type domain.Ride

[2025-05-01 22:45:21 #5 type] 
Type domain.Ride is not enhanced.

[2025-05-01 22:45:21 #6 type.registry] 
New type domain.Socio

[2025-05-01 22:45:21 #7 type] 
Type domain.Socio is not enhanced.

[2025-05-01 22:45:21 #8 type.registry] 
New type domain.Sala

[2025-05-01 22:45:21 #9 type] 
Type domain.Sala is not enhanced.

[2025-05-01 22:45:21 #10 type.registry] 
New type domain.Sesion

[2025-05-01 22:45:21 #11 type] 
Type domain.Sesion is not enhanced.

[2025-05-01 22:45:21 #12 type.registry] 
New type domain.Reserva

[2025-05-01 22:45:21 #13 type.registry] 
New type domain.Actividad

[2025-05-01 22:45:21 #14 type] 
Type domain.Reserva is not enhanced.

[2025-05-01 22:45:21 #15 type] 
Type domain.Actividad is not enhanced.

[2025-05-01 22:45:21 #16 type.registry] 
New type domain.Encargado

[2025-05-01 22:45:21 #17 type] 
Type domain.Encargado is not enhanced.

[2025-05-01 22:45:21 #18 type.registry] 
New type java.util.Vector<java.lang.Object>

[2025-05-01 22:45:21 #19 type.registry] 
New type java.util.Vector<domain.Ride>

[2025-05-01 22:45:21 #20 type.registry] 
New type java.util.ArrayList<java.lang.Object>

[2025-05-01 22:45:21 #21 type.registry] 
New type java.util.ArrayList<domain.Sesion>

[2025-05-01 22:45:21 #22 type.registry] 
New type java.util.ArrayList<domain.Reserva>

------------------------------------------------------------------------------------------------------------------------

[2025-05-01 22:45:46 #1 store] 
Database 'C:\Users\Shirley\git\repository\polideportivo\Rides24\src\main\resources\rides.temp' is opened by 5076@LAPTOP-9IP7ANLF

[2025-05-01 22:45:46 #2 type.registry] 
New type domain.Driver

[2025-05-01 22:45:46 #3 type] 
Type domain.Driver is not enhanced.

[2025-05-01 22:45:46 #4 type.registry] 
New type domain.Ride

[2025-05-01 22:45:46 #5 type] 
Type domain.Ride is not enhanced.

[2025-05-01 22:45:46 #6 type.registry] 
New type domain.Socio

[2025-05-01 22:45:46 #7 type] 
Type domain.Socio is not enhanced.

[2025-05-01 22:45:46 #8 type.registry] 
New type domain.Sala

[2025-05-01 22:45:46 #9 type] 
Type domain.Sala is not enhanced.

[2025-05-01 22:45:46 #10 type.registry] 
New type domain.Sesion

[2025-05-01 22:45:46 #11 type] 
Type domain.Sesion is not enhanced.

[2025-05-01 22:45:46 #12 type.registry] 
New type domain.Reserva

[2025-05-01 22:45:46 #13 type.registry] 
New type domain.Actividad

[2025-05-01 22:45:46 #14 type] 
Type domain.Reserva is not enhanced.

[2025-05-01 22:45:46 #15 type] 
Type domain.Actividad is not enhanced.

[2025-05-01 22:45:46 #16 type.registry] 
New type domain.Encargado

[2025-05-01 22:45:46 #17 type] 
Type domain.Encargado is not enhanced.

[2025-05-01 22:45:46 #18 type.registry] 
New type java.util.Vector<java.lang.Object>

[2025-05-01 22:45:46 #19 type.registry] 
New type java.util.Vector<domain.Ride>

[2025-05-01 22:45:46 #20 type.registry] 
New type java.util.ArrayList<java.lang.Object>

[2025-05-01 22:45:46 #21 type.registry] 
New type java.util.ArrayList<domain.Sesion>

[2025-05-01 22:45:46 #22 type.registry] 
New type java.util.ArrayList<domain.Reserva>

[2025-05-01 22:47:31 #23 type.registry] 
New type domain.Factura

[2025-05-01 22:47:31 #24 type] 
Type domain.Factura is not enhanced.

------------------------------------------------------------------------------------------------------------------------

[2025-05-01 22:51:31 #1 store] 
Database 'C:\Users\Shirley\git\repository\polideportivo\Rides24\src\main\resources\rides.temp' is opened by 19740@LAPTOP-9IP7ANLF

[2025-05-01 22:51:32 #2 type.registry] 
New type domain.Driver

[2025-05-01 22:51:32 #3 type] 
Type domain.Driver is not enhanced.

[2025-05-01 22:51:32 #4 type.registry] 
New type domain.Ride

[2025-05-01 22:51:32 #5 type] 
Type domain.Ride is not enhanced.

[2025-05-01 22:51:32 #6 type.registry] 
New type domain.Socio

[2025-05-01 22:51:32 #7 type] 
Type domain.Socio is not enhanced.

[2025-05-01 22:51:32 #8 type.registry] 
New type domain.Sala

[2025-05-01 22:51:32 #9 type] 
Type domain.Sala is not enhanced.

[2025-05-01 22:51:32 #10 type.registry] 
New type domain.Sesion

[2025-05-01 22:51:32 #11 type] 
Type domain.Sesion is not enhanced.

[2025-05-01 22:51:32 #12 type.registry] 
New type domain.Reserva

[2025-05-01 22:51:32 #13 type.registry] 
New type domain.Actividad

[2025-05-01 22:51:32 #14 type] 
Type domain.Reserva is not enhanced.

[2025-05-01 22:51:32 #15 type] 
Type domain.Actividad is not enhanced.

[2025-05-01 22:51:32 #16 type.registry] 
New type domain.Encargado

[2025-05-01 22:51:32 #17 type] 
Type domain.Encargado is not enhanced.

[2025-05-01 22:51:32 #18 type.registry] 
New type java.util.Vector<java.lang.Object>

[2025-05-01 22:51:32 #19 type.registry] 
New type java.util.Vector<domain.Ride>

[2025-05-01 22:51:32 #20 type.registry] 
New type java.util.ArrayList<java.lang.Object>

[2025-05-01 22:51:32 #21 type.registry] 
New type java.util.ArrayList<domain.Sesion>

[2025-05-01 22:51:32 #22 type.registry] 
New type java.util.ArrayList<domain.Reserva>

[2025-05-01 22:52:26 #23 type.registry] 
New type domain.Factura

[2025-05-01 22:52:26 #24 type] 
Type domain.Factura is not enhanced.

------------------------------------------------------------------------------------------------------------------------

[2025-05-01 23:38:38 #1 store] 
Database 'C:\Users\Shirley\git\repository\polideportivo\Rides24\src\main\resources\rides.temp' is opened by 10200@LAPTOP-9IP7ANLF

[2025-05-01 23:38:39 #2 type.registry] 
New type domain.Driver

[2025-05-01 23:38:39 #3 type] 
Type domain.Driver is not enhanced.

[2025-05-01 23:38:39 #4 type.registry] 
New type domain.Ride

[2025-05-01 23:38:39 #5 type] 
Type domain.Ride is not enhanced.

[2025-05-01 23:38:39 #6 type.registry] 
New type domain.Socio

[2025-05-01 23:38:39 #7 type] 
Type domain.Socio is not enhanced.

[2025-05-01 23:38:39 #8 type.registry] 
New type domain.Sala

[2025-05-01 23:38:39 #9 type] 
Type domain.Sala is not enhanced.

[2025-05-01 23:38:39 #10 type.registry] 
New type domain.Sesion

[2025-05-01 23:38:39 #11 type] 
Type domain.Sesion is not enhanced.

[2025-05-01 23:38:39 #12 type.registry] 
New type domain.Reserva

[2025-05-01 23:38:39 #13 type.registry] 
New type domain.Actividad

[2025-05-01 23:38:39 #14 type] 
Type domain.Reserva is not enhanced.

[2025-05-01 23:38:39 #15 type] 
Type domain.Actividad is not enhanced.

[2025-05-01 23:38:39 #16 type.registry] 
New type domain.Encargado

[2025-05-01 23:38:39 #17 type] 
Type domain.Encargado is not enhanced.

[2025-05-01 23:38:39 #18 type.registry] 
New type java.util.Vector<java.lang.Object>

[2025-05-01 23:38:39 #19 type.registry] 
New type java.util.Vector<domain.Ride>

[2025-05-01 23:38:39 #20 type.registry] 
New type java.util.ArrayList<java.lang.Object>

[2025-05-01 23:38:39 #21 type.registry] 
New type java.util.ArrayList<domain.Sesion>

[2025-05-01 23:38:39 #22 type.registry] 
New type java.util.ArrayList<domain.Reserva>

[2025-05-01 23:39:04 #23 type.registry] 
New type domain.Factura

[2025-05-01 23:39:04 #24 type] 
Type domain.Factura is not enhanced.

------------------------------------------------------------------------------------------------------------------------

[2025-05-01 23:39:59 #1 store] 
Database 'C:\Users\Shirley\git\repository\polideportivo\Rides24\src\main\resources\rides.temp' is opened by 11536@LAPTOP-9IP7ANLF

[2025-05-01 23:39:59 #2 type.registry] 
New type domain.Driver

[2025-05-01 23:39:59 #3 type] 
Type domain.Driver is not enhanced.

[2025-05-01 23:39:59 #4 type.registry] 
New type domain.Ride

[2025-05-01 23:39:59 #5 type] 
Type domain.Ride is not enhanced.

[2025-05-01 23:39:59 #6 type.registry] 
New type domain.Socio

[2025-05-01 23:39:59 #7 type] 
Type domain.Socio is not enhanced.

[2025-05-01 23:39:59 #8 type.registry] 
New type domain.Sala

[2025-05-01 23:39:59 #9 type] 
Type domain.Sala is not enhanced.

[2025-05-01 23:39:59 #10 type.registry] 
New type domain.Sesion

[2025-05-01 23:39:59 #11 type] 
Type domain.Sesion is not enhanced.

[2025-05-01 23:39:59 #12 type.registry] 
New type domain.Reserva

[2025-05-01 23:39:59 #13 type.registry] 
New type domain.Actividad

[2025-05-01 23:39:59 #14 type] 
Type domain.Reserva is not enhanced.

[2025-05-01 23:39:59 #15 type] 
Type domain.Actividad is not enhanced.

[2025-05-01 23:39:59 #16 type.registry] 
New type domain.Encargado

[2025-05-01 23:39:59 #17 type] 
Type domain.Encargado is not enhanced.

[2025-05-01 23:39:59 #18 type.registry] 
New type java.util.Vector<java.lang.Object>

[2025-05-01 23:39:59 #19 type.registry] 
New type java.util.Vector<domain.Ride>

[2025-05-01 23:39:59 #20 type.registry] 
New type java.util.ArrayList<java.lang.Object>

[2025-05-01 23:39:59 #21 type.registry] 
New type java.util.ArrayList<domain.Sesion>

[2025-05-01 23:39:59 #22 type.registry] 
New type java.util.ArrayList<domain.Reserva>

[2025-05-01 23:40:10 #23 type.registry] 
New type domain.Factura

[2025-05-01 23:40:10 #24 type] 
Type domain.Factura is not enhanced.

------------------------------------------------------------------------------------------------------------------------

[2025-05-01 23:42:36 #1 store] 
Database 'C:\Users\Shirley\git\repository\polideportivo\Rides24\src\main\resources\rides.temp' is opened by 11604@LAPTOP-9IP7ANLF

[2025-05-01 23:42:36 #2 type.registry] 
New type domain.Driver

[2025-05-01 23:42:36 #3 type] 
Type domain.Driver is not enhanced.

[2025-05-01 23:42:36 #4 type.registry] 
New type domain.Ride

[2025-05-01 23:42:36 #5 type] 
Type domain.Ride is not enhanced.

[2025-05-01 23:42:36 #6 type.registry] 
New type domain.Socio

[2025-05-01 23:42:36 #7 type] 
Type domain.Socio is not enhanced.

[2025-05-01 23:42:36 #8 type.registry] 
New type domain.Sala

[2025-05-01 23:42:36 #9 type] 
Type domain.Sala is not enhanced.

[2025-05-01 23:42:36 #10 type.registry] 
New type domain.Sesion

[2025-05-01 23:42:36 #11 type] 
Type domain.Sesion is not enhanced.

[2025-05-01 23:42:36 #12 type.registry] 
New type domain.Reserva

[2025-05-01 23:42:36 #13 type.registry] 
New type domain.Actividad

[2025-05-01 23:42:36 #14 type] 
Type domain.Reserva is not enhanced.

[2025-05-01 23:42:36 #15 type] 
Type domain.Actividad is not enhanced.

[2025-05-01 23:42:36 #16 type.registry] 
New type domain.Encargado

[2025-05-01 23:42:36 #17 type] 
Type domain.Encargado is not enhanced.

[2025-05-01 23:42:36 #18 type.registry] 
New type java.util.Vector<java.lang.Object>

[2025-05-01 23:42:36 #19 type.registry] 
New type java.util.Vector<domain.Ride>

[2025-05-01 23:42:36 #20 type.registry] 
New type java.util.ArrayList<java.lang.Object>

[2025-05-01 23:42:36 #21 type.registry] 
New type java.util.ArrayList<domain.Sesion>

[2025-05-01 23:42:36 #22 type.registry] 
New type java.util.ArrayList<domain.Reserva>

[2025-05-01 23:42:52 #23 type.registry] 
New type domain.Factura

[2025-05-01 23:42:52 #24 type] 
Type domain.Factura is not enhanced.

------------------------------------------------------------------------------------------------------------------------

[2025-05-01 23:43:43 #1 store] 
Database 'C:\Users\Shirley\git\repository\polideportivo\Rides24\src\main\resources\rides.temp' is opened by 12616@LAPTOP-9IP7ANLF

[2025-05-01 23:43:43 #2 type.registry] 
New type domain.Driver

[2025-05-01 23:43:43 #3 type] 
Type domain.Driver is not enhanced.

[2025-05-01 23:43:43 #4 type.registry] 
New type domain.Ride

[2025-05-01 23:43:43 #5 type] 
Type domain.Ride is not enhanced.

[2025-05-01 23:43:43 #6 type.registry] 
New type domain.Socio

[2025-05-01 23:43:43 #7 type] 
Type domain.Socio is not enhanced.

[2025-05-01 23:43:43 #8 type.registry] 
New type domain.Sala

[2025-05-01 23:43:43 #9 type] 
Type domain.Sala is not enhanced.

[2025-05-01 23:43:43 #10 type.registry] 
New type domain.Sesion

[2025-05-01 23:43:43 #11 type] 
Type domain.Sesion is not enhanced.

[2025-05-01 23:43:43 #12 type.registry] 
New type domain.Reserva

[2025-05-01 23:43:43 #13 type.registry] 
New type domain.Actividad

[2025-05-01 23:43:43 #14 type] 
Type domain.Reserva is not enhanced.

[2025-05-01 23:43:43 #15 type] 
Type domain.Actividad is not enhanced.

[2025-05-01 23:43:43 #16 type.registry] 
New type domain.Encargado

[2025-05-01 23:43:43 #17 type] 
Type domain.Encargado is not enhanced.

[2025-05-01 23:43:43 #18 type.registry] 
New type java.util.Vector<java.lang.Object>

[2025-05-01 23:43:43 #19 type.registry] 
New type java.util.Vector<domain.Ride>

[2025-05-01 23:43:43 #20 type.registry] 
New type java.util.ArrayList<java.lang.Object>

[2025-05-01 23:43:43 #21 type.registry] 
New type java.util.ArrayList<domain.Sesion>

[2025-05-01 23:43:43 #22 type.registry] 
New type java.util.ArrayList<domain.Reserva>

[2025-05-01 23:43:59 #23 type.registry] 
New type domain.Factura

[2025-05-01 23:43:59 #24 type] 
Type domain.Factura is not enhanced.

------------------------------------------------------------------------------------------------------------------------

[2025-05-01 23:48:12 #1 store] 
Database 'C:\Users\Shirley\git\repository\polideportivo\Rides24\src\main\resources\rides.temp' is opened by 5572@LAPTOP-9IP7ANLF

[2025-05-01 23:48:12 #2 type.registry] 
New type domain.Driver

[2025-05-01 23:48:12 #3 type] 
Type domain.Driver is not enhanced.

[2025-05-01 23:48:12 #4 type.registry] 
New type domain.Ride

[2025-05-01 23:48:12 #5 type] 
Type domain.Ride is not enhanced.

[2025-05-01 23:48:12 #6 type.registry] 
New type domain.Socio

[2025-05-01 23:48:12 #7 type] 
Type domain.Socio is not enhanced.

[2025-05-01 23:48:12 #8 type.registry] 
New type domain.Sala

[2025-05-01 23:48:12 #9 type] 
Type domain.Sala is not enhanced.

[2025-05-01 23:48:12 #10 type.registry] 
New type domain.Sesion

[2025-05-01 23:48:12 #11 type] 
Type domain.Sesion is not enhanced.

[2025-05-01 23:48:12 #12 type.registry] 
New type domain.Reserva

[2025-05-01 23:48:12 #13 type.registry] 
New type domain.Actividad

[2025-05-01 23:48:12 #14 type] 
Type domain.Reserva is not enhanced.

[2025-05-01 23:48:12 #15 type] 
Type domain.Actividad is not enhanced.

[2025-05-01 23:48:12 #16 type.registry] 
New type domain.Encargado

[2025-05-01 23:48:12 #17 type] 
Type domain.Encargado is not enhanced.

[2025-05-01 23:48:12 #18 type.registry] 
New type java.util.Vector<java.lang.Object>

[2025-05-01 23:48:12 #19 type.registry] 
New type java.util.Vector<domain.Ride>

[2025-05-01 23:48:12 #20 type.registry] 
New type java.util.ArrayList<java.lang.Object>

[2025-05-01 23:48:12 #21 type.registry] 
New type java.util.ArrayList<domain.Sesion>

[2025-05-01 23:48:12 #22 type.registry] 
New type java.util.ArrayList<domain.Reserva>

[2025-05-01 23:48:37 #23 type.registry] 
New type domain.Factura

[2025-05-01 23:48:37 #24 type] 
Type domain.Factura is not enhanced.

------------------------------------------------------------------------------------------------------------------------

[2025-05-01 23:49:39 #1 store] 
Database 'C:\Users\Shirley\git\repository\polideportivo\Rides24\src\main\resources\rides.temp' is opened by 4556@LAPTOP-9IP7ANLF

[2025-05-01 23:49:39 #2 type.registry] 
New type domain.Driver

[2025-05-01 23:49:39 #3 type] 
Type domain.Driver is not enhanced.

[2025-05-01 23:49:39 #4 type.registry] 
New type domain.Ride

[2025-05-01 23:49:39 #5 type] 
Type domain.Ride is not enhanced.

[2025-05-01 23:49:39 #6 type.registry] 
New type domain.Socio

[2025-05-01 23:49:39 #7 type] 
Type domain.Socio is not enhanced.

[2025-05-01 23:49:39 #8 type.registry] 
New type domain.Sala

[2025-05-01 23:49:39 #9 type] 
Type domain.Sala is not enhanced.

[2025-05-01 23:49:39 #10 type.registry] 
New type domain.Sesion

[2025-05-01 23:49:39 #11 type] 
Type domain.Sesion is not enhanced.

[2025-05-01 23:49:39 #12 type.registry] 
New type domain.Reserva

[2025-05-01 23:49:39 #13 type.registry] 
New type domain.Actividad

[2025-05-01 23:49:39 #14 type] 
Type domain.Reserva is not enhanced.

[2025-05-01 23:49:39 #15 type] 
Type domain.Actividad is not enhanced.

[2025-05-01 23:49:39 #16 type.registry] 
New type domain.Encargado

[2025-05-01 23:49:39 #17 type] 
Type domain.Encargado is not enhanced.

[2025-05-01 23:49:39 #18 type.registry] 
New type java.util.Vector<java.lang.Object>

[2025-05-01 23:49:39 #19 type.registry] 
New type java.util.Vector<domain.Ride>

[2025-05-01 23:49:39 #20 type.registry] 
New type java.util.ArrayList<java.lang.Object>

[2025-05-01 23:49:39 #21 type.registry] 
New type java.util.ArrayList<domain.Sesion>

[2025-05-01 23:49:39 #22 type.registry] 
New type java.util.ArrayList<domain.Reserva>

[2025-05-01 23:49:58 #23 type.registry] 
New type domain.Factura

[2025-05-01 23:49:58 #24 type] 
Type domain.Factura is not enhanced.

