------------------------------------------------------------------------------------------------------------------------

[2025-04-22 01:13:47 #1 store] 
Database 'C:\Users\Shirley\git\repository\polideportivo\Rides24\src\main\resources\rides.temp' is opened by 1536@LAPTOP-9IP7ANLF

[2025-04-22 01:13:48 #2 type.registry] 
New type domain.Driver

[2025-04-22 01:13:48 #3 type] 
Type domain.Driver is not enhanced.

[2025-04-22 01:13:48 #4 type.registry] 
New type domain.Ride

[2025-04-22 01:13:48 #5 type] 
Type domain.Ride is not enhanced.

[2025-04-22 01:13:48 #6 type.registry] 
New type domain.Socio

[2025-04-22 01:13:48 #7 type] 
Type domain.Socio is not enhanced.

[2025-04-22 01:13:48 #8 type.registry] 
New type domain.Sala

[2025-04-22 01:13:48 #9 type] 
Type domain.Sala is not enhanced.

[2025-04-22 01:13:48 #10 type.registry] 
New type domain.Sesion

[2025-04-22 01:13:48 #11 type] 
Type domain.Sesion is not enhanced.

[2025-04-22 01:13:48 #12 type.registry] 
New type domain.Reserva

[2025-04-22 01:13:48 #13 type.registry] 
New type domain.Actividad

[2025-04-22 01:13:48 #14 type] 
Type domain.Reserva is not enhanced.

[2025-04-22 01:13:48 #15 type] 
Type domain.Actividad is not enhanced.

[2025-04-22 01:13:48 #16 type.registry] 
New type java.util.Vector<java.lang.Object>

[2025-04-22 01:13:48 #17 type.registry] 
New type java.util.Vector<domain.Ride>

[2025-04-22 01:13:48 #18 type.registry] 
New type java.util.ArrayList<java.lang.Object>

[2025-04-22 01:13:48 #19 type.registry] 
New type java.util.ArrayList<domain.Sesion>

[2025-04-22 01:13:48 #20 type.registry] 
New type java.util.ArrayList<domain.Reserva>

------------------------------------------------------------------------------------------------------------------------

[2025-04-22 01:17:04 #1 store] 
Database 'C:\Users\Shirley\git\repository\polideportivo\Rides24\src\main\resources\rides.temp' is opened by 23956@LAPTOP-9IP7ANLF

[2025-04-22 01:17:05 #2 type.registry] 
New type domain.Driver

[2025-04-22 01:17:05 #3 type] 
Type domain.Driver is not enhanced.

[2025-04-22 01:17:05 #4 type.registry] 
New type domain.Ride

[2025-04-22 01:17:05 #5 type] 
Type domain.Ride is not enhanced.

[2025-04-22 01:17:05 #6 type.registry] 
New type domain.Socio

[2025-04-22 01:17:05 #7 type] 
Type domain.Socio is not enhanced.

[2025-04-22 01:17:05 #8 type.registry] 
New type domain.Sala

[2025-04-22 01:17:05 #9 type] 
Type domain.Sala is not enhanced.

[2025-04-22 01:17:05 #10 type.registry] 
New type domain.Sesion

[2025-04-22 01:17:05 #11 type] 
Type domain.Sesion is not enhanced.

[2025-04-22 01:17:05 #12 type.registry] 
New type domain.Reserva

[2025-04-22 01:17:05 #13 type.registry] 
New type domain.Actividad

[2025-04-22 01:17:05 #14 type] 
Type domain.Reserva is not enhanced.

[2025-04-22 01:17:05 #15 type] 
Type domain.Actividad is not enhanced.

[2025-04-22 01:17:05 #16 type.registry] 
New type java.util.Vector<java.lang.Object>

[2025-04-22 01:17:05 #17 type.registry] 
New type java.util.Vector<domain.Ride>

[2025-04-22 01:17:05 #18 type.registry] 
New type java.util.ArrayList<java.lang.Object>

[2025-04-22 01:17:05 #19 type.registry] 
New type java.util.ArrayList<domain.Sesion>

[2025-04-22 01:17:05 #20 type.registry] 
New type java.util.ArrayList<domain.Reserva>

------------------------------------------------------------------------------------------------------------------------

[2025-04-22 01:26:07 #1 store] 
Database 'C:\Users\Shirley\git\repository\polideportivo\Rides24\src\main\resources\rides.temp' is opened by 12384@LAPTOP-9IP7ANLF

[2025-04-22 01:26:07 #2 type.registry] 
New type domain.Driver

[2025-04-22 01:26:07 #3 type] 
Type domain.Driver is not enhanced.

[2025-04-22 01:26:07 #4 type.registry] 
New type domain.Ride

[2025-04-22 01:26:07 #5 type] 
Type domain.Ride is not enhanced.

[2025-04-22 01:26:07 #6 type.registry] 
New type domain.Socio

[2025-04-22 01:26:07 #7 type] 
Type domain.Socio is not enhanced.

[2025-04-22 01:26:07 #8 type.registry] 
New type domain.Sala

[2025-04-22 01:26:07 #9 type] 
Type domain.Sala is not enhanced.

[2025-04-22 01:26:07 #10 type.registry] 
New type domain.Sesion

[2025-04-22 01:26:07 #11 type] 
Type domain.Sesion is not enhanced.

[2025-04-22 01:26:07 #12 type.registry] 
New type domain.Reserva

[2025-04-22 01:26:07 #13 type.registry] 
New type domain.Actividad

[2025-04-22 01:26:07 #14 type] 
Type domain.Reserva is not enhanced.

[2025-04-22 01:26:07 #15 type] 
Type domain.Actividad is not enhanced.

[2025-04-22 01:26:07 #16 type.registry] 
New type java.util.Vector<java.lang.Object>

[2025-04-22 01:26:07 #17 type.registry] 
New type java.util.Vector<domain.Ride>

[2025-04-22 01:26:07 #18 type.registry] 
New type java.util.ArrayList<java.lang.Object>

[2025-04-22 01:26:07 #19 type.registry] 
New type java.util.ArrayList<domain.Sesion>

[2025-04-22 01:26:07 #20 type.registry] 
New type java.util.ArrayList<domain.Reserva>

------------------------------------------------------------------------------------------------------------------------

[2025-04-22 01:27:09 #1 store] 
Database 'C:\Users\Shirley\git\repository\polideportivo\Rides24\src\main\resources\rides.temp' is opened by 5652@LAPTOP-9IP7ANLF

[2025-04-22 01:27:09 #2 type.registry] 
New type domain.Driver

[2025-04-22 01:27:09 #3 type] 
Type domain.Driver is not enhanced.

[2025-04-22 01:27:09 #4 type.registry] 
New type domain.Ride

[2025-04-22 01:27:09 #5 type] 
Type domain.Ride is not enhanced.

[2025-04-22 01:27:09 #6 type.registry] 
New type domain.Socio

[2025-04-22 01:27:09 #7 type] 
Type domain.Socio is not enhanced.

[2025-04-22 01:27:09 #8 type.registry] 
New type domain.Sala

[2025-04-22 01:27:09 #9 type] 
Type domain.Sala is not enhanced.

[2025-04-22 01:27:09 #10 type.registry] 
New type domain.Sesion

[2025-04-22 01:27:09 #11 type] 
Type domain.Sesion is not enhanced.

[2025-04-22 01:27:09 #12 type.registry] 
New type domain.Reserva

[2025-04-22 01:27:09 #13 type.registry] 
New type domain.Actividad

[2025-04-22 01:27:09 #14 type] 
Type domain.Reserva is not enhanced.

[2025-04-22 01:27:09 #15 type] 
Type domain.Actividad is not enhanced.

[2025-04-22 01:27:09 #16 type.registry] 
New type java.util.Vector<java.lang.Object>

[2025-04-22 01:27:09 #17 type.registry] 
New type java.util.Vector<domain.Ride>

[2025-04-22 01:27:09 #18 type.registry] 
New type java.util.ArrayList<java.lang.Object>

[2025-04-22 01:27:09 #19 type.registry] 
New type java.util.ArrayList<domain.Sesion>

[2025-04-22 01:27:09 #20 type.registry] 
New type java.util.ArrayList<domain.Reserva>

------------------------------------------------------------------------------------------------------------------------

[2025-04-22 12:04:37 #1 store] 
Database 'C:\Users\Shirley\git\repository\polideportivo\Rides24\src\main\resources\rides.temp' is opened by 9012@LAPTOP-9IP7ANLF

[2025-04-22 12:04:37 #2 type.registry] 
New type domain.Driver

[2025-04-22 12:04:37 #3 type] 
Type domain.Driver is not enhanced.

[2025-04-22 12:04:37 #4 type.registry] 
New type domain.Ride

[2025-04-22 12:04:37 #5 type] 
Type domain.Ride is not enhanced.

[2025-04-22 12:04:37 #6 type.registry] 
New type domain.Socio

[2025-04-22 12:04:37 #7 type] 
Type domain.Socio is not enhanced.

[2025-04-22 12:04:37 #8 type.registry] 
New type domain.Sala

[2025-04-22 12:04:37 #9 type] 
Type domain.Sala is not enhanced.

[2025-04-22 12:04:37 #10 type.registry] 
New type domain.Sesion

[2025-04-22 12:04:37 #11 type] 
Type domain.Sesion is not enhanced.

[2025-04-22 12:04:37 #12 type.registry] 
New type domain.Reserva

[2025-04-22 12:04:37 #13 type.registry] 
New type domain.Actividad

[2025-04-22 12:04:37 #14 type] 
Type domain.Reserva is not enhanced.

[2025-04-22 12:04:37 #15 type] 
Type domain.Actividad is not enhanced.

[2025-04-22 12:04:37 #16 type.registry] 
New type java.util.Vector<java.lang.Object>

[2025-04-22 12:04:37 #17 type.registry] 
New type java.util.Vector<domain.Ride>

[2025-04-22 12:04:37 #18 type.registry] 
New type java.util.ArrayList<java.lang.Object>

[2025-04-22 12:04:37 #19 type.registry] 
New type java.util.ArrayList<domain.Sesion>

[2025-04-22 12:04:37 #20 type.registry] 
New type java.util.ArrayList<domain.Reserva>

------------------------------------------------------------------------------------------------------------------------

[2025-04-22 13:38:46 #1 store] 
Database 'C:\Users\Shirley\git\repository\polideportivo\Rides24\src\main\resources\rides.temp' is opened by 13340@LAPTOP-9IP7ANLF

[2025-04-22 13:38:46 #2 type.registry] 
New type domain.Driver

[2025-04-22 13:38:46 #3 type] 
Type domain.Driver is not enhanced.

[2025-04-22 13:38:46 #4 type.registry] 
New type domain.Ride

[2025-04-22 13:38:46 #5 type] 
Type domain.Ride is not enhanced.

[2025-04-22 13:38:46 #6 type.registry] 
New type domain.Socio

[2025-04-22 13:38:46 #7 type] 
Type domain.Socio is not enhanced.

[2025-04-22 13:38:46 #8 type.registry] 
New type domain.Sala

[2025-04-22 13:38:46 #9 type] 
Type domain.Sala is not enhanced.

[2025-04-22 13:38:46 #10 type.registry] 
New type domain.Sesion

[2025-04-22 13:38:46 #11 type] 
Type domain.Sesion is not enhanced.

[2025-04-22 13:38:46 #12 type.registry] 
New type domain.Reserva

[2025-04-22 13:38:46 #13 type.registry] 
New type domain.Actividad

[2025-04-22 13:38:46 #14 type] 
Type domain.Reserva is not enhanced.

[2025-04-22 13:38:46 #15 type] 
Type domain.Actividad is not enhanced.

[2025-04-22 13:38:46 #16 type.registry] 
New type java.util.Vector<java.lang.Object>

[2025-04-22 13:38:46 #17 type.registry] 
New type java.util.Vector<domain.Ride>

[2025-04-22 13:38:46 #18 type.registry] 
New type java.util.ArrayList<java.lang.Object>

[2025-04-22 13:38:46 #19 type.registry] 
New type java.util.ArrayList<domain.Sesion>

[2025-04-22 13:38:46 #20 type.registry] 
New type java.util.ArrayList<domain.Reserva>

------------------------------------------------------------------------------------------------------------------------

[2025-04-22 17:28:35 #1 store] 
Database 'C:\Users\Shirley\git\repository\polideportivo\Rides24\src\main\resources\rides.temp' is opened by 11676@LAPTOP-9IP7ANLF

[2025-04-22 17:28:35 #2 type.registry] 
New type domain.Driver

[2025-04-22 17:28:35 #3 type] 
Type domain.Driver is not enhanced.

[2025-04-22 17:28:35 #4 type.registry] 
New type domain.Ride

[2025-04-22 17:28:35 #5 type] 
Type domain.Ride is not enhanced.

[2025-04-22 17:28:35 #6 type.registry] 
New type domain.Socio

[2025-04-22 17:28:35 #7 type] 
Type domain.Socio is not enhanced.

[2025-04-22 17:28:35 #8 type.registry] 
New type domain.Sala

[2025-04-22 17:28:35 #9 type] 
Type domain.Sala is not enhanced.

[2025-04-22 17:28:35 #10 type.registry] 
New type domain.Sesion

[2025-04-22 17:28:35 #11 type] 
Type domain.Sesion is not enhanced.

[2025-04-22 17:28:35 #12 type.registry] 
New type domain.Reserva

[2025-04-22 17:28:35 #13 type.registry] 
New type domain.Actividad

[2025-04-22 17:28:35 #14 type] 
Type domain.Reserva is not enhanced.

[2025-04-22 17:28:35 #15 type] 
Type domain.Actividad is not enhanced.

[2025-04-22 17:28:35 #16 type.registry] 
New type domain.Encargado

[2025-04-22 17:28:35 #17 type] 
Type domain.Encargado is not enhanced.

[2025-04-22 17:28:35 #18 type.registry] 
New type java.util.Vector<java.lang.Object>

[2025-04-22 17:28:35 #19 type.registry] 
New type java.util.Vector<domain.Ride>

[2025-04-22 17:28:35 #20 type.registry] 
New type java.util.ArrayList<java.lang.Object>

[2025-04-22 17:28:35 #21 type.registry] 
New type java.util.ArrayList<domain.Sesion>

[2025-04-22 17:28:35 #22 type.registry] 
New type java.util.ArrayList<domain.Reserva>

------------------------------------------------------------------------------------------------------------------------

[2025-04-22 17:29:03 #1 store] 
Database 'C:\Users\Shirley\git\repository\polideportivo\Rides24\src\main\resources\rides.temp' is opened by 6460@LAPTOP-9IP7ANLF

[2025-04-22 17:29:03 #2 type.registry] 
New type domain.Driver

[2025-04-22 17:29:03 #3 type] 
Type domain.Driver is not enhanced.

[2025-04-22 17:29:03 #4 type.registry] 
New type domain.Ride

[2025-04-22 17:29:03 #5 type] 
Type domain.Ride is not enhanced.

[2025-04-22 17:29:03 #6 type.registry] 
New type domain.Socio

[2025-04-22 17:29:03 #7 type] 
Type domain.Socio is not enhanced.

[2025-04-22 17:29:03 #8 type.registry] 
New type domain.Sala

[2025-04-22 17:29:03 #9 type] 
Type domain.Sala is not enhanced.

[2025-04-22 17:29:03 #10 type.registry] 
New type domain.Sesion

[2025-04-22 17:29:03 #11 type] 
Type domain.Sesion is not enhanced.

[2025-04-22 17:29:03 #12 type.registry] 
New type domain.Reserva

[2025-04-22 17:29:03 #13 type.registry] 
New type domain.Actividad

[2025-04-22 17:29:03 #14 type] 
Type domain.Reserva is not enhanced.

[2025-04-22 17:29:03 #15 type] 
Type domain.Actividad is not enhanced.

[2025-04-22 17:29:03 #16 type.registry] 
New type domain.Encargado

[2025-04-22 17:29:03 #17 type] 
Type domain.Encargado is not enhanced.

[2025-04-22 17:29:03 #18 type.registry] 
New type java.util.Vector<java.lang.Object>

[2025-04-22 17:29:03 #19 type.registry] 
New type java.util.Vector<domain.Ride>

[2025-04-22 17:29:03 #20 type.registry] 
New type java.util.ArrayList<java.lang.Object>

[2025-04-22 17:29:03 #21 type.registry] 
New type java.util.ArrayList<domain.Sesion>

[2025-04-22 17:29:03 #22 type.registry] 
New type java.util.ArrayList<domain.Reserva>

------------------------------------------------------------------------------------------------------------------------

[2025-04-22 17:29:27 #1 store] 
Database 'C:\Users\Shirley\git\repository\polideportivo\Rides24\src\main\resources\rides.temp' is opened by 16676@LAPTOP-9IP7ANLF

[2025-04-22 17:29:27 #2 type.registry] 
New type domain.Driver

[2025-04-22 17:29:27 #3 type] 
Type domain.Driver is not enhanced.

[2025-04-22 17:29:27 #4 type.registry] 
New type domain.Ride

[2025-04-22 17:29:27 #5 type] 
Type domain.Ride is not enhanced.

[2025-04-22 17:29:27 #6 type.registry] 
New type domain.Socio

[2025-04-22 17:29:27 #7 type] 
Type domain.Socio is not enhanced.

[2025-04-22 17:29:27 #8 type.registry] 
New type domain.Sala

[2025-04-22 17:29:27 #9 type] 
Type domain.Sala is not enhanced.

[2025-04-22 17:29:27 #10 type.registry] 
New type domain.Sesion

[2025-04-22 17:29:27 #11 type] 
Type domain.Sesion is not enhanced.

[2025-04-22 17:29:27 #12 type.registry] 
New type domain.Reserva

[2025-04-22 17:29:27 #13 type.registry] 
New type domain.Actividad

[2025-04-22 17:29:27 #14 type] 
Type domain.Reserva is not enhanced.

[2025-04-22 17:29:27 #15 type] 
Type domain.Actividad is not enhanced.

[2025-04-22 17:29:27 #16 type.registry] 
New type domain.Encargado

[2025-04-22 17:29:27 #17 type] 
Type domain.Encargado is not enhanced.

[2025-04-22 17:29:27 #18 type.registry] 
New type java.util.Vector<java.lang.Object>

[2025-04-22 17:29:27 #19 type.registry] 
New type java.util.Vector<domain.Ride>

[2025-04-22 17:29:27 #20 type.registry] 
New type java.util.ArrayList<java.lang.Object>

[2025-04-22 17:29:27 #21 type.registry] 
New type java.util.ArrayList<domain.Sesion>

[2025-04-22 17:29:27 #22 type.registry] 
New type java.util.ArrayList<domain.Reserva>

------------------------------------------------------------------------------------------------------------------------

[2025-04-22 17:29:52 #1 store] 
Database 'C:\Users\Shirley\git\repository\polideportivo\Rides24\src\main\resources\rides.temp' is opened by 18556@LAPTOP-9IP7ANLF

[2025-04-22 17:29:52 #2 type.registry] 
New type domain.Driver

[2025-04-22 17:29:52 #3 type] 
Type domain.Driver is not enhanced.

[2025-04-22 17:29:52 #4 type.registry] 
New type domain.Ride

[2025-04-22 17:29:52 #5 type] 
Type domain.Ride is not enhanced.

[2025-04-22 17:29:52 #6 type.registry] 
New type domain.Socio

[2025-04-22 17:29:52 #7 type] 
Type domain.Socio is not enhanced.

[2025-04-22 17:29:52 #8 type.registry] 
New type domain.Sala

[2025-04-22 17:29:52 #9 type] 
Type domain.Sala is not enhanced.

[2025-04-22 17:29:52 #10 type.registry] 
New type domain.Sesion

[2025-04-22 17:29:52 #11 type] 
Type domain.Sesion is not enhanced.

[2025-04-22 17:29:52 #12 type.registry] 
New type domain.Reserva

[2025-04-22 17:29:52 #13 type.registry] 
New type domain.Actividad

[2025-04-22 17:29:52 #14 type] 
Type domain.Reserva is not enhanced.

[2025-04-22 17:29:52 #15 type] 
Type domain.Actividad is not enhanced.

[2025-04-22 17:29:52 #16 type.registry] 
New type domain.Encargado

[2025-04-22 17:29:52 #17 type] 
Type domain.Encargado is not enhanced.

[2025-04-22 17:29:52 #18 type.registry] 
New type java.util.Vector<java.lang.Object>

[2025-04-22 17:29:52 #19 type.registry] 
New type java.util.Vector<domain.Ride>

[2025-04-22 17:29:52 #20 type.registry] 
New type java.util.ArrayList<java.lang.Object>

[2025-04-22 17:29:52 #21 type.registry] 
New type java.util.ArrayList<domain.Sesion>

[2025-04-22 17:29:52 #22 type.registry] 
New type java.util.ArrayList<domain.Reserva>

------------------------------------------------------------------------------------------------------------------------

[2025-04-22 17:31:00 #1 store] 
Database 'C:\Users\Shirley\git\repository\polideportivo\Rides24\src\main\resources\rides.temp' is opened by 13940@LAPTOP-9IP7ANLF

[2025-04-22 17:31:00 #2 type.registry] 
New type domain.Driver

[2025-04-22 17:31:00 #3 type] 
Type domain.Driver is not enhanced.

[2025-04-22 17:31:00 #4 type.registry] 
New type domain.Ride

[2025-04-22 17:31:00 #5 type] 
Type domain.Ride is not enhanced.

[2025-04-22 17:31:00 #6 type.registry] 
New type domain.Socio

[2025-04-22 17:31:00 #7 type] 
Type domain.Socio is not enhanced.

[2025-04-22 17:31:00 #8 type.registry] 
New type domain.Sala

[2025-04-22 17:31:00 #9 type] 
Type domain.Sala is not enhanced.

[2025-04-22 17:31:00 #10 type.registry] 
New type domain.Sesion

[2025-04-22 17:31:00 #11 type] 
Type domain.Sesion is not enhanced.

[2025-04-22 17:31:00 #12 type.registry] 
New type domain.Reserva

[2025-04-22 17:31:00 #13 type.registry] 
New type domain.Actividad

[2025-04-22 17:31:00 #14 type] 
Type domain.Reserva is not enhanced.

[2025-04-22 17:31:00 #15 type] 
Type domain.Actividad is not enhanced.

[2025-04-22 17:31:00 #16 type.registry] 
New type domain.Encargado

[2025-04-22 17:31:00 #17 type] 
Type domain.Encargado is not enhanced.

[2025-04-22 17:31:00 #18 type.registry] 
New type java.util.Vector<java.lang.Object>

[2025-04-22 17:31:00 #19 type.registry] 
New type java.util.Vector<domain.Ride>

[2025-04-22 17:31:00 #20 type.registry] 
New type java.util.ArrayList<java.lang.Object>

[2025-04-22 17:31:00 #21 type.registry] 
New type java.util.ArrayList<domain.Sesion>

[2025-04-22 17:31:00 #22 type.registry] 
New type java.util.ArrayList<domain.Reserva>

------------------------------------------------------------------------------------------------------------------------

[2025-04-22 17:32:03 #1 store] 
Database 'C:\Users\Shirley\git\repository\polideportivo\Rides24\src\main\resources\rides.temp' is opened by 15576@LAPTOP-9IP7ANLF

[2025-04-22 17:32:03 #2 type.registry] 
New type domain.Driver

[2025-04-22 17:32:03 #3 type] 
Type domain.Driver is not enhanced.

[2025-04-22 17:32:03 #4 type.registry] 
New type domain.Ride

[2025-04-22 17:32:03 #5 type] 
Type domain.Ride is not enhanced.

[2025-04-22 17:32:03 #6 type.registry] 
New type domain.Socio

[2025-04-22 17:32:03 #7 type] 
Type domain.Socio is not enhanced.

[2025-04-22 17:32:03 #8 type.registry] 
New type domain.Sala

[2025-04-22 17:32:03 #9 type] 
Type domain.Sala is not enhanced.

[2025-04-22 17:32:03 #10 type.registry] 
New type domain.Sesion

[2025-04-22 17:32:03 #11 type] 
Type domain.Sesion is not enhanced.

[2025-04-22 17:32:03 #12 type.registry] 
New type domain.Reserva

[2025-04-22 17:32:03 #13 type.registry] 
New type domain.Actividad

[2025-04-22 17:32:03 #14 type] 
Type domain.Reserva is not enhanced.

[2025-04-22 17:32:03 #15 type] 
Type domain.Actividad is not enhanced.

[2025-04-22 17:32:03 #16 type.registry] 
New type domain.Encargado

[2025-04-22 17:32:03 #17 type] 
Type domain.Encargado is not enhanced.

[2025-04-22 17:32:03 #18 type.registry] 
New type java.util.Vector<java.lang.Object>

[2025-04-22 17:32:03 #19 type.registry] 
New type java.util.Vector<domain.Ride>

[2025-04-22 17:32:03 #20 type.registry] 
New type java.util.ArrayList<java.lang.Object>

[2025-04-22 17:32:03 #21 type.registry] 
New type java.util.ArrayList<domain.Sesion>

[2025-04-22 17:32:03 #22 type.registry] 
New type java.util.ArrayList<domain.Reserva>

------------------------------------------------------------------------------------------------------------------------

[2025-04-22 17:35:42 #1 store] 
Database 'C:\Users\Shirley\git\repository\polideportivo\Rides24\src\main\resources\rides.temp' is opened by 15864@LAPTOP-9IP7ANLF

[2025-04-22 17:35:42 #2 type.registry] 
New type domain.Driver

[2025-04-22 17:35:42 #3 type] 
Type domain.Driver is not enhanced.

[2025-04-22 17:35:42 #4 type.registry] 
New type domain.Ride

[2025-04-22 17:35:42 #5 type] 
Type domain.Ride is not enhanced.

[2025-04-22 17:35:42 #6 type.registry] 
New type domain.Socio

[2025-04-22 17:35:42 #7 type] 
Type domain.Socio is not enhanced.

[2025-04-22 17:35:42 #8 type.registry] 
New type domain.Sala

[2025-04-22 17:35:42 #9 type] 
Type domain.Sala is not enhanced.

[2025-04-22 17:35:42 #10 type.registry] 
New type domain.Sesion

[2025-04-22 17:35:42 #11 type] 
Type domain.Sesion is not enhanced.

[2025-04-22 17:35:42 #12 type.registry] 
New type domain.Reserva

[2025-04-22 17:35:42 #13 type.registry] 
New type domain.Actividad

[2025-04-22 17:35:42 #14 type] 
Type domain.Reserva is not enhanced.

[2025-04-22 17:35:42 #15 type] 
Type domain.Actividad is not enhanced.

[2025-04-22 17:35:42 #16 type.registry] 
New type domain.Encargado

[2025-04-22 17:35:42 #17 type] 
Type domain.Encargado is not enhanced.

[2025-04-22 17:35:42 #18 type.registry] 
New type java.util.Vector<java.lang.Object>

[2025-04-22 17:35:42 #19 type.registry] 
New type java.util.Vector<domain.Ride>

[2025-04-22 17:35:42 #20 type.registry] 
New type java.util.ArrayList<java.lang.Object>

[2025-04-22 17:35:42 #21 type.registry] 
New type java.util.ArrayList<domain.Sesion>

[2025-04-22 17:35:42 #22 type.registry] 
New type java.util.ArrayList<domain.Reserva>

------------------------------------------------------------------------------------------------------------------------

[2025-04-22 18:02:30 #1 store] 
Database 'C:\Users\Shirley\git\repository\polideportivo\Rides24\src\main\resources\rides.temp' is opened by 11664@LAPTOP-9IP7ANLF

[2025-04-22 18:02:30 #2 type.registry] 
New type domain.Driver

[2025-04-22 18:02:30 #3 type] 
Type domain.Driver is not enhanced.

[2025-04-22 18:02:30 #4 type.registry] 
New type domain.Ride

[2025-04-22 18:02:30 #5 type] 
Type domain.Ride is not enhanced.

[2025-04-22 18:02:30 #6 type.registry] 
New type domain.Socio

[2025-04-22 18:02:30 #7 type] 
Type domain.Socio is not enhanced.

[2025-04-22 18:02:30 #8 type.registry] 
New type domain.Sala

[2025-04-22 18:02:30 #9 type] 
Type domain.Sala is not enhanced.

[2025-04-22 18:02:30 #10 type.registry] 
New type domain.Sesion

[2025-04-22 18:02:30 #11 type] 
Type domain.Sesion is not enhanced.

[2025-04-22 18:02:30 #12 type.registry] 
New type domain.Reserva

[2025-04-22 18:02:30 #13 type.registry] 
New type domain.Actividad

[2025-04-22 18:02:30 #14 type] 
Type domain.Reserva is not enhanced.

[2025-04-22 18:02:30 #15 type] 
Type domain.Actividad is not enhanced.

[2025-04-22 18:02:30 #16 type.registry] 
New type domain.Encargado

[2025-04-22 18:02:30 #17 type] 
Type domain.Encargado is not enhanced.

[2025-04-22 18:02:30 #18 type.registry] 
New type java.util.Vector<java.lang.Object>

[2025-04-22 18:02:30 #19 type.registry] 
New type java.util.Vector<domain.Ride>

[2025-04-22 18:02:30 #20 type.registry] 
New type java.util.ArrayList<java.lang.Object>

[2025-04-22 18:02:30 #21 type.registry] 
New type java.util.ArrayList<domain.Sesion>

[2025-04-22 18:02:30 #22 type.registry] 
New type java.util.ArrayList<domain.Reserva>

------------------------------------------------------------------------------------------------------------------------

[2025-04-22 19:13:22 #1 store] 
Database 'C:\Users\Shirley\git\repository\polideportivo\Rides24\src\main\resources\rides.temp' is opened by 17744@LAPTOP-9IP7ANLF

[2025-04-22 19:13:22 #2 type.registry] 
New type domain.Driver

[2025-04-22 19:13:22 #3 type] 
Type domain.Driver is not enhanced.

[2025-04-22 19:13:22 #4 type.registry] 
New type domain.Ride

[2025-04-22 19:13:22 #5 type] 
Type domain.Ride is not enhanced.

[2025-04-22 19:13:22 #6 type.registry] 
New type domain.Socio

[2025-04-22 19:13:22 #7 type] 
Type domain.Socio is not enhanced.

[2025-04-22 19:13:22 #8 type.registry] 
New type domain.Sala

[2025-04-22 19:13:22 #9 type] 
Type domain.Sala is not enhanced.

[2025-04-22 19:13:22 #10 type.registry] 
New type domain.Sesion

[2025-04-22 19:13:22 #11 type] 
Type domain.Sesion is not enhanced.

[2025-04-22 19:13:22 #12 type.registry] 
New type domain.Reserva

[2025-04-22 19:13:22 #13 type.registry] 
New type domain.Actividad

[2025-04-22 19:13:22 #14 type] 
Type domain.Reserva is not enhanced.

[2025-04-22 19:13:22 #15 type] 
Type domain.Actividad is not enhanced.

[2025-04-22 19:13:22 #16 type.registry] 
New type domain.Encargado

[2025-04-22 19:13:22 #17 type] 
Type domain.Encargado is not enhanced.

[2025-04-22 19:13:22 #18 type.registry] 
New type java.util.Vector<java.lang.Object>

[2025-04-22 19:13:22 #19 type.registry] 
New type java.util.Vector<domain.Ride>

[2025-04-22 19:13:22 #20 type.registry] 
New type java.util.ArrayList<java.lang.Object>

[2025-04-22 19:13:22 #21 type.registry] 
New type java.util.ArrayList<domain.Sesion>

[2025-04-22 19:13:22 #22 type.registry] 
New type java.util.ArrayList<domain.Reserva>

------------------------------------------------------------------------------------------------------------------------

[2025-04-22 19:17:38 #1 store] 
Database 'C:\Users\Shirley\git\repository\polideportivo\Rides24\src\main\resources\rides.temp' is opened by 10924@LAPTOP-9IP7ANLF

[2025-04-22 19:17:38 #2 type.registry] 
New type domain.Driver

[2025-04-22 19:17:38 #3 type] 
Type domain.Driver is not enhanced.

[2025-04-22 19:17:38 #4 type.registry] 
New type domain.Ride

[2025-04-22 19:17:38 #5 type] 
Type domain.Ride is not enhanced.

[2025-04-22 19:17:38 #6 type.registry] 
New type domain.Socio

[2025-04-22 19:17:38 #7 type] 
Type domain.Socio is not enhanced.

[2025-04-22 19:17:38 #8 type.registry] 
New type domain.Sala

[2025-04-22 19:17:38 #9 type] 
Type domain.Sala is not enhanced.

[2025-04-22 19:17:38 #10 type.registry] 
New type domain.Sesion

[2025-04-22 19:17:38 #11 type] 
Type domain.Sesion is not enhanced.

[2025-04-22 19:17:38 #12 type.registry] 
New type domain.Reserva

[2025-04-22 19:17:38 #13 type.registry] 
New type domain.Actividad

[2025-04-22 19:17:38 #14 type] 
Type domain.Reserva is not enhanced.

[2025-04-22 19:17:38 #15 type] 
Type domain.Actividad is not enhanced.

[2025-04-22 19:17:38 #16 type.registry] 
New type domain.Encargado

[2025-04-22 19:17:38 #17 type] 
Type domain.Encargado is not enhanced.

[2025-04-22 19:17:38 #18 type.registry] 
New type java.util.Vector<java.lang.Object>

[2025-04-22 19:17:38 #19 type.registry] 
New type java.util.Vector<domain.Ride>

[2025-04-22 19:17:38 #20 type.registry] 
New type java.util.ArrayList<java.lang.Object>

[2025-04-22 19:17:38 #21 type.registry] 
New type java.util.ArrayList<domain.Sesion>

[2025-04-22 19:17:38 #22 type.registry] 
New type java.util.ArrayList<domain.Reserva>

------------------------------------------------------------------------------------------------------------------------

[2025-04-22 19:19:25 #1 store] 
Database 'C:\Users\Shirley\git\repository\polideportivo\Rides24\src\main\resources\rides.temp' is opened by 8252@LAPTOP-9IP7ANLF

[2025-04-22 19:19:25 #2 type.registry] 
New type domain.Driver

[2025-04-22 19:19:25 #3 type] 
Type domain.Driver is not enhanced.

[2025-04-22 19:19:25 #4 type.registry] 
New type domain.Ride

[2025-04-22 19:19:25 #5 type] 
Type domain.Ride is not enhanced.

[2025-04-22 19:19:25 #6 type.registry] 
New type domain.Socio

[2025-04-22 19:19:25 #7 type] 
Type domain.Socio is not enhanced.

[2025-04-22 19:19:25 #8 type.registry] 
New type domain.Sala

[2025-04-22 19:19:25 #9 type] 
Type domain.Sala is not enhanced.

[2025-04-22 19:19:25 #10 type.registry] 
New type domain.Sesion

[2025-04-22 19:19:25 #11 type] 
Type domain.Sesion is not enhanced.

[2025-04-22 19:19:25 #12 type.registry] 
New type domain.Reserva

[2025-04-22 19:19:25 #13 type.registry] 
New type domain.Actividad

[2025-04-22 19:19:25 #14 type] 
Type domain.Reserva is not enhanced.

[2025-04-22 19:19:25 #15 type] 
Type domain.Actividad is not enhanced.

[2025-04-22 19:19:25 #16 type.registry] 
New type domain.Encargado

[2025-04-22 19:19:25 #17 type] 
Type domain.Encargado is not enhanced.

[2025-04-22 19:19:25 #18 type.registry] 
New type java.util.Vector<java.lang.Object>

[2025-04-22 19:19:25 #19 type.registry] 
New type java.util.Vector<domain.Ride>

[2025-04-22 19:19:25 #20 type.registry] 
New type java.util.ArrayList<java.lang.Object>

[2025-04-22 19:19:25 #21 type.registry] 
New type java.util.ArrayList<domain.Sesion>

[2025-04-22 19:19:25 #22 type.registry] 
New type java.util.ArrayList<domain.Reserva>

------------------------------------------------------------------------------------------------------------------------

[2025-04-22 19:20:28 #1 store] 
Database 'C:\Users\Shirley\git\repository\polideportivo\Rides24\src\main\resources\rides.temp' is opened by 22788@LAPTOP-9IP7ANLF

[2025-04-22 19:20:28 #2 type.registry] 
New type domain.Driver

[2025-04-22 19:20:28 #3 type] 
Type domain.Driver is not enhanced.

[2025-04-22 19:20:28 #4 type.registry] 
New type domain.Ride

[2025-04-22 19:20:28 #5 type] 
Type domain.Ride is not enhanced.

[2025-04-22 19:20:28 #6 type.registry] 
New type domain.Socio

[2025-04-22 19:20:28 #7 type] 
Type domain.Socio is not enhanced.

[2025-04-22 19:20:28 #8 type.registry] 
New type domain.Sala

[2025-04-22 19:20:28 #9 type] 
Type domain.Sala is not enhanced.

[2025-04-22 19:20:28 #10 type.registry] 
New type domain.Sesion

[2025-04-22 19:20:28 #11 type] 
Type domain.Sesion is not enhanced.

[2025-04-22 19:20:28 #12 type.registry] 
New type domain.Reserva

[2025-04-22 19:20:28 #13 type.registry] 
New type domain.Actividad

[2025-04-22 19:20:28 #14 type] 
Type domain.Reserva is not enhanced.

[2025-04-22 19:20:28 #15 type] 
Type domain.Actividad is not enhanced.

[2025-04-22 19:20:28 #16 type.registry] 
New type domain.Encargado

[2025-04-22 19:20:28 #17 type] 
Type domain.Encargado is not enhanced.

[2025-04-22 19:20:28 #18 type.registry] 
New type java.util.Vector<java.lang.Object>

[2025-04-22 19:20:28 #19 type.registry] 
New type java.util.Vector<domain.Ride>

[2025-04-22 19:20:28 #20 type.registry] 
New type java.util.ArrayList<java.lang.Object>

[2025-04-22 19:20:28 #21 type.registry] 
New type java.util.ArrayList<domain.Sesion>

[2025-04-22 19:20:28 #22 type.registry] 
New type java.util.ArrayList<domain.Reserva>

------------------------------------------------------------------------------------------------------------------------

[2025-04-22 19:25:24 #1 store] 
Database 'C:\Users\Shirley\git\repository\polideportivo\Rides24\src\main\resources\rides.temp' is opened by 2824@LAPTOP-9IP7ANLF

[2025-04-22 19:25:24 #2 type.registry] 
New type domain.Driver

[2025-04-22 19:25:24 #3 type] 
Type domain.Driver is not enhanced.

[2025-04-22 19:25:24 #4 type.registry] 
New type domain.Ride

[2025-04-22 19:25:24 #5 type] 
Type domain.Ride is not enhanced.

[2025-04-22 19:25:24 #6 type.registry] 
New type domain.Socio

[2025-04-22 19:25:24 #7 type] 
Type domain.Socio is not enhanced.

[2025-04-22 19:25:24 #8 type.registry] 
New type domain.Sala

[2025-04-22 19:25:24 #9 type] 
Type domain.Sala is not enhanced.

[2025-04-22 19:25:24 #10 type.registry] 
New type domain.Sesion

[2025-04-22 19:25:24 #11 type] 
Type domain.Sesion is not enhanced.

[2025-04-22 19:25:24 #12 type.registry] 
New type domain.Reserva

[2025-04-22 19:25:24 #13 type.registry] 
New type domain.Actividad

[2025-04-22 19:25:24 #14 type] 
Type domain.Reserva is not enhanced.

[2025-04-22 19:25:24 #15 type] 
Type domain.Actividad is not enhanced.

[2025-04-22 19:25:24 #16 type.registry] 
New type domain.Encargado

[2025-04-22 19:25:24 #17 type] 
Type domain.Encargado is not enhanced.

[2025-04-22 19:25:24 #18 type.registry] 
New type java.util.Vector<java.lang.Object>

[2025-04-22 19:25:24 #19 type.registry] 
New type java.util.Vector<domain.Ride>

[2025-04-22 19:25:24 #20 type.registry] 
New type java.util.ArrayList<java.lang.Object>

[2025-04-22 19:25:24 #21 type.registry] 
New type java.util.ArrayList<domain.Sesion>

[2025-04-22 19:25:24 #22 type.registry] 
New type java.util.ArrayList<domain.Reserva>

------------------------------------------------------------------------------------------------------------------------

[2025-04-22 19:35:03 #1 store] 
Database 'C:\Users\Shirley\git\repository\polideportivo\Rides24\src\main\resources\rides.temp' is opened by 24520@LAPTOP-9IP7ANLF

[2025-04-22 19:35:03 #2 type.registry] 
New type domain.Driver

[2025-04-22 19:35:03 #3 type] 
Type domain.Driver is not enhanced.

[2025-04-22 19:35:03 #4 type.registry] 
New type domain.Ride

[2025-04-22 19:35:03 #5 type] 
Type domain.Ride is not enhanced.

[2025-04-22 19:35:03 #6 type.registry] 
New type domain.Socio

[2025-04-22 19:35:03 #7 type] 
Type domain.Socio is not enhanced.

[2025-04-22 19:35:03 #8 type.registry] 
New type domain.Sala

[2025-04-22 19:35:03 #9 type] 
Type domain.Sala is not enhanced.

[2025-04-22 19:35:03 #10 type.registry] 
New type domain.Sesion

[2025-04-22 19:35:03 #11 type] 
Type domain.Sesion is not enhanced.

[2025-04-22 19:35:03 #12 type.registry] 
New type domain.Reserva

[2025-04-22 19:35:03 #13 type.registry] 
New type domain.Actividad

[2025-04-22 19:35:03 #14 type] 
Type domain.Reserva is not enhanced.

[2025-04-22 19:35:03 #15 type] 
Type domain.Actividad is not enhanced.

[2025-04-22 19:35:03 #16 type.registry] 
New type domain.Encargado

[2025-04-22 19:35:03 #17 type] 
Type domain.Encargado is not enhanced.

[2025-04-22 19:35:03 #18 type.registry] 
New type java.util.Vector<java.lang.Object>

[2025-04-22 19:35:03 #19 type.registry] 
New type java.util.Vector<domain.Ride>

[2025-04-22 19:35:03 #20 type.registry] 
New type java.util.ArrayList<java.lang.Object>

[2025-04-22 19:35:03 #21 type.registry] 
New type java.util.ArrayList<domain.Sesion>

[2025-04-22 19:35:03 #22 type.registry] 
New type java.util.ArrayList<domain.Reserva>

------------------------------------------------------------------------------------------------------------------------

[2025-04-22 19:49:39 #1 store] 
Database 'C:\Users\Shirley\git\repository\polideportivo\Rides24\src\main\resources\rides.temp' is opened by 19572@LAPTOP-9IP7ANLF

[2025-04-22 19:49:39 #2 type.registry] 
New type domain.Driver

[2025-04-22 19:49:39 #3 type] 
Type domain.Driver is not enhanced.

[2025-04-22 19:49:39 #4 type.registry] 
New type domain.Ride

[2025-04-22 19:49:39 #5 type] 
Type domain.Ride is not enhanced.

[2025-04-22 19:49:39 #6 type.registry] 
New type domain.Socio

[2025-04-22 19:49:39 #7 type] 
Type domain.Socio is not enhanced.

[2025-04-22 19:49:39 #8 type.registry] 
New type domain.Sala

[2025-04-22 19:49:39 #9 type] 
Type domain.Sala is not enhanced.

[2025-04-22 19:49:39 #10 type.registry] 
New type domain.Sesion

[2025-04-22 19:49:39 #11 type] 
Type domain.Sesion is not enhanced.

[2025-04-22 19:49:39 #12 type.registry] 
New type domain.Reserva

[2025-04-22 19:49:39 #13 type.registry] 
New type domain.Actividad

[2025-04-22 19:49:39 #14 type] 
Type domain.Reserva is not enhanced.

[2025-04-22 19:49:39 #15 type] 
Type domain.Actividad is not enhanced.

[2025-04-22 19:49:39 #16 type.registry] 
New type domain.Encargado

[2025-04-22 19:49:39 #17 type] 
Type domain.Encargado is not enhanced.

[2025-04-22 19:49:39 #18 type.registry] 
New type java.util.Vector<java.lang.Object>

[2025-04-22 19:49:39 #19 type.registry] 
New type java.util.Vector<domain.Ride>

[2025-04-22 19:49:39 #20 type.registry] 
New type java.util.ArrayList<java.lang.Object>

[2025-04-22 19:49:39 #21 type.registry] 
New type java.util.ArrayList<domain.Sesion>

[2025-04-22 19:49:39 #22 type.registry] 
New type java.util.ArrayList<domain.Reserva>

------------------------------------------------------------------------------------------------------------------------

[2025-04-22 19:52:36 #1 store] 
Database 'C:\Users\Shirley\git\repository\polideportivo\Rides24\src\main\resources\rides.temp' is opened by 19868@LAPTOP-9IP7ANLF

[2025-04-22 19:52:36 #2 type.registry] 
New type domain.Driver

[2025-04-22 19:52:36 #3 type] 
Type domain.Driver is not enhanced.

[2025-04-22 19:52:36 #4 type.registry] 
New type domain.Ride

[2025-04-22 19:52:36 #5 type] 
Type domain.Ride is not enhanced.

[2025-04-22 19:52:36 #6 type.registry] 
New type domain.Socio

[2025-04-22 19:52:36 #7 type] 
Type domain.Socio is not enhanced.

[2025-04-22 19:52:36 #8 type.registry] 
New type domain.Sala

[2025-04-22 19:52:36 #9 type] 
Type domain.Sala is not enhanced.

[2025-04-22 19:52:36 #10 type.registry] 
New type domain.Sesion

[2025-04-22 19:52:36 #11 type] 
Type domain.Sesion is not enhanced.

[2025-04-22 19:52:36 #12 type.registry] 
New type domain.Reserva

[2025-04-22 19:52:36 #13 type.registry] 
New type domain.Actividad

[2025-04-22 19:52:36 #14 type] 
Type domain.Reserva is not enhanced.

[2025-04-22 19:52:36 #15 type] 
Type domain.Actividad is not enhanced.

[2025-04-22 19:52:36 #16 type.registry] 
New type domain.Encargado

[2025-04-22 19:52:36 #17 type] 
Type domain.Encargado is not enhanced.

[2025-04-22 19:52:36 #18 type.registry] 
New type java.util.Vector<java.lang.Object>

[2025-04-22 19:52:36 #19 type.registry] 
New type java.util.Vector<domain.Ride>

[2025-04-22 19:52:36 #20 type.registry] 
New type java.util.ArrayList<java.lang.Object>

[2025-04-22 19:52:36 #21 type.registry] 
New type java.util.ArrayList<domain.Sesion>

[2025-04-22 19:52:36 #22 type.registry] 
New type java.util.ArrayList<domain.Reserva>

------------------------------------------------------------------------------------------------------------------------

[2025-04-22 19:56:46 #1 store] 
Database 'C:\Users\Shirley\git\repository\polideportivo\Rides24\src\main\resources\rides.temp' is opened by 24128@LAPTOP-9IP7ANLF

[2025-04-22 19:56:46 #2 type.registry] 
New type domain.Driver

[2025-04-22 19:56:46 #3 type] 
Type domain.Driver is not enhanced.

[2025-04-22 19:56:46 #4 type.registry] 
New type domain.Ride

[2025-04-22 19:56:46 #5 type] 
Type domain.Ride is not enhanced.

[2025-04-22 19:56:46 #6 type.registry] 
New type domain.Socio

[2025-04-22 19:56:46 #7 type] 
Type domain.Socio is not enhanced.

[2025-04-22 19:56:46 #8 type.registry] 
New type domain.Sala

[2025-04-22 19:56:46 #9 type] 
Type domain.Sala is not enhanced.

[2025-04-22 19:56:46 #10 type.registry] 
New type domain.Sesion

[2025-04-22 19:56:46 #11 type] 
Type domain.Sesion is not enhanced.

[2025-04-22 19:56:46 #12 type.registry] 
New type domain.Reserva

[2025-04-22 19:56:46 #13 type.registry] 
New type domain.Actividad

[2025-04-22 19:56:46 #14 type] 
Type domain.Reserva is not enhanced.

[2025-04-22 19:56:46 #15 type] 
Type domain.Actividad is not enhanced.

[2025-04-22 19:56:46 #16 type.registry] 
New type domain.Encargado

[2025-04-22 19:56:46 #17 type] 
Type domain.Encargado is not enhanced.

[2025-04-22 19:56:46 #18 type.registry] 
New type java.util.Vector<java.lang.Object>

[2025-04-22 19:56:46 #19 type.registry] 
New type java.util.Vector<domain.Ride>

[2025-04-22 19:56:46 #20 type.registry] 
New type java.util.ArrayList<java.lang.Object>

[2025-04-22 19:56:46 #21 type.registry] 
New type java.util.ArrayList<domain.Sesion>

[2025-04-22 19:56:46 #22 type.registry] 
New type java.util.ArrayList<domain.Reserva>

------------------------------------------------------------------------------------------------------------------------

[2025-04-22 20:08:38 #1 store] 
Database 'C:\Users\Shirley\git\repository\polideportivo\Rides24\src\main\resources\rides.temp' is opened by 20384@LAPTOP-9IP7ANLF

[2025-04-22 20:08:39 #2 type.registry] 
New type domain.Driver

[2025-04-22 20:08:39 #3 type] 
Type domain.Driver is not enhanced.

[2025-04-22 20:08:39 #4 type.registry] 
New type domain.Ride

[2025-04-22 20:08:39 #5 type] 
Type domain.Ride is not enhanced.

[2025-04-22 20:08:39 #6 type.registry] 
New type domain.Socio

[2025-04-22 20:08:39 #7 type] 
Type domain.Socio is not enhanced.

[2025-04-22 20:08:39 #8 type.registry] 
New type domain.Sala

[2025-04-22 20:08:39 #9 type] 
Type domain.Sala is not enhanced.

[2025-04-22 20:08:39 #10 type.registry] 
New type domain.Sesion

[2025-04-22 20:08:39 #11 type] 
Type domain.Sesion is not enhanced.

[2025-04-22 20:08:39 #12 type.registry] 
New type domain.Reserva

[2025-04-22 20:08:39 #13 type.registry] 
New type domain.Actividad

[2025-04-22 20:08:39 #14 type] 
Type domain.Reserva is not enhanced.

[2025-04-22 20:08:39 #15 type] 
Type domain.Actividad is not enhanced.

[2025-04-22 20:08:39 #16 type.registry] 
New type domain.Encargado

[2025-04-22 20:08:39 #17 type] 
Type domain.Encargado is not enhanced.

[2025-04-22 20:08:39 #18 type.registry] 
New type java.util.Vector<java.lang.Object>

[2025-04-22 20:08:39 #19 type.registry] 
New type java.util.Vector<domain.Ride>

[2025-04-22 20:08:39 #20 type.registry] 
New type java.util.ArrayList<java.lang.Object>

[2025-04-22 20:08:39 #21 type.registry] 
New type java.util.ArrayList<domain.Sesion>

[2025-04-22 20:08:39 #22 type.registry] 
New type java.util.ArrayList<domain.Reserva>

------------------------------------------------------------------------------------------------------------------------

[2025-04-22 20:22:59 #1 store] 
Database 'C:\Users\Shirley\git\repository\polideportivo\Rides24\src\main\resources\rides.temp' is opened by 10420@LAPTOP-9IP7ANLF

[2025-04-22 20:22:59 #2 type.registry] 
New type domain.Driver

[2025-04-22 20:22:59 #3 type] 
Type domain.Driver is not enhanced.

[2025-04-22 20:22:59 #4 type.registry] 
New type domain.Ride

[2025-04-22 20:22:59 #5 type] 
Type domain.Ride is not enhanced.

[2025-04-22 20:22:59 #6 type.registry] 
New type domain.Socio

[2025-04-22 20:22:59 #7 type] 
Type domain.Socio is not enhanced.

[2025-04-22 20:22:59 #8 type.registry] 
New type domain.Sala

[2025-04-22 20:22:59 #9 type] 
Type domain.Sala is not enhanced.

[2025-04-22 20:22:59 #10 type.registry] 
New type domain.Sesion

[2025-04-22 20:22:59 #11 type] 
Type domain.Sesion is not enhanced.

[2025-04-22 20:22:59 #12 type.registry] 
New type domain.Reserva

[2025-04-22 20:22:59 #13 type.registry] 
New type domain.Actividad

[2025-04-22 20:22:59 #14 type] 
Type domain.Reserva is not enhanced.

[2025-04-22 20:22:59 #15 type] 
Type domain.Actividad is not enhanced.

[2025-04-22 20:23:00 #16 type.registry] 
New type domain.Encargado

[2025-04-22 20:23:00 #17 type] 
Type domain.Encargado is not enhanced.

[2025-04-22 20:23:00 #18 type.registry] 
New type java.util.Vector<java.lang.Object>

[2025-04-22 20:23:00 #19 type.registry] 
New type java.util.Vector<domain.Ride>

[2025-04-22 20:23:00 #20 type.registry] 
New type java.util.ArrayList<java.lang.Object>

[2025-04-22 20:23:00 #21 type.registry] 
New type java.util.ArrayList<domain.Sesion>

[2025-04-22 20:23:00 #22 type.registry] 
New type java.util.ArrayList<domain.Reserva>

