------------------------------------------------------------------------------------------------------------------------

[2025-04-24 15:21:54 #1 store] 
Database 'C:\Users\Shirley\git\repository\polideportivo\Rides24\src\main\resources\rides.temp' is opened by 6468@LAPTOP-9IP7ANLF

[2025-04-24 15:21:54 #2 type.registry] 
New type domain.Driver

[2025-04-24 15:21:54 #3 type] 
Type domain.Driver is not enhanced.

[2025-04-24 15:21:54 #4 type.registry] 
New type domain.Ride

[2025-04-24 15:21:54 #5 type] 
Type domain.Ride is not enhanced.

[2025-04-24 15:21:54 #6 type.registry] 
New type domain.Socio

[2025-04-24 15:21:54 #7 type] 
Type domain.Socio is not enhanced.

[2025-04-24 15:21:54 #8 type.registry] 
New type domain.Sala

[2025-04-24 15:21:54 #9 type] 
Type domain.Sala is not enhanced.

[2025-04-24 15:21:54 #10 type.registry] 
New type domain.Sesion

[2025-04-24 15:21:54 #11 type] 
Type domain.Sesion is not enhanced.

[2025-04-24 15:21:54 #12 type.registry] 
New type domain.Reserva

[2025-04-24 15:21:54 #13 type.registry] 
New type domain.Actividad

[2025-04-24 15:21:54 #14 type] 
Type domain.Reserva is not enhanced.

[2025-04-24 15:21:54 #15 type] 
Type domain.Actividad is not enhanced.

[2025-04-24 15:21:54 #16 type.registry] 
New type domain.Encargado

[2025-04-24 15:21:54 #17 type] 
Type domain.Encargado is not enhanced.

[2025-04-24 15:21:54 #18 type.registry] 
New type java.util.Vector<java.lang.Object>

[2025-04-24 15:21:54 #19 type.registry] 
New type java.util.Vector<domain.Ride>

[2025-04-24 15:21:54 #20 type.registry] 
New type java.util.ArrayList<java.lang.Object>

[2025-04-24 15:21:54 #21 type.registry] 
New type java.util.ArrayList<domain.Sesion>

[2025-04-24 15:21:54 #22 type.registry] 
New type java.util.ArrayList<domain.Reserva>

------------------------------------------------------------------------------------------------------------------------

[2025-04-24 15:26:25 #1 store] 
Database 'C:\Users\Shirley\git\repository\polideportivo\Rides24\src\main\resources\rides.temp' is opened by 15172@LAPTOP-9IP7ANLF

[2025-04-24 15:26:25 #2 type.registry] 
New type domain.Driver

[2025-04-24 15:26:25 #3 type] 
Type domain.Driver is not enhanced.

[2025-04-24 15:26:25 #4 type.registry] 
New type domain.Ride

[2025-04-24 15:26:25 #5 type] 
Type domain.Ride is not enhanced.

[2025-04-24 15:26:25 #6 type.registry] 
New type domain.Socio

[2025-04-24 15:26:25 #7 type] 
Type domain.Socio is not enhanced.

[2025-04-24 15:26:25 #8 type.registry] 
New type domain.Sala

[2025-04-24 15:26:25 #9 type] 
Type domain.Sala is not enhanced.

[2025-04-24 15:26:25 #10 type.registry] 
New type domain.Sesion

[2025-04-24 15:26:25 #11 type] 
Type domain.Sesion is not enhanced.

[2025-04-24 15:26:25 #12 type.registry] 
New type domain.Reserva

[2025-04-24 15:26:25 #13 type.registry] 
New type domain.Actividad

[2025-04-24 15:26:25 #14 type] 
Type domain.Reserva is not enhanced.

[2025-04-24 15:26:25 #15 type] 
Type domain.Actividad is not enhanced.

[2025-04-24 15:26:25 #16 type.registry] 
New type domain.Encargado

[2025-04-24 15:26:25 #17 type] 
Type domain.Encargado is not enhanced.

[2025-04-24 15:26:25 #18 type.registry] 
New type java.util.Vector<java.lang.Object>

[2025-04-24 15:26:25 #19 type.registry] 
New type java.util.Vector<domain.Ride>

[2025-04-24 15:26:25 #20 type.registry] 
New type java.util.ArrayList<java.lang.Object>

[2025-04-24 15:26:25 #21 type.registry] 
New type java.util.ArrayList<domain.Sesion>

[2025-04-24 15:26:25 #22 type.registry] 
New type java.util.ArrayList<domain.Reserva>

------------------------------------------------------------------------------------------------------------------------

[2025-04-24 15:28:43 #1 store] 
Database 'C:\Users\Shirley\git\repository\polideportivo\Rides24\src\main\resources\rides.temp' is opened by 2264@LAPTOP-9IP7ANLF

[2025-04-24 15:28:43 #2 type.registry] 
New type domain.Driver

[2025-04-24 15:28:43 #3 type] 
Type domain.Driver is not enhanced.

[2025-04-24 15:28:43 #4 type.registry] 
New type domain.Ride

[2025-04-24 15:28:43 #5 type] 
Type domain.Ride is not enhanced.

[2025-04-24 15:28:43 #6 type.registry] 
New type domain.Socio

[2025-04-24 15:28:43 #7 type] 
Type domain.Socio is not enhanced.

[2025-04-24 15:28:43 #8 type.registry] 
New type domain.Sala

[2025-04-24 15:28:43 #9 type] 
Type domain.Sala is not enhanced.

[2025-04-24 15:28:43 #10 type.registry] 
New type domain.Sesion

[2025-04-24 15:28:43 #11 type] 
Type domain.Sesion is not enhanced.

[2025-04-24 15:28:43 #12 type.registry] 
New type domain.Reserva

[2025-04-24 15:28:43 #13 type.registry] 
New type domain.Actividad

[2025-04-24 15:28:43 #14 type] 
Type domain.Reserva is not enhanced.

[2025-04-24 15:28:43 #15 type] 
Type domain.Actividad is not enhanced.

[2025-04-24 15:28:43 #16 type.registry] 
New type domain.Encargado

[2025-04-24 15:28:43 #17 type] 
Type domain.Encargado is not enhanced.

[2025-04-24 15:28:43 #18 type.registry] 
New type java.util.Vector<java.lang.Object>

[2025-04-24 15:28:43 #19 type.registry] 
New type java.util.Vector<domain.Ride>

[2025-04-24 15:28:43 #20 type.registry] 
New type java.util.ArrayList<java.lang.Object>

[2025-04-24 15:28:43 #21 type.registry] 
New type java.util.ArrayList<domain.Sesion>

[2025-04-24 15:28:43 #22 type.registry] 
New type java.util.ArrayList<domain.Reserva>

------------------------------------------------------------------------------------------------------------------------

[2025-04-24 15:33:11 #1 store] 
Database 'C:\Users\Shirley\git\repository\polideportivo\Rides24\src\main\resources\rides.temp' is opened by 2256@LAPTOP-9IP7ANLF

[2025-04-24 15:33:11 #2 type.registry] 
New type domain.Driver

[2025-04-24 15:33:11 #3 type] 
Type domain.Driver is not enhanced.

[2025-04-24 15:33:11 #4 type.registry] 
New type domain.Ride

[2025-04-24 15:33:11 #5 type] 
Type domain.Ride is not enhanced.

[2025-04-24 15:33:11 #6 type.registry] 
New type domain.Socio

[2025-04-24 15:33:11 #7 type] 
Type domain.Socio is not enhanced.

[2025-04-24 15:33:11 #8 type.registry] 
New type domain.Sala

[2025-04-24 15:33:11 #9 type] 
Type domain.Sala is not enhanced.

[2025-04-24 15:33:11 #10 type.registry] 
New type domain.Sesion

[2025-04-24 15:33:11 #11 type] 
Type domain.Sesion is not enhanced.

[2025-04-24 15:33:11 #12 type.registry] 
New type domain.Reserva

[2025-04-24 15:33:11 #13 type.registry] 
New type domain.Actividad

[2025-04-24 15:33:11 #14 type] 
Type domain.Reserva is not enhanced.

[2025-04-24 15:33:11 #15 type] 
Type domain.Actividad is not enhanced.

[2025-04-24 15:33:11 #16 type.registry] 
New type domain.Encargado

[2025-04-24 15:33:11 #17 type] 
Type domain.Encargado is not enhanced.

[2025-04-24 15:33:11 #18 type.registry] 
New type java.util.Vector<java.lang.Object>

[2025-04-24 15:33:11 #19 type.registry] 
New type java.util.Vector<domain.Ride>

[2025-04-24 15:33:11 #20 type.registry] 
New type java.util.ArrayList<java.lang.Object>

[2025-04-24 15:33:11 #21 type.registry] 
New type java.util.ArrayList<domain.Sesion>

[2025-04-24 15:33:11 #22 type.registry] 
New type java.util.ArrayList<domain.Reserva>

------------------------------------------------------------------------------------------------------------------------

[2025-04-24 18:14:14 #1 store] 
Database 'C:\Users\Shirley\git\repository\polideportivo\Rides24\src\main\resources\rides.temp' is opened by 15664@LAPTOP-9IP7ANLF

[2025-04-24 18:14:14 #2 type.registry] 
New type domain.Driver

[2025-04-24 18:14:14 #3 type] 
Type domain.Driver is not enhanced.

[2025-04-24 18:14:14 #4 type.registry] 
New type domain.Ride

[2025-04-24 18:14:14 #5 type] 
Type domain.Ride is not enhanced.

[2025-04-24 18:14:14 #6 type.registry] 
New type domain.Socio

[2025-04-24 18:14:14 #7 type] 
Type domain.Socio is not enhanced.

[2025-04-24 18:14:14 #8 type.registry] 
New type domain.Sala

[2025-04-24 18:14:14 #9 type] 
Type domain.Sala is not enhanced.

[2025-04-24 18:14:14 #10 type.registry] 
New type domain.Sesion

[2025-04-24 18:14:14 #11 type] 
Type domain.Sesion is not enhanced.

[2025-04-24 18:14:14 #12 type.registry] 
New type domain.Reserva

[2025-04-24 18:14:14 #13 type.registry] 
New type domain.Actividad

[2025-04-24 18:14:14 #14 type] 
Type domain.Reserva is not enhanced.

[2025-04-24 18:14:14 #15 type] 
Type domain.Actividad is not enhanced.

[2025-04-24 18:14:14 #16 type.registry] 
New type domain.Encargado

[2025-04-24 18:14:14 #17 type] 
Type domain.Encargado is not enhanced.

[2025-04-24 18:14:14 #18 type.registry] 
New type java.util.Vector<java.lang.Object>

[2025-04-24 18:14:14 #19 type.registry] 
New type java.util.Vector<domain.Ride>

[2025-04-24 18:14:14 #20 type.registry] 
New type java.util.ArrayList<java.lang.Object>

[2025-04-24 18:14:14 #21 type.registry] 
New type java.util.ArrayList<domain.Sesion>

[2025-04-24 18:14:14 #22 type.registry] 
New type java.util.ArrayList<domain.Reserva>

------------------------------------------------------------------------------------------------------------------------

[2025-04-24 18:23:01 #1 store] 
Database 'C:\Users\Shirley\git\repository\polideportivo\Rides24\src\main\resources\rides.temp' is opened by 6576@LAPTOP-9IP7ANLF

[2025-04-24 18:23:01 #2 type.registry] 
New type domain.Driver

[2025-04-24 18:23:01 #3 type] 
Type domain.Driver is not enhanced.

[2025-04-24 18:23:01 #4 type.registry] 
New type domain.Ride

[2025-04-24 18:23:01 #5 type] 
Type domain.Ride is not enhanced.

[2025-04-24 18:23:01 #6 type.registry] 
New type domain.Socio

[2025-04-24 18:23:01 #7 type] 
Type domain.Socio is not enhanced.

[2025-04-24 18:23:01 #8 type.registry] 
New type domain.Sala

[2025-04-24 18:23:01 #9 type] 
Type domain.Sala is not enhanced.

[2025-04-24 18:23:01 #10 type.registry] 
New type domain.Sesion

[2025-04-24 18:23:01 #11 type] 
Type domain.Sesion is not enhanced.

[2025-04-24 18:23:01 #12 type.registry] 
New type domain.Reserva

[2025-04-24 18:23:01 #13 type.registry] 
New type domain.Actividad

[2025-04-24 18:23:01 #14 type] 
Type domain.Reserva is not enhanced.

[2025-04-24 18:23:01 #15 type] 
Type domain.Actividad is not enhanced.

[2025-04-24 18:23:01 #16 type.registry] 
New type domain.Encargado

[2025-04-24 18:23:01 #17 type] 
Type domain.Encargado is not enhanced.

[2025-04-24 18:23:01 #18 type.registry] 
New type java.util.Vector<java.lang.Object>

[2025-04-24 18:23:01 #19 type.registry] 
New type java.util.Vector<domain.Ride>

[2025-04-24 18:23:01 #20 type.registry] 
New type java.util.ArrayList<java.lang.Object>

[2025-04-24 18:23:01 #21 type.registry] 
New type java.util.ArrayList<domain.Sesion>

[2025-04-24 18:23:01 #22 type.registry] 
New type java.util.ArrayList<domain.Reserva>

------------------------------------------------------------------------------------------------------------------------

[2025-04-24 20:03:19 #1 store] 
Database 'C:\Users\Shirley\git\repository\polideportivo\Rides24\src\main\resources\rides.temp' is opened by 6440@LAPTOP-9IP7ANLF

[2025-04-24 20:03:19 #2 type.registry] 
New type domain.Driver

[2025-04-24 20:03:19 #3 type] 
Type domain.Driver is not enhanced.

[2025-04-24 20:03:19 #4 type.registry] 
New type domain.Ride

[2025-04-24 20:03:19 #5 type] 
Type domain.Ride is not enhanced.

[2025-04-24 20:03:19 #6 type.registry] 
New type domain.Socio

[2025-04-24 20:03:19 #7 type] 
Type domain.Socio is not enhanced.

[2025-04-24 20:03:19 #8 type.registry] 
New type domain.Sala

[2025-04-24 20:03:19 #9 type] 
Type domain.Sala is not enhanced.

[2025-04-24 20:03:19 #10 type.registry] 
New type domain.Sesion

[2025-04-24 20:03:19 #11 type] 
Type domain.Sesion is not enhanced.

[2025-04-24 20:03:19 #12 type.registry] 
New type domain.Reserva

[2025-04-24 20:03:19 #13 type.registry] 
New type domain.Actividad

[2025-04-24 20:03:19 #14 type] 
Type domain.Reserva is not enhanced.

[2025-04-24 20:03:19 #15 type] 
Type domain.Actividad is not enhanced.

[2025-04-24 20:03:19 #16 type.registry] 
New type domain.Encargado

[2025-04-24 20:03:19 #17 type] 
Type domain.Encargado is not enhanced.

[2025-04-24 20:03:19 #18 type.registry] 
New type java.util.Vector<java.lang.Object>

[2025-04-24 20:03:19 #19 type.registry] 
New type java.util.Vector<domain.Ride>

[2025-04-24 20:03:19 #20 type.registry] 
New type java.util.ArrayList<java.lang.Object>

[2025-04-24 20:03:19 #21 type.registry] 
New type java.util.ArrayList<domain.Sesion>

[2025-04-24 20:03:19 #22 type.registry] 
New type java.util.ArrayList<domain.Reserva>

------------------------------------------------------------------------------------------------------------------------

[2025-04-24 20:04:12 #1 store] 
Database 'C:\Users\Shirley\git\repository\polideportivo\Rides24\src\main\resources\rides.temp' is opened by 19984@LAPTOP-9IP7ANLF

[2025-04-24 20:04:13 #2 type.registry] 
New type domain.Driver

[2025-04-24 20:04:13 #3 type] 
Type domain.Driver is not enhanced.

[2025-04-24 20:04:13 #4 type.registry] 
New type domain.Ride

[2025-04-24 20:04:13 #5 type] 
Type domain.Ride is not enhanced.

[2025-04-24 20:04:13 #6 type.registry] 
New type domain.Socio

[2025-04-24 20:04:13 #7 type] 
Type domain.Socio is not enhanced.

[2025-04-24 20:04:13 #8 type.registry] 
New type domain.Sala

[2025-04-24 20:04:13 #9 type] 
Type domain.Sala is not enhanced.

[2025-04-24 20:04:13 #10 type.registry] 
New type domain.Sesion

[2025-04-24 20:04:13 #11 type] 
Type domain.Sesion is not enhanced.

[2025-04-24 20:04:13 #12 type.registry] 
New type domain.Reserva

[2025-04-24 20:04:13 #13 type.registry] 
New type domain.Actividad

[2025-04-24 20:04:13 #14 type] 
Type domain.Reserva is not enhanced.

[2025-04-24 20:04:13 #15 type] 
Type domain.Actividad is not enhanced.

[2025-04-24 20:04:13 #16 type.registry] 
New type domain.Encargado

[2025-04-24 20:04:13 #17 type] 
Type domain.Encargado is not enhanced.

[2025-04-24 20:04:13 #18 type.registry] 
New type java.util.Vector<java.lang.Object>

[2025-04-24 20:04:13 #19 type.registry] 
New type java.util.Vector<domain.Ride>

[2025-04-24 20:04:13 #20 type.registry] 
New type java.util.ArrayList<java.lang.Object>

[2025-04-24 20:04:13 #21 type.registry] 
New type java.util.ArrayList<domain.Sesion>

[2025-04-24 20:04:13 #22 type.registry] 
New type java.util.ArrayList<domain.Reserva>

[2025-04-24 20:04:30 #23 type.registry] 
New type domain.Factura

[2025-04-24 20:04:30 #24 type] 
Type domain.Factura is not enhanced.

------------------------------------------------------------------------------------------------------------------------

[2025-04-24 20:06:14 #1 store] 
Database 'C:\Users\Shirley\git\repository\polideportivo\Rides24\src\main\resources\rides.temp' is opened by 10484@LAPTOP-9IP7ANLF

[2025-04-24 20:06:14 #2 type.registry] 
New type domain.Driver

[2025-04-24 20:06:14 #3 type] 
Type domain.Driver is not enhanced.

[2025-04-24 20:06:14 #4 type.registry] 
New type domain.Ride

[2025-04-24 20:06:14 #5 type] 
Type domain.Ride is not enhanced.

[2025-04-24 20:06:14 #6 type.registry] 
New type domain.Socio

[2025-04-24 20:06:14 #7 type] 
Type domain.Socio is not enhanced.

[2025-04-24 20:06:14 #8 type.registry] 
New type domain.Sala

[2025-04-24 20:06:14 #9 type] 
Type domain.Sala is not enhanced.

[2025-04-24 20:06:14 #10 type.registry] 
New type domain.Sesion

[2025-04-24 20:06:14 #11 type] 
Type domain.Sesion is not enhanced.

[2025-04-24 20:06:14 #12 type.registry] 
New type domain.Reserva

[2025-04-24 20:06:14 #13 type.registry] 
New type domain.Actividad

[2025-04-24 20:06:14 #14 type] 
Type domain.Reserva is not enhanced.

[2025-04-24 20:06:14 #15 type] 
Type domain.Actividad is not enhanced.

[2025-04-24 20:06:14 #16 type.registry] 
New type domain.Encargado

[2025-04-24 20:06:14 #17 type] 
Type domain.Encargado is not enhanced.

[2025-04-24 20:06:14 #18 type.registry] 
New type java.util.Vector<java.lang.Object>

[2025-04-24 20:06:14 #19 type.registry] 
New type java.util.Vector<domain.Ride>

[2025-04-24 20:06:14 #20 type.registry] 
New type java.util.ArrayList<java.lang.Object>

[2025-04-24 20:06:14 #21 type.registry] 
New type java.util.ArrayList<domain.Sesion>

[2025-04-24 20:06:14 #22 type.registry] 
New type java.util.ArrayList<domain.Reserva>

------------------------------------------------------------------------------------------------------------------------

[2025-04-24 20:09:24 #1 store] 
Database 'C:\Users\Shirley\git\repository\polideportivo\Rides24\src\main\resources\rides.temp' is opened by 20252@LAPTOP-9IP7ANLF

[2025-04-24 20:09:24 #2 type.registry] 
New type domain.Driver

[2025-04-24 20:09:24 #3 type] 
Type domain.Driver is not enhanced.

[2025-04-24 20:09:24 #4 type.registry] 
New type domain.Ride

[2025-04-24 20:09:24 #5 type] 
Type domain.Ride is not enhanced.

[2025-04-24 20:09:24 #6 type.registry] 
New type domain.Socio

[2025-04-24 20:09:24 #7 type] 
Type domain.Socio is not enhanced.

[2025-04-24 20:09:24 #8 type.registry] 
New type domain.Sala

[2025-04-24 20:09:24 #9 type] 
Type domain.Sala is not enhanced.

[2025-04-24 20:09:24 #10 type.registry] 
New type domain.Sesion

[2025-04-24 20:09:24 #11 type] 
Type domain.Sesion is not enhanced.

[2025-04-24 20:09:24 #12 type.registry] 
New type domain.Reserva

[2025-04-24 20:09:24 #13 type.registry] 
New type domain.Actividad

[2025-04-24 20:09:24 #14 type] 
Type domain.Reserva is not enhanced.

[2025-04-24 20:09:24 #15 type] 
Type domain.Actividad is not enhanced.

[2025-04-24 20:09:24 #16 type.registry] 
New type domain.Encargado

[2025-04-24 20:09:24 #17 type] 
Type domain.Encargado is not enhanced.

[2025-04-24 20:09:24 #18 type.registry] 
New type java.util.Vector<java.lang.Object>

[2025-04-24 20:09:24 #19 type.registry] 
New type java.util.Vector<domain.Ride>

[2025-04-24 20:09:24 #20 type.registry] 
New type java.util.ArrayList<java.lang.Object>

[2025-04-24 20:09:24 #21 type.registry] 
New type java.util.ArrayList<domain.Sesion>

[2025-04-24 20:09:24 #22 type.registry] 
New type java.util.ArrayList<domain.Reserva>

------------------------------------------------------------------------------------------------------------------------

[2025-04-24 20:11:06 #1 store] 
Database 'C:\Users\Shirley\git\repository\polideportivo\Rides24\src\main\resources\rides.temp' is opened by 11196@LAPTOP-9IP7ANLF

[2025-04-24 20:11:06 #2 type.registry] 
New type domain.Driver

[2025-04-24 20:11:06 #3 type] 
Type domain.Driver is not enhanced.

[2025-04-24 20:11:06 #4 type.registry] 
New type domain.Ride

[2025-04-24 20:11:06 #5 type] 
Type domain.Ride is not enhanced.

[2025-04-24 20:11:06 #6 type.registry] 
New type domain.Socio

[2025-04-24 20:11:06 #7 type] 
Type domain.Socio is not enhanced.

[2025-04-24 20:11:06 #8 type.registry] 
New type domain.Sala

[2025-04-24 20:11:06 #9 type] 
Type domain.Sala is not enhanced.

[2025-04-24 20:11:06 #10 type.registry] 
New type domain.Sesion

[2025-04-24 20:11:06 #11 type] 
Type domain.Sesion is not enhanced.

[2025-04-24 20:11:06 #12 type.registry] 
New type domain.Reserva

[2025-04-24 20:11:06 #13 type.registry] 
New type domain.Actividad

[2025-04-24 20:11:06 #14 type] 
Type domain.Reserva is not enhanced.

[2025-04-24 20:11:06 #15 type] 
Type domain.Actividad is not enhanced.

[2025-04-24 20:11:06 #16 type.registry] 
New type domain.Encargado

[2025-04-24 20:11:06 #17 type] 
Type domain.Encargado is not enhanced.

[2025-04-24 20:11:06 #18 type.registry] 
New type java.util.Vector<java.lang.Object>

[2025-04-24 20:11:06 #19 type.registry] 
New type java.util.Vector<domain.Ride>

[2025-04-24 20:11:06 #20 type.registry] 
New type java.util.ArrayList<java.lang.Object>

[2025-04-24 20:11:06 #21 type.registry] 
New type java.util.ArrayList<domain.Sesion>

[2025-04-24 20:11:06 #22 type.registry] 
New type java.util.ArrayList<domain.Reserva>

[2025-04-24 20:12:55 #23 type.registry] 
New type domain.Factura

[2025-04-24 20:12:55 #24 type] 
Type domain.Factura is not enhanced.

------------------------------------------------------------------------------------------------------------------------

[2025-04-24 20:24:54 #1 store] 
Database 'C:\Users\Shirley\git\repository\polideportivo\Rides24\src\main\resources\rides.temp' is opened by 12056@LAPTOP-9IP7ANLF

[2025-04-24 20:24:55 #2 type.registry] 
New type domain.Driver

[2025-04-24 20:24:55 #3 type] 
Type domain.Driver is not enhanced.

[2025-04-24 20:24:55 #4 type.registry] 
New type domain.Ride

[2025-04-24 20:24:55 #5 type] 
Type domain.Ride is not enhanced.

[2025-04-24 20:24:55 #6 type.registry] 
New type domain.Socio

[2025-04-24 20:24:55 #7 type] 
Type domain.Socio is not enhanced.

[2025-04-24 20:24:55 #8 type.registry] 
New type domain.Sala

[2025-04-24 20:24:55 #9 type] 
Type domain.Sala is not enhanced.

[2025-04-24 20:24:55 #10 type.registry] 
New type domain.Sesion

[2025-04-24 20:24:55 #11 type] 
Type domain.Sesion is not enhanced.

[2025-04-24 20:24:55 #12 type.registry] 
New type domain.Reserva

[2025-04-24 20:24:55 #13 type.registry] 
New type domain.Actividad

[2025-04-24 20:24:55 #14 type] 
Type domain.Reserva is not enhanced.

[2025-04-24 20:24:55 #15 type] 
Type domain.Actividad is not enhanced.

[2025-04-24 20:24:55 #16 type.registry] 
New type domain.Encargado

[2025-04-24 20:24:55 #17 type] 
Type domain.Encargado is not enhanced.

[2025-04-24 20:24:55 #18 type.registry] 
New type java.util.Vector<java.lang.Object>

[2025-04-24 20:24:55 #19 type.registry] 
New type java.util.Vector<domain.Ride>

[2025-04-24 20:24:55 #20 type.registry] 
New type java.util.ArrayList<java.lang.Object>

[2025-04-24 20:24:55 #21 type.registry] 
New type java.util.ArrayList<domain.Sesion>

[2025-04-24 20:24:55 #22 type.registry] 
New type java.util.ArrayList<domain.Reserva>

------------------------------------------------------------------------------------------------------------------------

[2025-04-24 20:30:35 #1 store] 
Database 'C:\Users\Shirley\git\repository\polideportivo\Rides24\src\main\resources\rides.temp' is opened by 18932@LAPTOP-9IP7ANLF

[2025-04-24 20:30:35 #2 type.registry] 
New type domain.Driver

[2025-04-24 20:30:35 #3 type] 
Type domain.Driver is not enhanced.

[2025-04-24 20:30:35 #4 type.registry] 
New type domain.Ride

[2025-04-24 20:30:35 #5 type] 
Type domain.Ride is not enhanced.

[2025-04-24 20:30:35 #6 type.registry] 
New type domain.Socio

[2025-04-24 20:30:35 #7 type] 
Type domain.Socio is not enhanced.

[2025-04-24 20:30:35 #8 type.registry] 
New type domain.Sala

[2025-04-24 20:30:35 #9 type] 
Type domain.Sala is not enhanced.

[2025-04-24 20:30:35 #10 type.registry] 
New type domain.Sesion

[2025-04-24 20:30:35 #11 type] 
Type domain.Sesion is not enhanced.

[2025-04-24 20:30:35 #12 type.registry] 
New type domain.Reserva

[2025-04-24 20:30:35 #13 type.registry] 
New type domain.Actividad

[2025-04-24 20:30:35 #14 type] 
Type domain.Reserva is not enhanced.

[2025-04-24 20:30:35 #15 type] 
Type domain.Actividad is not enhanced.

[2025-04-24 20:30:35 #16 type.registry] 
New type domain.Encargado

[2025-04-24 20:30:35 #17 type] 
Type domain.Encargado is not enhanced.

[2025-04-24 20:30:35 #18 type.registry] 
New type java.util.Vector<java.lang.Object>

[2025-04-24 20:30:35 #19 type.registry] 
New type java.util.Vector<domain.Ride>

[2025-04-24 20:30:35 #20 type.registry] 
New type java.util.ArrayList<java.lang.Object>

[2025-04-24 20:30:35 #21 type.registry] 
New type java.util.ArrayList<domain.Sesion>

[2025-04-24 20:30:35 #22 type.registry] 
New type java.util.ArrayList<domain.Reserva>

------------------------------------------------------------------------------------------------------------------------

[2025-04-24 20:33:26 #1 store] 
Database 'C:\Users\Shirley\git\repository\polideportivo\Rides24\src\main\resources\rides.temp' is opened by 3160@LAPTOP-9IP7ANLF

[2025-04-24 20:33:26 #2 type.registry] 
New type domain.Driver

[2025-04-24 20:33:26 #3 type] 
Type domain.Driver is not enhanced.

[2025-04-24 20:33:26 #4 type.registry] 
New type domain.Ride

[2025-04-24 20:33:26 #5 type] 
Type domain.Ride is not enhanced.

[2025-04-24 20:33:26 #6 type.registry] 
New type domain.Socio

[2025-04-24 20:33:26 #7 type] 
Type domain.Socio is not enhanced.

[2025-04-24 20:33:26 #8 type.registry] 
New type domain.Sala

[2025-04-24 20:33:26 #9 type] 
Type domain.Sala is not enhanced.

[2025-04-24 20:33:26 #10 type.registry] 
New type domain.Sesion

[2025-04-24 20:33:26 #11 type] 
Type domain.Sesion is not enhanced.

[2025-04-24 20:33:26 #12 type.registry] 
New type domain.Reserva

[2025-04-24 20:33:26 #13 type.registry] 
New type domain.Actividad

[2025-04-24 20:33:26 #14 type] 
Type domain.Reserva is not enhanced.

[2025-04-24 20:33:26 #15 type] 
Type domain.Actividad is not enhanced.

[2025-04-24 20:33:26 #16 type.registry] 
New type domain.Encargado

[2025-04-24 20:33:26 #17 type] 
Type domain.Encargado is not enhanced.

[2025-04-24 20:33:26 #18 type.registry] 
New type java.util.Vector<java.lang.Object>

[2025-04-24 20:33:26 #19 type.registry] 
New type java.util.Vector<domain.Ride>

[2025-04-24 20:33:26 #20 type.registry] 
New type java.util.ArrayList<java.lang.Object>

[2025-04-24 20:33:26 #21 type.registry] 
New type java.util.ArrayList<domain.Sesion>

[2025-04-24 20:33:26 #22 type.registry] 
New type java.util.ArrayList<domain.Reserva>

------------------------------------------------------------------------------------------------------------------------

[2025-04-24 20:33:54 #1 store] 
Database 'C:\Users\Shirley\git\repository\polideportivo\Rides24\src\main\resources\rides.temp' is opened by 20896@LAPTOP-9IP7ANLF

[2025-04-24 20:33:54 #2 type.registry] 
New type domain.Driver

[2025-04-24 20:33:54 #3 type] 
Type domain.Driver is not enhanced.

[2025-04-24 20:33:54 #4 type.registry] 
New type domain.Ride

[2025-04-24 20:33:54 #5 type] 
Type domain.Ride is not enhanced.

[2025-04-24 20:33:54 #6 type.registry] 
New type domain.Socio

[2025-04-24 20:33:54 #7 type] 
Type domain.Socio is not enhanced.

[2025-04-24 20:33:54 #8 type.registry] 
New type domain.Sala

[2025-04-24 20:33:54 #9 type] 
Type domain.Sala is not enhanced.

[2025-04-24 20:33:54 #10 type.registry] 
New type domain.Sesion

[2025-04-24 20:33:54 #11 type] 
Type domain.Sesion is not enhanced.

[2025-04-24 20:33:54 #12 type.registry] 
New type domain.Reserva

[2025-04-24 20:33:54 #13 type.registry] 
New type domain.Actividad

[2025-04-24 20:33:54 #14 type] 
Type domain.Reserva is not enhanced.

[2025-04-24 20:33:54 #15 type] 
Type domain.Actividad is not enhanced.

[2025-04-24 20:33:54 #16 type.registry] 
New type domain.Encargado

[2025-04-24 20:33:54 #17 type] 
Type domain.Encargado is not enhanced.

[2025-04-24 20:33:54 #18 type.registry] 
New type java.util.Vector<java.lang.Object>

[2025-04-24 20:33:54 #19 type.registry] 
New type java.util.Vector<domain.Ride>

[2025-04-24 20:33:54 #20 type.registry] 
New type java.util.ArrayList<java.lang.Object>

[2025-04-24 20:33:54 #21 type.registry] 
New type java.util.ArrayList<domain.Sesion>

[2025-04-24 20:33:54 #22 type.registry] 
New type java.util.ArrayList<domain.Reserva>

------------------------------------------------------------------------------------------------------------------------

[2025-04-24 20:36:07 #1 store] 
Database 'C:\Users\Shirley\git\repository\polideportivo\Rides24\src\main\resources\rides.temp' is opened by 12196@LAPTOP-9IP7ANLF

[2025-04-24 20:36:07 #2 type.registry] 
New type domain.Driver

[2025-04-24 20:36:07 #3 type] 
Type domain.Driver is not enhanced.

[2025-04-24 20:36:07 #4 type.registry] 
New type domain.Ride

[2025-04-24 20:36:07 #5 type] 
Type domain.Ride is not enhanced.

[2025-04-24 20:36:07 #6 type.registry] 
New type domain.Socio

[2025-04-24 20:36:07 #7 type] 
Type domain.Socio is not enhanced.

[2025-04-24 20:36:07 #8 type.registry] 
New type domain.Sala

[2025-04-24 20:36:07 #9 type] 
Type domain.Sala is not enhanced.

[2025-04-24 20:36:07 #10 type.registry] 
New type domain.Sesion

[2025-04-24 20:36:07 #11 type] 
Type domain.Sesion is not enhanced.

[2025-04-24 20:36:07 #12 type.registry] 
New type domain.Reserva

[2025-04-24 20:36:07 #13 type.registry] 
New type domain.Actividad

[2025-04-24 20:36:07 #14 type] 
Type domain.Reserva is not enhanced.

[2025-04-24 20:36:07 #15 type] 
Type domain.Actividad is not enhanced.

[2025-04-24 20:36:07 #16 type.registry] 
New type domain.Encargado

[2025-04-24 20:36:07 #17 type] 
Type domain.Encargado is not enhanced.

[2025-04-24 20:36:07 #18 type.registry] 
New type java.util.Vector<java.lang.Object>

[2025-04-24 20:36:07 #19 type.registry] 
New type java.util.Vector<domain.Ride>

[2025-04-24 20:36:07 #20 type.registry] 
New type java.util.ArrayList<java.lang.Object>

[2025-04-24 20:36:07 #21 type.registry] 
New type java.util.ArrayList<domain.Sesion>

[2025-04-24 20:36:07 #22 type.registry] 
New type java.util.ArrayList<domain.Reserva>

------------------------------------------------------------------------------------------------------------------------

[2025-04-24 20:43:38 #1 store] 
Database 'C:\Users\Shirley\git\repository\polideportivo\Rides24\src\main\resources\rides.temp' is opened by 16768@LAPTOP-9IP7ANLF

[2025-04-24 20:43:38 #2 type.registry] 
New type domain.Driver

[2025-04-24 20:43:38 #3 type] 
Type domain.Driver is not enhanced.

[2025-04-24 20:43:38 #4 type.registry] 
New type domain.Ride

[2025-04-24 20:43:38 #5 type] 
Type domain.Ride is not enhanced.

[2025-04-24 20:43:38 #6 type.registry] 
New type domain.Socio

[2025-04-24 20:43:38 #7 type] 
Type domain.Socio is not enhanced.

[2025-04-24 20:43:38 #8 type.registry] 
New type domain.Sala

[2025-04-24 20:43:38 #9 type] 
Type domain.Sala is not enhanced.

[2025-04-24 20:43:38 #10 type.registry] 
New type domain.Sesion

[2025-04-24 20:43:38 #11 type] 
Type domain.Sesion is not enhanced.

[2025-04-24 20:43:38 #12 type.registry] 
New type domain.Reserva

[2025-04-24 20:43:38 #13 type.registry] 
New type domain.Actividad

[2025-04-24 20:43:38 #14 type] 
Type domain.Reserva is not enhanced.

[2025-04-24 20:43:38 #15 type] 
Type domain.Actividad is not enhanced.

[2025-04-24 20:43:38 #16 type.registry] 
New type domain.Encargado

[2025-04-24 20:43:38 #17 type] 
Type domain.Encargado is not enhanced.

[2025-04-24 20:43:38 #18 type.registry] 
New type java.util.Vector<java.lang.Object>

[2025-04-24 20:43:38 #19 type.registry] 
New type java.util.Vector<domain.Ride>

[2025-04-24 20:43:38 #20 type.registry] 
New type java.util.ArrayList<java.lang.Object>

[2025-04-24 20:43:38 #21 type.registry] 
New type java.util.ArrayList<domain.Sesion>

[2025-04-24 20:43:38 #22 type.registry] 
New type java.util.ArrayList<domain.Reserva>

------------------------------------------------------------------------------------------------------------------------

[2025-04-24 20:43:50 #1 store] 
Database 'C:\Users\Shirley\git\repository\polideportivo\Rides24\src\main\resources\rides.temp' is opened by 21448@LAPTOP-9IP7ANLF

[2025-04-24 20:43:50 #2 type.registry] 
New type domain.Driver

[2025-04-24 20:43:50 #3 type] 
Type domain.Driver is not enhanced.

[2025-04-24 20:43:50 #4 type.registry] 
New type domain.Ride

[2025-04-24 20:43:50 #5 type] 
Type domain.Ride is not enhanced.

[2025-04-24 20:43:50 #6 type.registry] 
New type domain.Socio

[2025-04-24 20:43:50 #7 type] 
Type domain.Socio is not enhanced.

[2025-04-24 20:43:50 #8 type.registry] 
New type domain.Sala

[2025-04-24 20:43:50 #9 type] 
Type domain.Sala is not enhanced.

[2025-04-24 20:43:50 #10 type.registry] 
New type domain.Sesion

[2025-04-24 20:43:50 #11 type] 
Type domain.Sesion is not enhanced.

[2025-04-24 20:43:50 #12 type.registry] 
New type domain.Reserva

[2025-04-24 20:43:50 #13 type.registry] 
New type domain.Actividad

[2025-04-24 20:43:50 #14 type] 
Type domain.Reserva is not enhanced.

[2025-04-24 20:43:50 #15 type] 
Type domain.Actividad is not enhanced.

[2025-04-24 20:43:50 #16 type.registry] 
New type domain.Encargado

[2025-04-24 20:43:50 #17 type] 
Type domain.Encargado is not enhanced.

[2025-04-24 20:43:50 #18 type.registry] 
New type java.util.Vector<java.lang.Object>

[2025-04-24 20:43:50 #19 type.registry] 
New type java.util.Vector<domain.Ride>

[2025-04-24 20:43:50 #20 type.registry] 
New type java.util.ArrayList<java.lang.Object>

[2025-04-24 20:43:50 #21 type.registry] 
New type java.util.ArrayList<domain.Sesion>

[2025-04-24 20:43:50 #22 type.registry] 
New type java.util.ArrayList<domain.Reserva>

------------------------------------------------------------------------------------------------------------------------

[2025-04-24 20:47:29 #1 store] 
Database 'C:\Users\Shirley\git\repository\polideportivo\Rides24\src\main\resources\rides.temp' is opened by 15480@LAPTOP-9IP7ANLF

[2025-04-24 20:47:29 #2 type.registry] 
New type domain.Driver

[2025-04-24 20:47:29 #3 type] 
Type domain.Driver is not enhanced.

[2025-04-24 20:47:29 #4 type.registry] 
New type domain.Ride

[2025-04-24 20:47:29 #5 type] 
Type domain.Ride is not enhanced.

[2025-04-24 20:47:29 #6 type.registry] 
New type domain.Socio

[2025-04-24 20:47:29 #7 type] 
Type domain.Socio is not enhanced.

[2025-04-24 20:47:29 #8 type.registry] 
New type domain.Sala

[2025-04-24 20:47:29 #9 type] 
Type domain.Sala is not enhanced.

[2025-04-24 20:47:29 #10 type.registry] 
New type domain.Sesion

[2025-04-24 20:47:29 #11 type] 
Type domain.Sesion is not enhanced.

[2025-04-24 20:47:29 #12 type.registry] 
New type domain.Reserva

[2025-04-24 20:47:29 #13 type.registry] 
New type domain.Actividad

[2025-04-24 20:47:29 #14 type] 
Type domain.Reserva is not enhanced.

[2025-04-24 20:47:29 #15 type] 
Type domain.Actividad is not enhanced.

[2025-04-24 20:47:29 #16 type.registry] 
New type domain.Encargado

[2025-04-24 20:47:29 #17 type] 
Type domain.Encargado is not enhanced.

[2025-04-24 20:47:29 #18 type.registry] 
New type java.util.Vector<java.lang.Object>

[2025-04-24 20:47:29 #19 type.registry] 
New type java.util.Vector<domain.Ride>

[2025-04-24 20:47:29 #20 type.registry] 
New type java.util.ArrayList<java.lang.Object>

[2025-04-24 20:47:29 #21 type.registry] 
New type java.util.ArrayList<domain.Sesion>

[2025-04-24 20:47:29 #22 type.registry] 
New type java.util.ArrayList<domain.Reserva>

------------------------------------------------------------------------------------------------------------------------

[2025-04-24 20:47:47 #1 store] 
Database 'C:\Users\Shirley\git\repository\polideportivo\Rides24\src\main\resources\rides.temp' is opened by 19900@LAPTOP-9IP7ANLF

[2025-04-24 20:47:47 #2 type.registry] 
New type domain.Driver

[2025-04-24 20:47:47 #3 type] 
Type domain.Driver is not enhanced.

[2025-04-24 20:47:47 #4 type.registry] 
New type domain.Ride

[2025-04-24 20:47:47 #5 type] 
Type domain.Ride is not enhanced.

[2025-04-24 20:47:47 #6 type.registry] 
New type domain.Socio

[2025-04-24 20:47:47 #7 type] 
Type domain.Socio is not enhanced.

[2025-04-24 20:47:47 #8 type.registry] 
New type domain.Sala

[2025-04-24 20:47:47 #9 type] 
Type domain.Sala is not enhanced.

[2025-04-24 20:47:47 #10 type.registry] 
New type domain.Sesion

[2025-04-24 20:47:47 #11 type] 
Type domain.Sesion is not enhanced.

[2025-04-24 20:47:47 #12 type.registry] 
New type domain.Reserva

[2025-04-24 20:47:47 #13 type.registry] 
New type domain.Actividad

[2025-04-24 20:47:47 #14 type] 
Type domain.Reserva is not enhanced.

[2025-04-24 20:47:47 #15 type] 
Type domain.Actividad is not enhanced.

[2025-04-24 20:47:47 #16 type.registry] 
New type domain.Encargado

[2025-04-24 20:47:47 #17 type] 
Type domain.Encargado is not enhanced.

[2025-04-24 20:47:47 #18 type.registry] 
New type java.util.Vector<java.lang.Object>

[2025-04-24 20:47:47 #19 type.registry] 
New type java.util.Vector<domain.Ride>

[2025-04-24 20:47:47 #20 type.registry] 
New type java.util.ArrayList<java.lang.Object>

[2025-04-24 20:47:47 #21 type.registry] 
New type java.util.ArrayList<domain.Sesion>

[2025-04-24 20:47:47 #22 type.registry] 
New type java.util.ArrayList<domain.Reserva>

------------------------------------------------------------------------------------------------------------------------

[2025-04-24 20:53:00 #1 store] 
Database 'C:\Users\Shirley\git\repository\polideportivo\Rides24\src\main\resources\rides.temp' is opened by 8952@LAPTOP-9IP7ANLF

[2025-04-24 20:53:01 #2 type.registry] 
New type domain.Driver

[2025-04-24 20:53:01 #3 type] 
Type domain.Driver is not enhanced.

[2025-04-24 20:53:01 #4 type.registry] 
New type domain.Ride

[2025-04-24 20:53:01 #5 type] 
Type domain.Ride is not enhanced.

[2025-04-24 20:53:01 #6 type.registry] 
New type domain.Socio

[2025-04-24 20:53:01 #7 type] 
Type domain.Socio is not enhanced.

[2025-04-24 20:53:01 #8 type.registry] 
New type domain.Sala

[2025-04-24 20:53:01 #9 type] 
Type domain.Sala is not enhanced.

[2025-04-24 20:53:01 #10 type.registry] 
New type domain.Sesion

[2025-04-24 20:53:01 #11 type] 
Type domain.Sesion is not enhanced.

[2025-04-24 20:53:01 #12 type.registry] 
New type domain.Reserva

[2025-04-24 20:53:01 #13 type.registry] 
New type domain.Actividad

[2025-04-24 20:53:01 #14 type] 
Type domain.Reserva is not enhanced.

[2025-04-24 20:53:01 #15 type] 
Type domain.Actividad is not enhanced.

[2025-04-24 20:53:01 #16 type.registry] 
New type domain.Encargado

[2025-04-24 20:53:01 #17 type] 
Type domain.Encargado is not enhanced.

[2025-04-24 20:53:01 #18 type.registry] 
New type java.util.Vector<java.lang.Object>

[2025-04-24 20:53:01 #19 type.registry] 
New type java.util.Vector<domain.Ride>

[2025-04-24 20:53:01 #20 type.registry] 
New type java.util.ArrayList<java.lang.Object>

[2025-04-24 20:53:01 #21 type.registry] 
New type java.util.ArrayList<domain.Sesion>

[2025-04-24 20:53:01 #22 type.registry] 
New type java.util.ArrayList<domain.Reserva>

------------------------------------------------------------------------------------------------------------------------

[2025-04-24 20:54:41 #1 store] 
Database 'C:\Users\Shirley\git\repository\polideportivo\Rides24\src\main\resources\rides.temp' is opened by 20564@LAPTOP-9IP7ANLF

[2025-04-24 20:54:41 #2 type.registry] 
New type domain.Driver

[2025-04-24 20:54:41 #3 type] 
Type domain.Driver is not enhanced.

[2025-04-24 20:54:41 #4 type.registry] 
New type domain.Ride

[2025-04-24 20:54:41 #5 type] 
Type domain.Ride is not enhanced.

[2025-04-24 20:54:41 #6 type.registry] 
New type domain.Socio

[2025-04-24 20:54:41 #7 type] 
Type domain.Socio is not enhanced.

[2025-04-24 20:54:41 #8 type.registry] 
New type domain.Sala

[2025-04-24 20:54:41 #9 type] 
Type domain.Sala is not enhanced.

[2025-04-24 20:54:41 #10 type.registry] 
New type domain.Sesion

[2025-04-24 20:54:41 #11 type] 
Type domain.Sesion is not enhanced.

[2025-04-24 20:54:41 #12 type.registry] 
New type domain.Reserva

[2025-04-24 20:54:41 #13 type.registry] 
New type domain.Actividad

[2025-04-24 20:54:41 #14 type] 
Type domain.Reserva is not enhanced.

[2025-04-24 20:54:41 #15 type] 
Type domain.Actividad is not enhanced.

[2025-04-24 20:54:41 #16 type.registry] 
New type domain.Encargado

[2025-04-24 20:54:41 #17 type] 
Type domain.Encargado is not enhanced.

[2025-04-24 20:54:41 #18 type.registry] 
New type java.util.Vector<java.lang.Object>

[2025-04-24 20:54:41 #19 type.registry] 
New type java.util.Vector<domain.Ride>

[2025-04-24 20:54:41 #20 type.registry] 
New type java.util.ArrayList<java.lang.Object>

[2025-04-24 20:54:41 #21 type.registry] 
New type java.util.ArrayList<domain.Sesion>

[2025-04-24 20:54:41 #22 type.registry] 
New type java.util.ArrayList<domain.Reserva>

------------------------------------------------------------------------------------------------------------------------

[2025-04-24 20:56:30 #1 store] 
Database 'C:\Users\Shirley\git\repository\polideportivo\Rides24\src\main\resources\rides.temp' is opened by 1852@LAPTOP-9IP7ANLF

[2025-04-24 20:56:30 #2 type.registry] 
New type domain.Driver

[2025-04-24 20:56:30 #3 type] 
Type domain.Driver is not enhanced.

[2025-04-24 20:56:30 #4 type.registry] 
New type domain.Ride

[2025-04-24 20:56:30 #5 type] 
Type domain.Ride is not enhanced.

[2025-04-24 20:56:30 #6 type.registry] 
New type domain.Socio

[2025-04-24 20:56:30 #7 type] 
Type domain.Socio is not enhanced.

[2025-04-24 20:56:30 #8 type.registry] 
New type domain.Sala

[2025-04-24 20:56:30 #9 type] 
Type domain.Sala is not enhanced.

[2025-04-24 20:56:30 #10 type.registry] 
New type domain.Sesion

[2025-04-24 20:56:30 #11 type] 
Type domain.Sesion is not enhanced.

[2025-04-24 20:56:30 #12 type.registry] 
New type domain.Reserva

[2025-04-24 20:56:30 #13 type.registry] 
New type domain.Actividad

[2025-04-24 20:56:30 #14 type] 
Type domain.Reserva is not enhanced.

[2025-04-24 20:56:30 #15 type] 
Type domain.Actividad is not enhanced.

[2025-04-24 20:56:30 #16 type.registry] 
New type domain.Encargado

[2025-04-24 20:56:30 #17 type] 
Type domain.Encargado is not enhanced.

[2025-04-24 20:56:30 #18 type.registry] 
New type java.util.Vector<java.lang.Object>

[2025-04-24 20:56:30 #19 type.registry] 
New type java.util.Vector<domain.Ride>

[2025-04-24 20:56:30 #20 type.registry] 
New type java.util.ArrayList<java.lang.Object>

[2025-04-24 20:56:30 #21 type.registry] 
New type java.util.ArrayList<domain.Sesion>

[2025-04-24 20:56:30 #22 type.registry] 
New type java.util.ArrayList<domain.Reserva>

