------------------------------------------------------------------------------------------------------------------------

[2025-05-12 15:07:32 #1 store] 
Database 'C:\Users\Shirley\git\repository\polideportivo\Rides24\src\main\resources\rides.temp' is opened by 2572@LAPTOP-9IP7ANLF

[2025-05-12 15:07:32 #2 type.registry] 
New type domain.Driver

[2025-05-12 15:07:32 #3 type] 
Type domain.Driver is not enhanced.

[2025-05-12 15:07:32 #4 type.registry] 
New type domain.Ride

[2025-05-12 15:07:32 #5 type] 
Type domain.Ride is not enhanced.

[2025-05-12 15:07:32 #6 type.registry] 
New type domain.Socio

[2025-05-12 15:07:32 #7 type] 
Type domain.Socio is not enhanced.

[2025-05-12 15:07:32 #8 type.registry] 
New type domain.Sala

[2025-05-12 15:07:32 #9 type] 
Type domain.Sala is not enhanced.

[2025-05-12 15:07:32 #10 type.registry] 
New type domain.Sesion

[2025-05-12 15:07:32 #11 type] 
Type domain.Sesion is not enhanced.

[2025-05-12 15:07:32 #12 type.registry] 
New type domain.Reserva

[2025-05-12 15:07:32 #13 type.registry] 
New type domain.Actividad

[2025-05-12 15:07:32 #14 type] 
Type domain.Reserva is not enhanced.

[2025-05-12 15:07:32 #15 type] 
Type domain.Actividad is not enhanced.

[2025-05-12 15:07:32 #16 type.registry] 
New type domain.Encargado

[2025-05-12 15:07:32 #17 type] 
Type domain.Encargado is not enhanced.

[2025-05-12 15:07:32 #18 type.registry] 
New type java.util.Vector<java.lang.Object>

[2025-05-12 15:07:32 #19 type.registry] 
New type java.util.Vector<domain.Ride>

[2025-05-12 15:07:32 #20 type.registry] 
New type java.util.ArrayList<java.lang.Object>

[2025-05-12 15:07:32 #21 type.registry] 
New type java.util.ArrayList<domain.Sesion>

[2025-05-12 15:07:32 #22 type.registry] 
New type java.util.ArrayList<domain.Reserva>

------------------------------------------------------------------------------------------------------------------------

[2025-05-12 15:15:19 #1 store] 
Database 'C:\Users\Shirley\git\repository\polideportivo\Rides24\src\main\resources\rides.temp' is opened by 18500@LAPTOP-9IP7ANLF

[2025-05-12 15:15:19 #2 type.registry] 
New type domain.Driver

[2025-05-12 15:15:19 #3 type] 
Type domain.Driver is not enhanced.

[2025-05-12 15:15:19 #4 type.registry] 
New type domain.Ride

[2025-05-12 15:15:19 #5 type] 
Type domain.Ride is not enhanced.

[2025-05-12 15:15:19 #6 type.registry] 
New type domain.Socio

[2025-05-12 15:15:19 #7 type] 
Type domain.Socio is not enhanced.

[2025-05-12 15:15:19 #8 type.registry] 
New type domain.Sala

[2025-05-12 15:15:19 #9 type] 
Type domain.Sala is not enhanced.

[2025-05-12 15:15:19 #10 type.registry] 
New type domain.Sesion

[2025-05-12 15:15:19 #11 type] 
Type domain.Sesion is not enhanced.

[2025-05-12 15:15:19 #12 type.registry] 
New type domain.Reserva

[2025-05-12 15:15:19 #13 type.registry] 
New type domain.Actividad

[2025-05-12 15:15:19 #14 type] 
Type domain.Reserva is not enhanced.

[2025-05-12 15:15:19 #15 type] 
Type domain.Actividad is not enhanced.

[2025-05-12 15:15:19 #16 type.registry] 
New type domain.Encargado

[2025-05-12 15:15:19 #17 type] 
Type domain.Encargado is not enhanced.

[2025-05-12 15:15:19 #18 type.registry] 
New type java.util.Vector<java.lang.Object>

[2025-05-12 15:15:19 #19 type.registry] 
New type java.util.Vector<domain.Ride>

[2025-05-12 15:15:19 #20 type.registry] 
New type java.util.ArrayList<java.lang.Object>

[2025-05-12 15:15:19 #21 type.registry] 
New type java.util.ArrayList<domain.Sesion>

[2025-05-12 15:15:19 #22 type.registry] 
New type java.util.ArrayList<domain.Reserva>

[2025-05-12 15:15:36 #23 type.registry] 
New type domain.Factura

[2025-05-12 15:15:36 #24 type] 
Type domain.Factura is not enhanced.

------------------------------------------------------------------------------------------------------------------------

[2025-05-12 15:30:00 #1 store] 
Database 'C:\Users\Shirley\git\repository\polideportivo\Rides24\src\main\resources\rides.temp' is opened by 21348@LAPTOP-9IP7ANLF

[2025-05-12 15:30:00 #2 type.registry] 
New type domain.Driver

[2025-05-12 15:30:00 #3 type] 
Type domain.Driver is not enhanced.

[2025-05-12 15:30:00 #4 type.registry] 
New type domain.Ride

[2025-05-12 15:30:00 #5 type] 
Type domain.Ride is not enhanced.

[2025-05-12 15:30:00 #6 type.registry] 
New type domain.Socio

[2025-05-12 15:30:00 #7 type] 
Type domain.Socio is not enhanced.

[2025-05-12 15:30:00 #8 type.registry] 
New type domain.Sala

[2025-05-12 15:30:00 #9 type] 
Type domain.Sala is not enhanced.

[2025-05-12 15:30:00 #10 type.registry] 
New type domain.Sesion

[2025-05-12 15:30:00 #11 type] 
Type domain.Sesion is not enhanced.

[2025-05-12 15:30:00 #12 type.registry] 
New type domain.Reserva

[2025-05-12 15:30:00 #13 type.registry] 
New type domain.Actividad

[2025-05-12 15:30:00 #14 type] 
Type domain.Reserva is not enhanced.

[2025-05-12 15:30:00 #15 type] 
Type domain.Actividad is not enhanced.

[2025-05-12 15:30:00 #16 type.registry] 
New type domain.Encargado

[2025-05-12 15:30:00 #17 type] 
Type domain.Encargado is not enhanced.

[2025-05-12 15:30:00 #18 type.registry] 
New type java.util.Vector<java.lang.Object>

[2025-05-12 15:30:00 #19 type.registry] 
New type java.util.Vector<domain.Ride>

[2025-05-12 15:30:00 #20 type.registry] 
New type java.util.ArrayList<java.lang.Object>

[2025-05-12 15:30:00 #21 type.registry] 
New type java.util.ArrayList<domain.Sesion>

[2025-05-12 15:30:00 #22 type.registry] 
New type java.util.ArrayList<domain.Reserva>

[2025-05-12 15:30:16 #23 type.registry] 
New type domain.Factura

[2025-05-12 15:30:16 #24 type] 
Type domain.Factura is not enhanced.

------------------------------------------------------------------------------------------------------------------------

[2025-05-12 15:33:11 #1 store] 
Database 'C:\Users\Shirley\git\repository\polideportivo\Rides24\src\main\resources\rides.temp' is opened by 5408@LAPTOP-9IP7ANLF

[2025-05-12 15:33:11 #2 type.registry] 
New type domain.Driver

[2025-05-12 15:33:11 #3 type] 
Type domain.Driver is not enhanced.

[2025-05-12 15:33:11 #4 type.registry] 
New type domain.Ride

[2025-05-12 15:33:11 #5 type] 
Type domain.Ride is not enhanced.

[2025-05-12 15:33:11 #6 type.registry] 
New type domain.Socio

[2025-05-12 15:33:11 #7 type] 
Type domain.Socio is not enhanced.

[2025-05-12 15:33:11 #8 type.registry] 
New type domain.Sala

[2025-05-12 15:33:11 #9 type] 
Type domain.Sala is not enhanced.

[2025-05-12 15:33:11 #10 type.registry] 
New type domain.Sesion

[2025-05-12 15:33:11 #11 type] 
Type domain.Sesion is not enhanced.

[2025-05-12 15:33:11 #12 type.registry] 
New type domain.Reserva

[2025-05-12 15:33:11 #13 type.registry] 
New type domain.Actividad

[2025-05-12 15:33:11 #14 type] 
Type domain.Reserva is not enhanced.

[2025-05-12 15:33:11 #15 type] 
Type domain.Actividad is not enhanced.

[2025-05-12 15:33:11 #16 type.registry] 
New type domain.Encargado

[2025-05-12 15:33:11 #17 type] 
Type domain.Encargado is not enhanced.

[2025-05-12 15:33:11 #18 type.registry] 
New type java.util.Vector<java.lang.Object>

[2025-05-12 15:33:11 #19 type.registry] 
New type java.util.Vector<domain.Ride>

[2025-05-12 15:33:11 #20 type.registry] 
New type java.util.ArrayList<java.lang.Object>

[2025-05-12 15:33:11 #21 type.registry] 
New type java.util.ArrayList<domain.Sesion>

[2025-05-12 15:33:11 #22 type.registry] 
New type java.util.ArrayList<domain.Reserva>

[2025-05-12 15:33:31 #23 type.registry] 
New type domain.Factura

[2025-05-12 15:33:31 #24 type] 
Type domain.Factura is not enhanced.

