------------------------------------------------------------------------------------------------------------------------

[2025-05-15 15:43:29 #1 store] 
Database 'C:\Users\Shirley\git\repository\polideportivo\Rides24\src\main\resources\rides.temp' is opened by 20412@LAPTOP-9IP7ANLF

[2025-05-15 15:43:29 #2 type.registry] 
New type domain.Driver

[2025-05-15 15:43:29 #3 type] 
Type domain.Driver is not enhanced.

[2025-05-15 15:43:29 #4 type.registry] 
New type domain.Ride

[2025-05-15 15:43:29 #5 type] 
Type domain.Ride is not enhanced.

[2025-05-15 15:43:29 #6 type.registry] 
New type domain.Socio

[2025-05-15 15:43:29 #7 type] 
Type domain.Socio is not enhanced.

[2025-05-15 15:43:29 #8 type.registry] 
New type domain.Sala

[2025-05-15 15:43:29 #9 type] 
Type domain.Sala is not enhanced.

[2025-05-15 15:43:29 #10 type.registry] 
New type domain.Sesion

[2025-05-15 15:43:29 #11 type] 
Type domain.Sesion is not enhanced.

[2025-05-15 15:43:29 #12 type.registry] 
New type domain.Reserva

[2025-05-15 15:43:29 #13 type.registry] 
New type domain.Actividad

[2025-05-15 15:43:29 #14 type] 
Type domain.Reserva is not enhanced.

[2025-05-15 15:43:29 #15 type] 
Type domain.Actividad is not enhanced.

[2025-05-15 15:43:29 #16 type.registry] 
New type domain.Encargado

[2025-05-15 15:43:29 #17 type] 
Type domain.Encargado is not enhanced.

[2025-05-15 15:43:29 #18 type.registry] 
New type java.util.Vector<java.lang.Object>

[2025-05-15 15:43:29 #19 type.registry] 
New type java.util.Vector<domain.Ride>

[2025-05-15 15:43:29 #20 type.registry] 
New type java.util.ArrayList<java.lang.Object>

[2025-05-15 15:43:29 #21 type.registry] 
New type java.util.ArrayList<domain.Sesion>

[2025-05-15 15:43:29 #22 type.registry] 
New type java.util.ArrayList<domain.Reserva>

[2025-05-15 15:44:12 #23 type.registry] 
New type domain.Factura

[2025-05-15 15:44:12 #24 type] 
Type domain.Factura is not enhanced.

------------------------------------------------------------------------------------------------------------------------

[2025-05-15 16:19:26 #1 store] 
Database 'C:\Users\Shirley\git\repository\polideportivo\Rides24\src\main\resources\rides.temp' has been recovered (tr. 1-14)

[2025-05-15 16:19:26 #2 store] 
Database 'C:\Users\Shirley\git\repository\polideportivo\Rides24\src\main\resources\rides.temp' is opened by 18976@LAPTOP-9IP7ANLF

[2025-05-15 16:19:26 #3 type] 
Type domain.Driver is not enhanced.

[2025-05-15 16:19:26 #4 type] 
Type domain.Ride is not enhanced.

[2025-05-15 16:19:26 #5 type] 
Type domain.Socio is not enhanced.

[2025-05-15 16:19:26 #6 type] 
Type domain.Sala is not enhanced.

[2025-05-15 16:19:26 #7 type] 
Type domain.Sesion is not enhanced.

[2025-05-15 16:19:26 #8 type] 
Type domain.Reserva is not enhanced.

[2025-05-15 16:19:26 #9 type] 
Type domain.Actividad is not enhanced.

[2025-05-15 16:19:26 #10 type] 
Type domain.Encargado is not enhanced.

[2025-05-15 16:19:26 #11 type] 
Type domain.Factura is not enhanced.

------------------------------------------------------------------------------------------------------------------------

[2025-05-15 16:21:26 #1 store] 
Database 'C:\Users\Shirley\git\repository\polideportivo\Rides24\src\main\resources\rides.temp' is opened by 14252@LAPTOP-9IP7ANLF

[2025-05-15 16:21:26 #2 type] 
Type domain.Driver is not enhanced.

[2025-05-15 16:21:26 #3 type] 
Type domain.Ride is not enhanced.

[2025-05-15 16:21:26 #4 type] 
Type domain.Socio is not enhanced.

[2025-05-15 16:21:26 #5 type] 
Type domain.Sala is not enhanced.

[2025-05-15 16:21:26 #6 type] 
Type domain.Sesion is not enhanced.

[2025-05-15 16:21:26 #7 type] 
Type domain.Reserva is not enhanced.

[2025-05-15 16:21:26 #8 type] 
Type domain.Actividad is not enhanced.

[2025-05-15 16:21:26 #9 type] 
Type domain.Encargado is not enhanced.

[2025-05-15 16:21:26 #10 type] 
Type domain.Factura is not enhanced.

------------------------------------------------------------------------------------------------------------------------

[2025-05-15 16:26:33 #1 store] 
Database 'C:\Users\Shirley\git\repository\polideportivo\Rides24\src\main\resources\rides.temp' is opened by 10252@LAPTOP-9IP7ANLF

[2025-05-15 16:26:33 #2 type] 
Type domain.Driver is not enhanced.

[2025-05-15 16:26:33 #3 type] 
Type domain.Ride is not enhanced.

[2025-05-15 16:26:33 #4 type] 
Type domain.Socio is not enhanced.

[2025-05-15 16:26:33 #5 type] 
Type domain.Sala is not enhanced.

[2025-05-15 16:26:33 #6 type] 
Type domain.Sesion is not enhanced.

[2025-05-15 16:26:33 #7 type] 
Type domain.Reserva is not enhanced.

[2025-05-15 16:26:33 #8 type] 
Type domain.Actividad is not enhanced.

[2025-05-15 16:26:33 #9 type] 
Type domain.Encargado is not enhanced.

[2025-05-15 16:26:33 #10 type] 
Type domain.Factura is not enhanced.

------------------------------------------------------------------------------------------------------------------------

[2025-05-15 16:28:32 #1 store] 
Database 'C:\Users\Shirley\git\repository\polideportivo\Rides24\src\main\resources\rides.temp' is opened by 12492@LAPTOP-9IP7ANLF

[2025-05-15 16:28:32 #2 type.registry] 
New type domain.Driver

[2025-05-15 16:28:32 #3 type] 
Type domain.Driver is not enhanced.

[2025-05-15 16:28:32 #4 type.registry] 
New type domain.Ride

[2025-05-15 16:28:32 #5 type] 
Type domain.Ride is not enhanced.

[2025-05-15 16:28:32 #6 type.registry] 
New type domain.Socio

[2025-05-15 16:28:32 #7 type] 
Type domain.Socio is not enhanced.

[2025-05-15 16:28:32 #8 type.registry] 
New type domain.Sala

[2025-05-15 16:28:32 #9 type] 
Type domain.Sala is not enhanced.

[2025-05-15 16:28:32 #10 type.registry] 
New type domain.Sesion

[2025-05-15 16:28:32 #11 type] 
Type domain.Sesion is not enhanced.

[2025-05-15 16:28:32 #12 type.registry] 
New type domain.Reserva

[2025-05-15 16:28:32 #13 type.registry] 
New type domain.Actividad

[2025-05-15 16:28:32 #14 type] 
Type domain.Reserva is not enhanced.

[2025-05-15 16:28:32 #15 type] 
Type domain.Actividad is not enhanced.

[2025-05-15 16:28:32 #16 type.registry] 
New type domain.Encargado

[2025-05-15 16:28:32 #17 type] 
Type domain.Encargado is not enhanced.

[2025-05-15 16:28:32 #18 type.registry] 
New type java.util.Vector<java.lang.Object>

[2025-05-15 16:28:32 #19 type.registry] 
New type java.util.Vector<domain.Ride>

[2025-05-15 16:28:32 #20 type.registry] 
New type java.util.ArrayList<java.lang.Object>

[2025-05-15 16:28:32 #21 type.registry] 
New type java.util.ArrayList<domain.Sesion>

[2025-05-15 16:28:32 #22 type.registry] 
New type java.util.ArrayList<domain.Reserva>

[2025-05-15 16:29:38 #23 type.registry] 
New type domain.Factura

[2025-05-15 16:29:38 #24 type] 
Type domain.Factura is not enhanced.

------------------------------------------------------------------------------------------------------------------------

[2025-05-15 16:31:57 #1 store] 
Database 'C:\Users\Shirley\git\repository\polideportivo\Rides24\src\main\resources\rides.temp' has been recovered (tr. 1-17)

[2025-05-15 16:31:57 #2 store] 
Database 'C:\Users\Shirley\git\repository\polideportivo\Rides24\src\main\resources\rides.temp' is opened by 8172@LAPTOP-9IP7ANLF

[2025-05-15 16:31:57 #3 type] 
Type domain.Driver is not enhanced.

[2025-05-15 16:31:57 #4 type] 
Type domain.Ride is not enhanced.

[2025-05-15 16:31:57 #5 type] 
Type domain.Socio is not enhanced.

[2025-05-15 16:31:57 #6 type] 
Type domain.Sala is not enhanced.

[2025-05-15 16:31:57 #7 type] 
Type domain.Sesion is not enhanced.

[2025-05-15 16:31:57 #8 type] 
Type domain.Reserva is not enhanced.

[2025-05-15 16:31:57 #9 type] 
Type domain.Actividad is not enhanced.

[2025-05-15 16:31:57 #10 type] 
Type domain.Encargado is not enhanced.

[2025-05-15 16:31:57 #11 type] 
Type domain.Factura is not enhanced.

------------------------------------------------------------------------------------------------------------------------

[2025-05-15 16:33:35 #1 store] 
Database 'C:\Users\Shirley\git\repository\polideportivo\Rides24\src\main\resources\rides.temp' is opened by 19636@LAPTOP-9IP7ANLF

[2025-05-15 16:33:35 #2 type] 
Type domain.Driver is not enhanced.

[2025-05-15 16:33:35 #3 type] 
Type domain.Ride is not enhanced.

[2025-05-15 16:33:35 #4 type] 
Type domain.Socio is not enhanced.

[2025-05-15 16:33:35 #5 type] 
Type domain.Sala is not enhanced.

[2025-05-15 16:33:35 #6 type] 
Type domain.Sesion is not enhanced.

[2025-05-15 16:33:35 #7 type] 
Type domain.Reserva is not enhanced.

[2025-05-15 16:33:35 #8 type] 
Type domain.Actividad is not enhanced.

[2025-05-15 16:33:35 #9 type] 
Type domain.Encargado is not enhanced.

[2025-05-15 16:33:35 #10 type] 
Type domain.Factura is not enhanced.

------------------------------------------------------------------------------------------------------------------------

[2025-05-15 16:37:42 #1 server] 
java.net.BindException: Address already in use: bind
	at java.base/sun.nio.ch.Net.bind0(Native Method)
	at java.base/sun.nio.ch.Net.bind(Net.java:552)
	at java.base/sun.nio.ch.Net.bind(Net.java:541)
	at java.base/sun.nio.ch.NioSocketImpl.bind(NioSocketImpl.java:643)
	at java.base/java.net.ServerSocket.bind(ServerSocket.java:395)
	at java.base/java.net.ServerSocket.<init>(ServerSocket.java:281)
	at java.base/java.net.ServerSocket.<init>(ServerSocket.java:225)
	at com.objectdb.o.SMR.I(SMR.java:259)
	at com.objectdb.o.SMR.n(SMR.java:159)
	at com.objectdb.o.TOL.run(TOL.java:116)
	at com.objectdb.Server.runCommand(Server.java:200)
	at com.objectdb.Server.run(Server.java:104)
	at com.objectdb.Server.main(Server.java:63)

------------------------------------------------------------------------------------------------------------------------

[2025-05-15 16:38:58 #1 type.registry] 
New type domain.Sesion

[2025-05-15 16:38:58 #2 type] 
Type domain.Sesion is not enhanced.

[2025-05-15 16:38:58 #3 type.registry] 
New type domain.Reserva

[2025-05-15 16:38:58 #4 type.registry] 
New type domain.Sala

[2025-05-15 16:38:58 #5 type.registry] 
New type domain.Actividad

[2025-05-15 16:38:58 #6 type] 
Type domain.Reserva is not enhanced.

[2025-05-15 16:38:58 #7 type.registry] 
New type domain.Socio

[2025-05-15 16:38:58 #8 type] 
Type domain.Sala is not enhanced.

[2025-05-15 16:38:58 #9 type] 
Type domain.Actividad is not enhanced.

[2025-05-15 16:38:58 #10 type] 
Type domain.Socio is not enhanced.

------------------------------------------------------------------------------------------------------------------------

[2025-05-15 16:39:33 #1 server] 
Server on port 6137 has started by 3600@LAPTOP-9IP7ANLF

[2025-05-15 16:39:53 #2 store] 
Database 'C:\Users\Shirley\git\repository\polideportivo\Rides24\src\main\resources\db\src\main\resources\rides.temp' is opened by 3600@LAPTOP-9IP7ANLF

------------------------------------------------------------------------------------------------------------------------

[2025-05-15 16:40:04 #1 type.registry] 
New type domain.Sesion

[2025-05-15 16:40:04 #2 type] 
Type domain.Sesion is not enhanced.

[2025-05-15 16:40:04 #3 type.registry] 
New type domain.Reserva

[2025-05-15 16:40:04 #4 type.registry] 
New type domain.Sala

[2025-05-15 16:40:04 #5 type.registry] 
New type domain.Actividad

[2025-05-15 16:40:04 #6 type] 
Type domain.Reserva is not enhanced.

[2025-05-15 16:40:04 #7 type.registry] 
New type domain.Socio

[2025-05-15 16:40:04 #8 type] 
Type domain.Sala is not enhanced.

[2025-05-15 16:40:04 #9 type] 
Type domain.Actividad is not enhanced.

[2025-05-15 16:40:04 #10 type] 
Type domain.Socio is not enhanced.

[2025-05-15 16:41:07 #3 store] 
Database 'C:\Users\Shirley\git\repository\polideportivo\Rides24\src\main\resources\db\src\main\resources\rides.temp' is closed by 3600@LAPTOP-9IP7ANLF

------------------------------------------------------------------------------------------------------------------------

[2025-05-15 16:41:23 #1 server] 
java.net.BindException: Address already in use: bind
	at java.base/sun.nio.ch.Net.bind0(Native Method)
	at java.base/sun.nio.ch.Net.bind(Net.java:552)
	at java.base/sun.nio.ch.Net.bind(Net.java:541)
	at java.base/sun.nio.ch.NioSocketImpl.bind(NioSocketImpl.java:643)
	at java.base/java.net.ServerSocket.bind(ServerSocket.java:395)
	at java.base/java.net.ServerSocket.<init>(ServerSocket.java:281)
	at java.base/java.net.ServerSocket.<init>(ServerSocket.java:225)
	at com.objectdb.o.SMR.I(SMR.java:259)
	at com.objectdb.o.SMR.n(SMR.java:159)
	at com.objectdb.o.TOL.run(TOL.java:116)
	at com.objectdb.Server.runCommand(Server.java:200)
	at com.objectdb.Server.run(Server.java:104)
	at com.objectdb.Server.main(Server.java:63)

[2025-05-15 16:41:30 #4 store] 
Database 'C:\Users\Shirley\git\repository\polideportivo\Rides24\src\main\resources\db\src\main\resources\rides.temp' is opened by 3600@LAPTOP-9IP7ANLF

------------------------------------------------------------------------------------------------------------------------

[2025-05-15 16:41:31 #1 type] 
Type domain.Sesion is not enhanced.

[2025-05-15 16:41:31 #2 type] 
Type domain.Reserva is not enhanced.

[2025-05-15 16:41:31 #3 type] 
Type domain.Sala is not enhanced.

[2025-05-15 16:41:31 #4 type] 
Type domain.Actividad is not enhanced.

[2025-05-15 16:41:31 #5 type] 
Type domain.Socio is not enhanced.

[2025-05-15 16:41:31 #6 type.registry] 
New type domain.Driver

[2025-05-15 16:41:31 #7 type] 
Type domain.Driver is not enhanced.

[2025-05-15 16:41:31 #8 type.registry] 
New type domain.Ride

[2025-05-15 16:41:31 #9 type] 
Type domain.Ride is not enhanced.

[2025-05-15 16:41:31 #10 type.registry] 
New type domain.Encargado

[2025-05-15 16:41:31 #11 type] 
Type domain.Encargado is not enhanced.

[2025-05-15 16:41:31 #12 type.registry] 
New type java.util.Vector<java.lang.Object>

[2025-05-15 16:41:31 #13 type.registry] 
New type java.util.Vector<domain.Ride>

[2025-05-15 16:41:31 #14 type.registry] 
New type java.util.ArrayList<java.lang.Object>

[2025-05-15 16:41:31 #15 type.registry] 
New type java.util.ArrayList<domain.Sesion>

[2025-05-15 16:41:31 #16 type.registry] 
New type java.util.ArrayList<domain.Reserva>

[2025-05-15 16:42:18 #5 store] 
Database 'C:\Users\Shirley\git\repository\polideportivo\Rides24\src\main\resources\db\src\main\resources\rides.temp' is closed by 3600@LAPTOP-9IP7ANLF

------------------------------------------------------------------------------------------------------------------------

[2025-05-15 16:55:57 #1 store] 
Database 'C:\Users\Shirley\git\repository\polideportivo\Rides24\src\main\resources\rides.temp' is opened by 1820@LAPTOP-9IP7ANLF

[2025-05-15 16:55:57 #2 type.registry] 
New type domain.Driver

[2025-05-15 16:55:57 #3 type] 
Type domain.Driver is not enhanced.

[2025-05-15 16:55:57 #4 type.registry] 
New type domain.Ride

[2025-05-15 16:55:57 #5 type] 
Type domain.Ride is not enhanced.

[2025-05-15 16:55:57 #6 type.registry] 
New type domain.Socio

[2025-05-15 16:55:57 #7 type] 
Type domain.Socio is not enhanced.

[2025-05-15 16:55:57 #8 type.registry] 
New type domain.Sala

[2025-05-15 16:55:57 #9 type] 
Type domain.Sala is not enhanced.

[2025-05-15 16:55:57 #10 type.registry] 
New type domain.Sesion

[2025-05-15 16:55:57 #11 type] 
Type domain.Sesion is not enhanced.

[2025-05-15 16:55:57 #12 type.registry] 
New type domain.Reserva

[2025-05-15 16:55:57 #13 type.registry] 
New type domain.Actividad

[2025-05-15 16:55:57 #14 type] 
Type domain.Reserva is not enhanced.

[2025-05-15 16:55:57 #15 type] 
Type domain.Actividad is not enhanced.

[2025-05-15 16:55:57 #16 type.registry] 
New type domain.Encargado

[2025-05-15 16:55:57 #17 type] 
Type domain.Encargado is not enhanced.

[2025-05-15 16:55:57 #18 type.registry] 
New type java.util.Vector<java.lang.Object>

[2025-05-15 16:55:57 #19 type.registry] 
New type java.util.Vector<domain.Ride>

[2025-05-15 16:55:57 #20 type.registry] 
New type java.util.ArrayList<java.lang.Object>

[2025-05-15 16:55:57 #21 type.registry] 
New type java.util.ArrayList<domain.Sesion>

[2025-05-15 16:55:57 #22 type.registry] 
New type java.util.ArrayList<domain.Reserva>

[2025-05-15 16:57:07 #23 type.registry] 
New type domain.Factura

[2025-05-15 16:57:07 #24 type] 
Type domain.Factura is not enhanced.

------------------------------------------------------------------------------------------------------------------------

[2025-05-15 16:57:42 #1 server] 
java.net.BindException: Address already in use: bind
	at java.base/sun.nio.ch.Net.bind0(Native Method)
	at java.base/sun.nio.ch.Net.bind(Net.java:552)
	at java.base/sun.nio.ch.Net.bind(Net.java:541)
	at java.base/sun.nio.ch.NioSocketImpl.bind(NioSocketImpl.java:643)
	at java.base/java.net.ServerSocket.bind(ServerSocket.java:395)
	at java.base/java.net.ServerSocket.<init>(ServerSocket.java:281)
	at java.base/java.net.ServerSocket.<init>(ServerSocket.java:225)
	at com.objectdb.o.SMR.I(SMR.java:259)
	at com.objectdb.o.SMR.n(SMR.java:159)
	at com.objectdb.o.TOL.run(TOL.java:116)
	at com.objectdb.Server.runCommand(Server.java:200)
	at com.objectdb.Server.run(Server.java:104)
	at com.objectdb.Server.main(Server.java:63)

------------------------------------------------------------------------------------------------------------------------

[2025-05-15 16:58:09 #1 server] 
java.net.BindException: Address already in use: bind
	at java.base/sun.nio.ch.Net.bind0(Native Method)
	at java.base/sun.nio.ch.Net.bind(Net.java:552)
	at java.base/sun.nio.ch.Net.bind(Net.java:541)
	at java.base/sun.nio.ch.NioSocketImpl.bind(NioSocketImpl.java:643)
	at java.base/java.net.ServerSocket.bind(ServerSocket.java:395)
	at java.base/java.net.ServerSocket.<init>(ServerSocket.java:281)
	at java.base/java.net.ServerSocket.<init>(ServerSocket.java:225)
	at com.objectdb.o.SMR.I(SMR.java:259)
	at com.objectdb.o.SMR.n(SMR.java:159)
	at com.objectdb.o.TOL.run(TOL.java:116)
	at com.objectdb.Server.runCommand(Server.java:200)
	at com.objectdb.Server.run(Server.java:104)
	at com.objectdb.Server.main(Server.java:63)

------------------------------------------------------------------------------------------------------------------------

[2025-05-15 16:58:18 #1 type] 
Type domain.Sesion is not enhanced.

[2025-05-15 16:58:18 #2 type] 
Type domain.Reserva is not enhanced.

[2025-05-15 16:58:18 #3 type] 
Type domain.Sala is not enhanced.

[2025-05-15 16:58:18 #4 type] 
Type domain.Actividad is not enhanced.

[2025-05-15 16:58:18 #5 type] 
Type domain.Socio is not enhanced.

------------------------------------------------------------------------------------------------------------------------

[2025-05-15 16:59:59 #1 server] 
java.net.BindException: Address already in use: bind
	at java.base/sun.nio.ch.Net.bind0(Native Method)
	at java.base/sun.nio.ch.Net.bind(Net.java:552)
	at java.base/sun.nio.ch.Net.bind(Net.java:541)
	at java.base/sun.nio.ch.NioSocketImpl.bind(NioSocketImpl.java:643)
	at java.base/java.net.ServerSocket.bind(ServerSocket.java:395)
	at java.base/java.net.ServerSocket.<init>(ServerSocket.java:281)
	at java.base/java.net.ServerSocket.<init>(ServerSocket.java:225)
	at com.objectdb.o.SMR.I(SMR.java:259)
	at com.objectdb.o.SMR.n(SMR.java:159)
	at com.objectdb.o.TOL.run(TOL.java:116)
	at com.objectdb.Server.runCommand(Server.java:200)
	at com.objectdb.Server.run(Server.java:104)
	at com.objectdb.Server.main(Server.java:63)

------------------------------------------------------------------------------------------------------------------------

[2025-05-15 17:00:17 #1 type] 
Type domain.Sesion is not enhanced.

[2025-05-15 17:00:17 #2 type] 
Type domain.Reserva is not enhanced.

[2025-05-15 17:00:17 #3 type] 
Type domain.Sala is not enhanced.

[2025-05-15 17:00:17 #4 type] 
Type domain.Actividad is not enhanced.

[2025-05-15 17:00:17 #5 type] 
Type domain.Socio is not enhanced.

[2025-05-15 17:00:17 #6 type.registry] 
New type domain.Driver

[2025-05-15 17:00:17 #7 type] 
Type domain.Driver is not enhanced.

[2025-05-15 17:00:17 #8 type.registry] 
New type domain.Ride

[2025-05-15 17:00:17 #9 type] 
Type domain.Ride is not enhanced.

[2025-05-15 17:00:17 #10 type.registry] 
New type domain.Encargado

[2025-05-15 17:00:17 #11 type] 
Type domain.Encargado is not enhanced.

[2025-05-15 17:00:17 #12 type.registry] 
New type java.util.Vector<java.lang.Object>

[2025-05-15 17:00:17 #13 type.registry] 
New type java.util.Vector<domain.Ride>

[2025-05-15 17:00:17 #14 type.registry] 
New type java.util.ArrayList<java.lang.Object>

[2025-05-15 17:00:17 #15 type.registry] 
New type java.util.ArrayList<domain.Sesion>

[2025-05-15 17:00:17 #16 type.registry] 
New type java.util.ArrayList<domain.Reserva>

------------------------------------------------------------------------------------------------------------------------

[2025-05-15 17:23:44 #1 type] 
Type domain.Sesion is not enhanced.

[2025-05-15 17:23:44 #2 type] 
Type domain.Reserva is not enhanced.

[2025-05-15 17:23:44 #3 type] 
Type domain.Sala is not enhanced.

[2025-05-15 17:23:44 #4 type] 
Type domain.Actividad is not enhanced.

[2025-05-15 17:23:44 #5 type] 
Type domain.Socio is not enhanced.

[2025-05-15 17:23:44 #6 type] 
Type domain.Driver is not enhanced.

[2025-05-15 17:23:44 #7 type] 
Type domain.Ride is not enhanced.

[2025-05-15 17:23:44 #8 type] 
Type domain.Encargado is not enhanced.

------------------------------------------------------------------------------------------------------------------------

[2025-05-15 17:24:01 #1 server] 
java.net.BindException: Address already in use: bind
	at java.base/sun.nio.ch.Net.bind0(Native Method)
	at java.base/sun.nio.ch.Net.bind(Net.java:552)
	at java.base/sun.nio.ch.Net.bind(Net.java:541)
	at java.base/sun.nio.ch.NioSocketImpl.bind(NioSocketImpl.java:643)
	at java.base/java.net.ServerSocket.bind(ServerSocket.java:395)
	at java.base/java.net.ServerSocket.<init>(ServerSocket.java:281)
	at java.base/java.net.ServerSocket.<init>(ServerSocket.java:225)
	at com.objectdb.o.SMR.I(SMR.java:259)
	at com.objectdb.o.SMR.n(SMR.java:159)
	at com.objectdb.o.TOL.run(TOL.java:116)
	at com.objectdb.Server.runCommand(Server.java:200)
	at com.objectdb.Server.run(Server.java:104)
	at com.objectdb.Server.main(Server.java:63)

[2025-05-15 17:24:15 #6 store] 
Database 'C:\Users\Shirley\git\repository\polideportivo\Rides24\src\main\resources\db\src\main\resources\rides.temp' is opened by 3600@LAPTOP-9IP7ANLF

------------------------------------------------------------------------------------------------------------------------

[2025-05-15 17:24:15 #1 type] 
Type domain.Sesion is not enhanced.

[2025-05-15 17:24:15 #2 type] 
Type domain.Reserva is not enhanced.

[2025-05-15 17:24:15 #3 type] 
Type domain.Sala is not enhanced.

[2025-05-15 17:24:15 #4 type] 
Type domain.Actividad is not enhanced.

[2025-05-15 17:24:15 #5 type] 
Type domain.Socio is not enhanced.

[2025-05-15 17:24:15 #6 type] 
Type domain.Driver is not enhanced.

[2025-05-15 17:24:15 #7 type] 
Type domain.Ride is not enhanced.

[2025-05-15 17:24:15 #8 type] 
Type domain.Encargado is not enhanced.

[2025-05-15 17:24:15 #7 type.user] 
Enhancement of type domain.Sesion is old and cannot be used (7262542361049777606:-1798449662840422183)

[2025-05-15 17:24:15 #8 type] 
Type domain.Sesion is not enhanced.

------------------------------------------------------------------------------------------------------------------------

[2025-05-15 17:24:22 #1 server] 
java.net.BindException: Address already in use: bind
	at java.base/sun.nio.ch.Net.bind0(Native Method)
	at java.base/sun.nio.ch.Net.bind(Net.java:552)
	at java.base/sun.nio.ch.Net.bind(Net.java:541)
	at java.base/sun.nio.ch.NioSocketImpl.bind(NioSocketImpl.java:643)
	at java.base/java.net.ServerSocket.bind(ServerSocket.java:395)
	at java.base/java.net.ServerSocket.<init>(ServerSocket.java:281)
	at java.base/java.net.ServerSocket.<init>(ServerSocket.java:225)
	at com.objectdb.o.SMR.I(SMR.java:259)
	at com.objectdb.o.SMR.n(SMR.java:159)
	at com.objectdb.o.TOL.run(TOL.java:116)
	at com.objectdb.Server.runCommand(Server.java:200)
	at com.objectdb.Server.run(Server.java:104)
	at com.objectdb.Server.main(Server.java:63)

[2025-05-15 17:25:22 #9 store] 
Database 'C:\Users\Shirley\git\repository\polideportivo\Rides24\src\main\resources\db\src\main\resources\rides.temp' is closed by 3600@LAPTOP-9IP7ANLF

------------------------------------------------------------------------------------------------------------------------

[2025-05-15 17:31:08 #1 store] 
Database 'C:\Users\Shirley\git\repository\polideportivo\Rides24\src\main\resources\rides.temp' is opened by 18976@LAPTOP-9IP7ANLF

[2025-05-15 17:31:08 #2 type.registry] 
New type domain.Driver

[2025-05-15 17:31:08 #3 type] 
Type domain.Driver is not enhanced.

[2025-05-15 17:31:08 #4 type.registry] 
New type domain.Ride

[2025-05-15 17:31:08 #5 type] 
Type domain.Ride is not enhanced.

[2025-05-15 17:31:08 #6 type.registry] 
New type domain.Socio

[2025-05-15 17:31:08 #7 type] 
Type domain.Socio is not enhanced.

[2025-05-15 17:31:08 #8 type.registry] 
New type domain.Sala

[2025-05-15 17:31:08 #9 type] 
Type domain.Sala is not enhanced.

[2025-05-15 17:31:08 #10 type.registry] 
New type domain.Sesion

[2025-05-15 17:31:08 #11 type] 
Type domain.Sesion is not enhanced.

[2025-05-15 17:31:08 #12 type.registry] 
New type domain.Reserva

[2025-05-15 17:31:08 #13 type.registry] 
New type domain.Actividad

[2025-05-15 17:31:08 #14 type] 
Type domain.Reserva is not enhanced.

[2025-05-15 17:31:08 #15 type] 
Type domain.Actividad is not enhanced.

[2025-05-15 17:31:08 #16 type.registry] 
New type domain.Encargado

[2025-05-15 17:31:08 #17 type] 
Type domain.Encargado is not enhanced.

[2025-05-15 17:31:08 #18 type.registry] 
New type java.util.Vector<java.lang.Object>

[2025-05-15 17:31:08 #19 type.registry] 
New type java.util.Vector<domain.Ride>

[2025-05-15 17:31:08 #20 type.registry] 
New type java.util.ArrayList<java.lang.Object>

[2025-05-15 17:31:08 #21 type.registry] 
New type java.util.ArrayList<domain.Sesion>

[2025-05-15 17:31:08 #22 type.registry] 
New type java.util.ArrayList<domain.Reserva>

[2025-05-15 17:31:34 #23 type.registry] 
New type domain.Factura

[2025-05-15 17:31:34 #24 type] 
Type domain.Factura is not enhanced.

------------------------------------------------------------------------------------------------------------------------

[2025-05-15 17:34:46 #1 server] 
java.net.BindException: Address already in use: bind
	at java.base/sun.nio.ch.Net.bind0(Native Method)
	at java.base/sun.nio.ch.Net.bind(Net.java:552)
	at java.base/sun.nio.ch.Net.bind(Net.java:541)
	at java.base/sun.nio.ch.NioSocketImpl.bind(NioSocketImpl.java:643)
	at java.base/java.net.ServerSocket.bind(ServerSocket.java:395)
	at java.base/java.net.ServerSocket.<init>(ServerSocket.java:281)
	at java.base/java.net.ServerSocket.<init>(ServerSocket.java:225)
	at com.objectdb.o.SMR.I(SMR.java:259)
	at com.objectdb.o.SMR.n(SMR.java:159)
	at com.objectdb.o.TOL.run(TOL.java:116)
	at com.objectdb.Server.runCommand(Server.java:200)
	at com.objectdb.Server.run(Server.java:104)
	at com.objectdb.Server.main(Server.java:63)

------------------------------------------------------------------------------------------------------------------------

[2025-05-15 17:35:01 #1 server] 
Server on port 6139 has started by 9196@LAPTOP-9IP7ANLF

[2025-05-15 17:35:11 #2 store] 
Database 'C:\Users\Shirley\git\repository\polideportivo\Rides24\src\main\resources\db\src\main\resources\rides.temp' is opened by 9196@LAPTOP-9IP7ANLF

------------------------------------------------------------------------------------------------------------------------

[2025-05-15 17:35:12 #1 type] 
Type domain.Sesion is not enhanced.

[2025-05-15 17:35:12 #2 type] 
Type domain.Reserva is not enhanced.

[2025-05-15 17:35:12 #3 type] 
Type domain.Sala is not enhanced.

[2025-05-15 17:35:12 #4 type] 
Type domain.Actividad is not enhanced.

[2025-05-15 17:35:12 #5 type] 
Type domain.Socio is not enhanced.

[2025-05-15 17:35:12 #6 type] 
Type domain.Driver is not enhanced.

[2025-05-15 17:35:12 #7 type] 
Type domain.Ride is not enhanced.

[2025-05-15 17:35:12 #8 type] 
Type domain.Encargado is not enhanced.

[2025-05-15 17:35:50 #3 store] 
Database 'C:\Users\Shirley\git\repository\polideportivo\Rides24\src\main\resources\db\src\main\resources\rides.temp' is closed by 9196@LAPTOP-9IP7ANLF

------------------------------------------------------------------------------------------------------------------------

[2025-05-15 17:36:40 #1 server] 
java.net.BindException: Address already in use: bind
	at java.base/sun.nio.ch.Net.bind0(Native Method)
	at java.base/sun.nio.ch.Net.bind(Net.java:552)
	at java.base/sun.nio.ch.Net.bind(Net.java:541)
	at java.base/sun.nio.ch.NioSocketImpl.bind(NioSocketImpl.java:643)
	at java.base/java.net.ServerSocket.bind(ServerSocket.java:395)
	at java.base/java.net.ServerSocket.<init>(ServerSocket.java:281)
	at java.base/java.net.ServerSocket.<init>(ServerSocket.java:225)
	at com.objectdb.o.SMR.I(SMR.java:259)
	at com.objectdb.o.SMR.n(SMR.java:159)
	at com.objectdb.o.TOL.run(TOL.java:116)
	at com.objectdb.Server.runCommand(Server.java:200)
	at com.objectdb.Server.run(Server.java:104)
	at com.objectdb.Server.main(Server.java:63)

------------------------------------------------------------------------------------------------------------------------

[2025-05-15 17:36:51 #1 type] 
Type domain.Sesion is not enhanced.

[2025-05-15 17:36:51 #2 type] 
Type domain.Reserva is not enhanced.

[2025-05-15 17:36:51 #3 type] 
Type domain.Sala is not enhanced.

[2025-05-15 17:36:51 #4 type] 
Type domain.Actividad is not enhanced.

[2025-05-15 17:36:51 #5 type] 
Type domain.Socio is not enhanced.

[2025-05-15 17:36:51 #6 type] 
Type domain.Driver is not enhanced.

[2025-05-15 17:36:51 #7 type] 
Type domain.Ride is not enhanced.

[2025-05-15 17:36:51 #8 type] 
Type domain.Encargado is not enhanced.

------------------------------------------------------------------------------------------------------------------------

[2025-05-15 17:50:36 #1 server] 
java.net.BindException: Address already in use: bind
	at java.base/sun.nio.ch.Net.bind0(Native Method)
	at java.base/sun.nio.ch.Net.bind(Net.java:552)
	at java.base/sun.nio.ch.Net.bind(Net.java:541)
	at java.base/sun.nio.ch.NioSocketImpl.bind(NioSocketImpl.java:643)
	at java.base/java.net.ServerSocket.bind(ServerSocket.java:395)
	at java.base/java.net.ServerSocket.<init>(ServerSocket.java:281)
	at java.base/java.net.ServerSocket.<init>(ServerSocket.java:225)
	at com.objectdb.o.SMR.I(SMR.java:259)
	at com.objectdb.o.SMR.n(SMR.java:159)
	at com.objectdb.o.TOL.run(TOL.java:116)
	at com.objectdb.Server.runCommand(Server.java:200)
	at com.objectdb.Server.run(Server.java:104)
	at com.objectdb.Server.main(Server.java:63)

------------------------------------------------------------------------------------------------------------------------

[2025-05-15 17:50:44 #1 server] 
java.net.BindException: Address already in use: bind
	at java.base/sun.nio.ch.Net.bind0(Native Method)
	at java.base/sun.nio.ch.Net.bind(Net.java:552)
	at java.base/sun.nio.ch.Net.bind(Net.java:541)
	at java.base/sun.nio.ch.NioSocketImpl.bind(NioSocketImpl.java:643)
	at java.base/java.net.ServerSocket.bind(ServerSocket.java:395)
	at java.base/java.net.ServerSocket.<init>(ServerSocket.java:281)
	at java.base/java.net.ServerSocket.<init>(ServerSocket.java:225)
	at com.objectdb.o.SMR.I(SMR.java:259)
	at com.objectdb.o.SMR.n(SMR.java:159)
	at com.objectdb.o.TOL.run(TOL.java:116)
	at com.objectdb.Server.runCommand(Server.java:200)
	at com.objectdb.Server.run(Server.java:104)
	at com.objectdb.Server.main(Server.java:63)

------------------------------------------------------------------------------------------------------------------------

[2025-05-15 17:50:57 #1 type] 
Type domain.Sesion is not enhanced.

[2025-05-15 17:50:57 #2 type] 
Type domain.Reserva is not enhanced.

[2025-05-15 17:50:57 #3 type] 
Type domain.Sala is not enhanced.

[2025-05-15 17:50:57 #4 type] 
Type domain.Actividad is not enhanced.

[2025-05-15 17:50:57 #5 type] 
Type domain.Socio is not enhanced.

[2025-05-15 17:50:57 #6 type] 
Type domain.Driver is not enhanced.

[2025-05-15 17:50:57 #7 type] 
Type domain.Ride is not enhanced.

[2025-05-15 17:50:57 #8 type] 
Type domain.Encargado is not enhanced.

------------------------------------------------------------------------------------------------------------------------

[2025-05-15 17:51:35 #1 server] 
java.net.BindException: Address already in use: bind
	at java.base/sun.nio.ch.Net.bind0(Native Method)
	at java.base/sun.nio.ch.Net.bind(Net.java:552)
	at java.base/sun.nio.ch.Net.bind(Net.java:541)
	at java.base/sun.nio.ch.NioSocketImpl.bind(NioSocketImpl.java:643)
	at java.base/java.net.ServerSocket.bind(ServerSocket.java:395)
	at java.base/java.net.ServerSocket.<init>(ServerSocket.java:281)
	at java.base/java.net.ServerSocket.<init>(ServerSocket.java:225)
	at com.objectdb.o.SMR.I(SMR.java:259)
	at com.objectdb.o.SMR.n(SMR.java:159)
	at com.objectdb.o.TOL.run(TOL.java:116)
	at com.objectdb.Server.runCommand(Server.java:200)
	at com.objectdb.Server.run(Server.java:104)
	at com.objectdb.Server.main(Server.java:63)

------------------------------------------------------------------------------------------------------------------------

[2025-05-15 17:51:43 #1 type] 
Type domain.Sesion is not enhanced.

[2025-05-15 17:51:43 #2 type] 
Type domain.Reserva is not enhanced.

[2025-05-15 17:51:43 #3 type] 
Type domain.Sala is not enhanced.

[2025-05-15 17:51:43 #4 type] 
Type domain.Actividad is not enhanced.

[2025-05-15 17:51:43 #5 type] 
Type domain.Socio is not enhanced.

[2025-05-15 17:51:43 #6 type] 
Type domain.Driver is not enhanced.

[2025-05-15 17:51:43 #7 type] 
Type domain.Ride is not enhanced.

[2025-05-15 17:51:43 #8 type] 
Type domain.Encargado is not enhanced.

[2025-05-15 17:53:18 #9 type.registry] 
New type domain.Factura

[2025-05-15 17:53:18 #10 type] 
Type domain.Factura is not enhanced.

------------------------------------------------------------------------------------------------------------------------

[2025-05-15 17:57:54 #1 server] 
java.net.BindException: Address already in use: bind
	at java.base/sun.nio.ch.Net.bind0(Native Method)
	at java.base/sun.nio.ch.Net.bind(Net.java:552)
	at java.base/sun.nio.ch.Net.bind(Net.java:541)
	at java.base/sun.nio.ch.NioSocketImpl.bind(NioSocketImpl.java:643)
	at java.base/java.net.ServerSocket.bind(ServerSocket.java:395)
	at java.base/java.net.ServerSocket.<init>(ServerSocket.java:281)
	at java.base/java.net.ServerSocket.<init>(ServerSocket.java:225)
	at com.objectdb.o.SMR.I(SMR.java:259)
	at com.objectdb.o.SMR.n(SMR.java:159)
	at com.objectdb.o.TOL.run(TOL.java:116)
	at com.objectdb.Server.runCommand(Server.java:200)
	at com.objectdb.Server.run(Server.java:104)
	at com.objectdb.Server.main(Server.java:63)

------------------------------------------------------------------------------------------------------------------------

[2025-05-15 17:58:05 #1 server] 
java.net.BindException: Address already in use: bind
	at java.base/sun.nio.ch.Net.bind0(Native Method)
	at java.base/sun.nio.ch.Net.bind(Net.java:552)
	at java.base/sun.nio.ch.Net.bind(Net.java:541)
	at java.base/sun.nio.ch.NioSocketImpl.bind(NioSocketImpl.java:643)
	at java.base/java.net.ServerSocket.bind(ServerSocket.java:395)
	at java.base/java.net.ServerSocket.<init>(ServerSocket.java:281)
	at java.base/java.net.ServerSocket.<init>(ServerSocket.java:225)
	at com.objectdb.o.SMR.I(SMR.java:259)
	at com.objectdb.o.SMR.n(SMR.java:159)
	at com.objectdb.o.TOL.run(TOL.java:116)
	at com.objectdb.Server.runCommand(Server.java:200)
	at com.objectdb.Server.run(Server.java:104)
	at com.objectdb.Server.main(Server.java:63)

------------------------------------------------------------------------------------------------------------------------

[2025-05-15 17:58:22 #1 type] 
Type domain.Sesion is not enhanced.

[2025-05-15 17:58:22 #2 type] 
Type domain.Reserva is not enhanced.

[2025-05-15 17:58:22 #3 type] 
Type domain.Sala is not enhanced.

[2025-05-15 17:58:22 #4 type] 
Type domain.Actividad is not enhanced.

[2025-05-15 17:58:22 #5 type] 
Type domain.Socio is not enhanced.

[2025-05-15 17:58:22 #6 type] 
Type domain.Driver is not enhanced.

[2025-05-15 17:58:22 #7 type] 
Type domain.Ride is not enhanced.

[2025-05-15 17:58:22 #8 type] 
Type domain.Encargado is not enhanced.

[2025-05-15 17:58:22 #9 type] 
Type domain.Factura is not enhanced.

------------------------------------------------------------------------------------------------------------------------

[2025-05-15 18:00:51 #1 store] 
Database 'C:\Users\Shirley\git\repository\polideportivo\Rides24\src\main\resources\rides.temp' is opened by 2188@LAPTOP-9IP7ANLF

[2025-05-15 18:00:53 #2 type.registry] 
New type domain.Sesion

[2025-05-15 18:00:53 #3 type] 
Type domain.Sesion is not enhanced.

[2025-05-15 18:00:53 #4 type.registry] 
New type domain.Reserva

[2025-05-15 18:00:53 #5 type.registry] 
New type domain.Sala

[2025-05-15 18:00:53 #6 type.registry] 
New type domain.Actividad

[2025-05-15 18:00:53 #7 type] 
Type domain.Reserva is not enhanced.

[2025-05-15 18:00:53 #8 type.registry] 
New type domain.Socio

[2025-05-15 18:00:53 #9 type] 
Type domain.Sala is not enhanced.

[2025-05-15 18:00:53 #10 type] 
Type domain.Actividad is not enhanced.

[2025-05-15 18:00:53 #11 type] 
Type domain.Socio is not enhanced.

------------------------------------------------------------------------------------------------------------------------

[2025-05-15 18:01:08 #1 store] 
Database 'C:\Users\Shirley\git\repository\polideportivo\Rides24\src\main\resources\rides.temp' is opened by 20372@LAPTOP-9IP7ANLF

[2025-05-15 18:01:08 #2 type.registry] 
New type domain.Driver

[2025-05-15 18:01:08 #3 type] 
Type domain.Driver is not enhanced.

[2025-05-15 18:01:08 #4 type.registry] 
New type domain.Ride

[2025-05-15 18:01:08 #5 type] 
Type domain.Ride is not enhanced.

[2025-05-15 18:01:08 #6 type.registry] 
New type domain.Socio

[2025-05-15 18:01:08 #7 type] 
Type domain.Socio is not enhanced.

[2025-05-15 18:01:08 #8 type.registry] 
New type domain.Sala

[2025-05-15 18:01:08 #9 type] 
Type domain.Sala is not enhanced.

[2025-05-15 18:01:08 #10 type.registry] 
New type domain.Sesion

[2025-05-15 18:01:08 #11 type] 
Type domain.Sesion is not enhanced.

[2025-05-15 18:01:08 #12 type.registry] 
New type domain.Reserva

[2025-05-15 18:01:08 #13 type.registry] 
New type domain.Actividad

[2025-05-15 18:01:08 #14 type] 
Type domain.Reserva is not enhanced.

[2025-05-15 18:01:08 #15 type] 
Type domain.Actividad is not enhanced.

[2025-05-15 18:01:08 #16 type.registry] 
New type domain.Encargado

[2025-05-15 18:01:08 #17 type] 
Type domain.Encargado is not enhanced.

[2025-05-15 18:01:08 #18 type.registry] 
New type java.util.Vector<java.lang.Object>

[2025-05-15 18:01:08 #19 type.registry] 
New type java.util.Vector<domain.Ride>

[2025-05-15 18:01:08 #20 type.registry] 
New type java.util.ArrayList<java.lang.Object>

[2025-05-15 18:01:08 #21 type.registry] 
New type java.util.ArrayList<domain.Sesion>

[2025-05-15 18:01:08 #22 type.registry] 
New type java.util.ArrayList<domain.Reserva>

------------------------------------------------------------------------------------------------------------------------

[2025-05-15 18:32:43 #1 store] 
Database 'C:\Users\Shirley\git\repository\polideportivo\Rides24\src\main\resources\rides.temp' has been recovered (tr. 1-13)

[2025-05-15 18:32:43 #2 store] 
Database 'C:\Users\Shirley\git\repository\polideportivo\Rides24\src\main\resources\rides.temp' is opened by 9092@LAPTOP-9IP7ANLF

[2025-05-15 18:32:43 #3 type] 
Type domain.Driver is not enhanced.

[2025-05-15 18:32:43 #4 type] 
Type domain.Ride is not enhanced.

[2025-05-15 18:32:43 #5 type] 
Type domain.Socio is not enhanced.

[2025-05-15 18:32:43 #6 type] 
Type domain.Sala is not enhanced.

[2025-05-15 18:32:43 #7 type] 
Type domain.Sesion is not enhanced.

[2025-05-15 18:32:43 #8 type] 
Type domain.Reserva is not enhanced.

[2025-05-15 18:32:43 #9 type] 
Type domain.Actividad is not enhanced.

[2025-05-15 18:32:43 #10 type] 
Type domain.Encargado is not enhanced.

------------------------------------------------------------------------------------------------------------------------

[2025-05-15 18:50:27 #1 store] 
Database 'C:\Users\Shirley\git\repository\polideportivo\Rides24\src\main\resources\rides.temp' is opened by 11844@LAPTOP-9IP7ANLF

[2025-05-15 18:50:27 #2 type] 
Type domain.Driver is not enhanced.

[2025-05-15 18:50:27 #3 type] 
Type domain.Ride is not enhanced.

[2025-05-15 18:50:27 #4 type] 
Type domain.Socio is not enhanced.

[2025-05-15 18:50:27 #5 type] 
Type domain.Sala is not enhanced.

[2025-05-15 18:50:27 #6 type] 
Type domain.Sesion is not enhanced.

[2025-05-15 18:50:27 #7 type] 
Type domain.Reserva is not enhanced.

[2025-05-15 18:50:27 #8 type] 
Type domain.Actividad is not enhanced.

[2025-05-15 18:50:27 #9 type] 
Type domain.Encargado is not enhanced.

------------------------------------------------------------------------------------------------------------------------

[2025-05-15 19:00:21 #1 store] 
Database 'C:\Users\Shirley\git\repository\polideportivo\Rides24\src\main\resources\rides.temp' is opened by 4680@LAPTOP-9IP7ANLF

[2025-05-15 19:00:21 #2 type] 
Type domain.Driver is not enhanced.

[2025-05-15 19:00:21 #3 type] 
Type domain.Ride is not enhanced.

[2025-05-15 19:00:21 #4 type] 
Type domain.Socio is not enhanced.

[2025-05-15 19:00:21 #5 type] 
Type domain.Sala is not enhanced.

[2025-05-15 19:00:21 #6 type] 
Type domain.Sesion is not enhanced.

[2025-05-15 19:00:21 #7 type] 
Type domain.Reserva is not enhanced.

[2025-05-15 19:00:21 #8 type] 
Type domain.Actividad is not enhanced.

[2025-05-15 19:00:21 #9 type] 
Type domain.Encargado is not enhanced.

------------------------------------------------------------------------------------------------------------------------

[2025-05-15 19:03:52 #1 store] 
Database 'C:\Users\Shirley\git\repository\polideportivo\Rides24\src\main\resources\rides.temp' is opened by 19808@LAPTOP-9IP7ANLF

[2025-05-15 19:03:52 #2 type] 
Type domain.Driver is not enhanced.

[2025-05-15 19:03:52 #3 type] 
Type domain.Ride is not enhanced.

[2025-05-15 19:03:52 #4 type] 
Type domain.Socio is not enhanced.

[2025-05-15 19:03:52 #5 type] 
Type domain.Sala is not enhanced.

[2025-05-15 19:03:52 #6 type] 
Type domain.Sesion is not enhanced.

[2025-05-15 19:03:52 #7 type] 
Type domain.Reserva is not enhanced.

[2025-05-15 19:03:52 #8 type] 
Type domain.Actividad is not enhanced.

[2025-05-15 19:03:52 #9 type] 
Type domain.Encargado is not enhanced.

------------------------------------------------------------------------------------------------------------------------

[2025-05-15 19:08:53 #1 store] 
Database 'C:\Users\Shirley\git\repository\polideportivo\Rides24\src\main\resources\rides.temp' is opened by 12740@LAPTOP-9IP7ANLF

[2025-05-15 19:08:54 #2 type] 
Type domain.Driver is not enhanced.

[2025-05-15 19:08:54 #3 type] 
Type domain.Ride is not enhanced.

[2025-05-15 19:08:54 #4 type] 
Type domain.Socio is not enhanced.

[2025-05-15 19:08:54 #5 type] 
Type domain.Sala is not enhanced.

[2025-05-15 19:08:54 #6 type] 
Type domain.Sesion is not enhanced.

[2025-05-15 19:08:54 #7 type] 
Type domain.Reserva is not enhanced.

[2025-05-15 19:08:54 #8 type] 
Type domain.Actividad is not enhanced.

[2025-05-15 19:08:54 #9 type] 
Type domain.Encargado is not enhanced.

------------------------------------------------------------------------------------------------------------------------

[2025-05-15 19:31:30 #1 store] 
Database 'C:\Users\Shirley\git\repository\polideportivo\Rides24\src\main\resources\rides.temp' is opened by 18692@LAPTOP-9IP7ANLF

[2025-05-15 19:31:30 #2 type] 
Type domain.Driver is not enhanced.

[2025-05-15 19:31:30 #3 type] 
Type domain.Ride is not enhanced.

[2025-05-15 19:31:30 #4 type] 
Type domain.Socio is not enhanced.

[2025-05-15 19:31:30 #5 type] 
Type domain.Sala is not enhanced.

[2025-05-15 19:31:30 #6 type] 
Type domain.Sesion is not enhanced.

[2025-05-15 19:31:30 #7 type] 
Type domain.Reserva is not enhanced.

[2025-05-15 19:31:30 #8 type] 
Type domain.Actividad is not enhanced.

[2025-05-15 19:31:30 #9 type] 
Type domain.Encargado is not enhanced.

------------------------------------------------------------------------------------------------------------------------

[2025-05-15 19:41:52 #1 server] 
java.net.BindException: Address already in use: bind
	at java.base/sun.nio.ch.Net.bind0(Native Method)
	at java.base/sun.nio.ch.Net.bind(Net.java:552)
	at java.base/sun.nio.ch.Net.bind(Net.java:541)
	at java.base/sun.nio.ch.NioSocketImpl.bind(NioSocketImpl.java:643)
	at java.base/java.net.ServerSocket.bind(ServerSocket.java:395)
	at java.base/java.net.ServerSocket.<init>(ServerSocket.java:281)
	at java.base/java.net.ServerSocket.<init>(ServerSocket.java:225)
	at com.objectdb.o.SMR.I(SMR.java:259)
	at com.objectdb.o.SMR.n(SMR.java:159)
	at com.objectdb.o.TOL.run(TOL.java:116)
	at com.objectdb.Server.runCommand(Server.java:200)
	at com.objectdb.Server.run(Server.java:104)
	at com.objectdb.Server.main(Server.java:63)

------------------------------------------------------------------------------------------------------------------------

[2025-05-15 19:42:01 #1 server] 
java.net.BindException: Address already in use: bind
	at java.base/sun.nio.ch.Net.bind0(Native Method)
	at java.base/sun.nio.ch.Net.bind(Net.java:552)
	at java.base/sun.nio.ch.Net.bind(Net.java:541)
	at java.base/sun.nio.ch.NioSocketImpl.bind(NioSocketImpl.java:643)
	at java.base/java.net.ServerSocket.bind(ServerSocket.java:395)
	at java.base/java.net.ServerSocket.<init>(ServerSocket.java:281)
	at java.base/java.net.ServerSocket.<init>(ServerSocket.java:225)
	at com.objectdb.o.SMR.I(SMR.java:259)
	at com.objectdb.o.SMR.n(SMR.java:159)
	at com.objectdb.o.TOL.run(TOL.java:116)
	at com.objectdb.Server.runCommand(Server.java:200)
	at com.objectdb.Server.run(Server.java:104)
	at com.objectdb.Server.main(Server.java:63)

------------------------------------------------------------------------------------------------------------------------

[2025-05-15 19:42:08 #1 type] 
Type domain.Sesion is not enhanced.

[2025-05-15 19:42:08 #2 type] 
Type domain.Reserva is not enhanced.

[2025-05-15 19:42:08 #3 type] 
Type domain.Sala is not enhanced.

[2025-05-15 19:42:08 #4 type] 
Type domain.Actividad is not enhanced.

[2025-05-15 19:42:08 #5 type] 
Type domain.Socio is not enhanced.

[2025-05-15 19:42:08 #6 type] 
Type domain.Driver is not enhanced.

[2025-05-15 19:42:08 #7 type] 
Type domain.Ride is not enhanced.

[2025-05-15 19:42:08 #8 type] 
Type domain.Encargado is not enhanced.

[2025-05-15 19:42:08 #9 type] 
Type domain.Factura is not enhanced.

------------------------------------------------------------------------------------------------------------------------

[2025-05-15 19:59:56 #1 server] 
java.net.BindException: Address already in use: bind
	at java.base/sun.nio.ch.Net.bind0(Native Method)
	at java.base/sun.nio.ch.Net.bind(Net.java:552)
	at java.base/sun.nio.ch.Net.bind(Net.java:541)
	at java.base/sun.nio.ch.NioSocketImpl.bind(NioSocketImpl.java:643)
	at java.base/java.net.ServerSocket.bind(ServerSocket.java:395)
	at java.base/java.net.ServerSocket.<init>(ServerSocket.java:281)
	at java.base/java.net.ServerSocket.<init>(ServerSocket.java:225)
	at com.objectdb.o.SMR.I(SMR.java:259)
	at com.objectdb.o.SMR.n(SMR.java:159)
	at com.objectdb.o.TOL.run(TOL.java:116)
	at com.objectdb.Server.runCommand(Server.java:200)
	at com.objectdb.Server.run(Server.java:104)
	at com.objectdb.Server.main(Server.java:63)

------------------------------------------------------------------------------------------------------------------------

[2025-05-15 20:00:09 #1 server] 
java.net.BindException: Address already in use: bind
	at java.base/sun.nio.ch.Net.bind0(Native Method)
	at java.base/sun.nio.ch.Net.bind(Net.java:552)
	at java.base/sun.nio.ch.Net.bind(Net.java:541)
	at java.base/sun.nio.ch.NioSocketImpl.bind(NioSocketImpl.java:643)
	at java.base/java.net.ServerSocket.bind(ServerSocket.java:395)
	at java.base/java.net.ServerSocket.<init>(ServerSocket.java:281)
	at java.base/java.net.ServerSocket.<init>(ServerSocket.java:225)
	at com.objectdb.o.SMR.I(SMR.java:259)
	at com.objectdb.o.SMR.n(SMR.java:159)
	at com.objectdb.o.TOL.run(TOL.java:116)
	at com.objectdb.Server.runCommand(Server.java:200)
	at com.objectdb.Server.run(Server.java:104)
	at com.objectdb.Server.main(Server.java:63)

------------------------------------------------------------------------------------------------------------------------

[2025-05-15 20:01:07 #1 type] 
Type domain.Sesion is not enhanced.

[2025-05-15 20:01:07 #2 type] 
Type domain.Reserva is not enhanced.

[2025-05-15 20:01:07 #3 type] 
Type domain.Sala is not enhanced.

[2025-05-15 20:01:07 #4 type] 
Type domain.Actividad is not enhanced.

[2025-05-15 20:01:07 #5 type] 
Type domain.Socio is not enhanced.

[2025-05-15 20:01:07 #6 type] 
Type domain.Driver is not enhanced.

[2025-05-15 20:01:07 #7 type] 
Type domain.Ride is not enhanced.

[2025-05-15 20:01:07 #8 type] 
Type domain.Encargado is not enhanced.

[2025-05-15 20:01:07 #9 type] 
Type domain.Factura is not enhanced.

------------------------------------------------------------------------------------------------------------------------

[2025-05-15 20:02:54 #1 server] 
java.net.BindException: Address already in use: bind
	at java.base/sun.nio.ch.Net.bind0(Native Method)
	at java.base/sun.nio.ch.Net.bind(Net.java:552)
	at java.base/sun.nio.ch.Net.bind(Net.java:541)
	at java.base/sun.nio.ch.NioSocketImpl.bind(NioSocketImpl.java:643)
	at java.base/java.net.ServerSocket.bind(ServerSocket.java:395)
	at java.base/java.net.ServerSocket.<init>(ServerSocket.java:281)
	at java.base/java.net.ServerSocket.<init>(ServerSocket.java:225)
	at com.objectdb.o.SMR.I(SMR.java:259)
	at com.objectdb.o.SMR.n(SMR.java:159)
	at com.objectdb.o.TOL.run(TOL.java:116)
	at com.objectdb.Server.runCommand(Server.java:200)
	at com.objectdb.Server.run(Server.java:104)
	at com.objectdb.Server.main(Server.java:63)

------------------------------------------------------------------------------------------------------------------------

[2025-05-15 20:03:27 #1 type] 
Type domain.Sesion is not enhanced.

[2025-05-15 20:03:27 #2 type] 
Type domain.Reserva is not enhanced.

[2025-05-15 20:03:27 #3 type] 
Type domain.Sala is not enhanced.

[2025-05-15 20:03:27 #4 type] 
Type domain.Actividad is not enhanced.

[2025-05-15 20:03:27 #5 type] 
Type domain.Socio is not enhanced.

[2025-05-15 20:03:27 #6 type] 
Type domain.Driver is not enhanced.

[2025-05-15 20:03:27 #7 type] 
Type domain.Ride is not enhanced.

[2025-05-15 20:03:27 #8 type] 
Type domain.Encargado is not enhanced.

[2025-05-15 20:03:27 #9 type] 
Type domain.Factura is not enhanced.

------------------------------------------------------------------------------------------------------------------------

[2025-05-15 20:03:48 #1 server] 
java.net.BindException: Address already in use: bind
	at java.base/sun.nio.ch.Net.bind0(Native Method)
	at java.base/sun.nio.ch.Net.bind(Net.java:552)
	at java.base/sun.nio.ch.Net.bind(Net.java:541)
	at java.base/sun.nio.ch.NioSocketImpl.bind(NioSocketImpl.java:643)
	at java.base/java.net.ServerSocket.bind(ServerSocket.java:395)
	at java.base/java.net.ServerSocket.<init>(ServerSocket.java:281)
	at java.base/java.net.ServerSocket.<init>(ServerSocket.java:225)
	at com.objectdb.o.SMR.I(SMR.java:259)
	at com.objectdb.o.SMR.n(SMR.java:159)
	at com.objectdb.o.TOL.run(TOL.java:116)
	at com.objectdb.Server.runCommand(Server.java:200)
	at com.objectdb.Server.run(Server.java:104)
	at com.objectdb.Server.main(Server.java:63)

------------------------------------------------------------------------------------------------------------------------

[2025-05-15 20:04:04 #1 type] 
Type domain.Sesion is not enhanced.

[2025-05-15 20:04:04 #2 type] 
Type domain.Reserva is not enhanced.

[2025-05-15 20:04:04 #3 type] 
Type domain.Sala is not enhanced.

[2025-05-15 20:04:04 #4 type] 
Type domain.Actividad is not enhanced.

[2025-05-15 20:04:04 #5 type] 
Type domain.Socio is not enhanced.

[2025-05-15 20:04:04 #6 type] 
Type domain.Driver is not enhanced.

[2025-05-15 20:04:04 #7 type] 
Type domain.Ride is not enhanced.

[2025-05-15 20:04:04 #8 type] 
Type domain.Encargado is not enhanced.

[2025-05-15 20:04:04 #9 type] 
Type domain.Factura is not enhanced.

------------------------------------------------------------------------------------------------------------------------

[2025-05-15 20:05:03 #1 server] 
java.net.BindException: Address already in use: bind
	at java.base/sun.nio.ch.Net.bind0(Native Method)
	at java.base/sun.nio.ch.Net.bind(Net.java:552)
	at java.base/sun.nio.ch.Net.bind(Net.java:541)
	at java.base/sun.nio.ch.NioSocketImpl.bind(NioSocketImpl.java:643)
	at java.base/java.net.ServerSocket.bind(ServerSocket.java:395)
	at java.base/java.net.ServerSocket.<init>(ServerSocket.java:281)
	at java.base/java.net.ServerSocket.<init>(ServerSocket.java:225)
	at com.objectdb.o.SMR.I(SMR.java:259)
	at com.objectdb.o.SMR.n(SMR.java:159)
	at com.objectdb.o.TOL.run(TOL.java:116)
	at com.objectdb.Server.runCommand(Server.java:200)
	at com.objectdb.Server.run(Server.java:104)
	at com.objectdb.Server.main(Server.java:63)

------------------------------------------------------------------------------------------------------------------------

[2025-05-15 20:05:17 #1 type] 
Type domain.Sesion is not enhanced.

[2025-05-15 20:05:17 #2 type] 
Type domain.Reserva is not enhanced.

[2025-05-15 20:05:17 #3 type] 
Type domain.Sala is not enhanced.

[2025-05-15 20:05:17 #4 type] 
Type domain.Actividad is not enhanced.

[2025-05-15 20:05:17 #5 type] 
Type domain.Socio is not enhanced.

[2025-05-15 20:05:17 #6 type] 
Type domain.Driver is not enhanced.

[2025-05-15 20:05:17 #7 type] 
Type domain.Ride is not enhanced.

[2025-05-15 20:05:17 #8 type] 
Type domain.Encargado is not enhanced.

[2025-05-15 20:05:17 #9 type] 
Type domain.Factura is not enhanced.

------------------------------------------------------------------------------------------------------------------------

[2025-05-15 20:05:45 #1 type] 
Type domain.Sesion is not enhanced.

[2025-05-15 20:05:45 #2 type] 
Type domain.Reserva is not enhanced.

[2025-05-15 20:05:45 #3 type] 
Type domain.Sala is not enhanced.

[2025-05-15 20:05:45 #4 type] 
Type domain.Actividad is not enhanced.

[2025-05-15 20:05:45 #5 type] 
Type domain.Socio is not enhanced.

[2025-05-15 20:05:45 #6 type] 
Type domain.Driver is not enhanced.

[2025-05-15 20:05:45 #7 type] 
Type domain.Ride is not enhanced.

[2025-05-15 20:05:45 #8 type] 
Type domain.Encargado is not enhanced.

[2025-05-15 20:05:45 #9 type] 
Type domain.Factura is not enhanced.

------------------------------------------------------------------------------------------------------------------------

[2025-05-15 20:07:54 #1 server] 
java.net.BindException: Address already in use: bind
	at java.base/sun.nio.ch.Net.bind0(Native Method)
	at java.base/sun.nio.ch.Net.bind(Net.java:552)
	at java.base/sun.nio.ch.Net.bind(Net.java:541)
	at java.base/sun.nio.ch.NioSocketImpl.bind(NioSocketImpl.java:643)
	at java.base/java.net.ServerSocket.bind(ServerSocket.java:395)
	at java.base/java.net.ServerSocket.<init>(ServerSocket.java:281)
	at java.base/java.net.ServerSocket.<init>(ServerSocket.java:225)
	at com.objectdb.o.SMR.I(SMR.java:259)
	at com.objectdb.o.SMR.n(SMR.java:159)
	at com.objectdb.o.TOL.run(TOL.java:116)
	at com.objectdb.Server.runCommand(Server.java:200)
	at com.objectdb.Server.run(Server.java:104)
	at com.objectdb.Server.main(Server.java:63)

------------------------------------------------------------------------------------------------------------------------

[2025-05-15 20:08:05 #1 type] 
Type domain.Sesion is not enhanced.

[2025-05-15 20:08:05 #2 type] 
Type domain.Reserva is not enhanced.

[2025-05-15 20:08:05 #3 type] 
Type domain.Sala is not enhanced.

[2025-05-15 20:08:05 #4 type] 
Type domain.Actividad is not enhanced.

[2025-05-15 20:08:05 #5 type] 
Type domain.Socio is not enhanced.

[2025-05-15 20:08:05 #6 type] 
Type domain.Driver is not enhanced.

[2025-05-15 20:08:05 #7 type] 
Type domain.Ride is not enhanced.

[2025-05-15 20:08:05 #8 type] 
Type domain.Encargado is not enhanced.

[2025-05-15 20:08:05 #9 type] 
Type domain.Factura is not enhanced.

------------------------------------------------------------------------------------------------------------------------

[2025-05-15 20:10:14 #1 server] 
java.net.BindException: Address already in use: bind
	at java.base/sun.nio.ch.Net.bind0(Native Method)
	at java.base/sun.nio.ch.Net.bind(Net.java:552)
	at java.base/sun.nio.ch.Net.bind(Net.java:541)
	at java.base/sun.nio.ch.NioSocketImpl.bind(NioSocketImpl.java:643)
	at java.base/java.net.ServerSocket.bind(ServerSocket.java:395)
	at java.base/java.net.ServerSocket.<init>(ServerSocket.java:281)
	at java.base/java.net.ServerSocket.<init>(ServerSocket.java:225)
	at com.objectdb.o.SMR.I(SMR.java:259)
	at com.objectdb.o.SMR.n(SMR.java:159)
	at com.objectdb.o.TOL.run(TOL.java:116)
	at com.objectdb.Server.runCommand(Server.java:200)
	at com.objectdb.Server.run(Server.java:104)
	at com.objectdb.Server.main(Server.java:63)

------------------------------------------------------------------------------------------------------------------------

[2025-05-15 20:10:21 #1 type] 
Type domain.Sesion is not enhanced.

[2025-05-15 20:10:21 #2 type] 
Type domain.Reserva is not enhanced.

[2025-05-15 20:10:21 #3 type] 
Type domain.Sala is not enhanced.

[2025-05-15 20:10:21 #4 type] 
Type domain.Actividad is not enhanced.

[2025-05-15 20:10:21 #5 type] 
Type domain.Socio is not enhanced.

[2025-05-15 20:10:21 #6 type] 
Type domain.Driver is not enhanced.

[2025-05-15 20:10:21 #7 type] 
Type domain.Ride is not enhanced.

[2025-05-15 20:10:21 #8 type] 
Type domain.Encargado is not enhanced.

[2025-05-15 20:10:21 #9 type] 
Type domain.Factura is not enhanced.

------------------------------------------------------------------------------------------------------------------------

[2025-05-15 20:10:36 #1 server] 
java.net.BindException: Address already in use: bind
	at java.base/sun.nio.ch.Net.bind0(Native Method)
	at java.base/sun.nio.ch.Net.bind(Net.java:552)
	at java.base/sun.nio.ch.Net.bind(Net.java:541)
	at java.base/sun.nio.ch.NioSocketImpl.bind(NioSocketImpl.java:643)
	at java.base/java.net.ServerSocket.bind(ServerSocket.java:395)
	at java.base/java.net.ServerSocket.<init>(ServerSocket.java:281)
	at java.base/java.net.ServerSocket.<init>(ServerSocket.java:225)
	at com.objectdb.o.SMR.I(SMR.java:259)
	at com.objectdb.o.SMR.n(SMR.java:159)
	at com.objectdb.o.TOL.run(TOL.java:116)
	at com.objectdb.Server.runCommand(Server.java:200)
	at com.objectdb.Server.run(Server.java:104)
	at com.objectdb.Server.main(Server.java:63)

------------------------------------------------------------------------------------------------------------------------

[2025-05-15 20:10:44 #1 type] 
Type domain.Sesion is not enhanced.

[2025-05-15 20:10:44 #2 type] 
Type domain.Reserva is not enhanced.

[2025-05-15 20:10:44 #3 type] 
Type domain.Sala is not enhanced.

[2025-05-15 20:10:44 #4 type] 
Type domain.Actividad is not enhanced.

[2025-05-15 20:10:44 #5 type] 
Type domain.Socio is not enhanced.

[2025-05-15 20:10:44 #6 type] 
Type domain.Driver is not enhanced.

[2025-05-15 20:10:44 #7 type] 
Type domain.Ride is not enhanced.

[2025-05-15 20:10:44 #8 type] 
Type domain.Encargado is not enhanced.

[2025-05-15 20:10:44 #9 type] 
Type domain.Factura is not enhanced.

------------------------------------------------------------------------------------------------------------------------

[2025-05-15 20:11:10 #1 server] 
java.net.BindException: Address already in use: bind
	at java.base/sun.nio.ch.Net.bind0(Native Method)
	at java.base/sun.nio.ch.Net.bind(Net.java:552)
	at java.base/sun.nio.ch.Net.bind(Net.java:541)
	at java.base/sun.nio.ch.NioSocketImpl.bind(NioSocketImpl.java:643)
	at java.base/java.net.ServerSocket.bind(ServerSocket.java:395)
	at java.base/java.net.ServerSocket.<init>(ServerSocket.java:281)
	at java.base/java.net.ServerSocket.<init>(ServerSocket.java:225)
	at com.objectdb.o.SMR.I(SMR.java:259)
	at com.objectdb.o.SMR.n(SMR.java:159)
	at com.objectdb.o.TOL.run(TOL.java:116)
	at com.objectdb.Server.runCommand(Server.java:200)
	at com.objectdb.Server.run(Server.java:104)
	at com.objectdb.Server.main(Server.java:63)

------------------------------------------------------------------------------------------------------------------------

[2025-05-15 20:11:18 #1 type] 
Type domain.Sesion is not enhanced.

[2025-05-15 20:11:18 #2 type] 
Type domain.Reserva is not enhanced.

[2025-05-15 20:11:18 #3 type] 
Type domain.Sala is not enhanced.

[2025-05-15 20:11:18 #4 type] 
Type domain.Actividad is not enhanced.

[2025-05-15 20:11:18 #5 type] 
Type domain.Socio is not enhanced.

[2025-05-15 20:11:18 #6 type] 
Type domain.Driver is not enhanced.

[2025-05-15 20:11:18 #7 type] 
Type domain.Ride is not enhanced.

[2025-05-15 20:11:18 #8 type] 
Type domain.Encargado is not enhanced.

[2025-05-15 20:11:18 #9 type] 
Type domain.Factura is not enhanced.

------------------------------------------------------------------------------------------------------------------------

[2025-05-15 20:11:35 #1 server] 
java.net.BindException: Address already in use: bind
	at java.base/sun.nio.ch.Net.bind0(Native Method)
	at java.base/sun.nio.ch.Net.bind(Net.java:552)
	at java.base/sun.nio.ch.Net.bind(Net.java:541)
	at java.base/sun.nio.ch.NioSocketImpl.bind(NioSocketImpl.java:643)
	at java.base/java.net.ServerSocket.bind(ServerSocket.java:395)
	at java.base/java.net.ServerSocket.<init>(ServerSocket.java:281)
	at java.base/java.net.ServerSocket.<init>(ServerSocket.java:225)
	at com.objectdb.o.SMR.I(SMR.java:259)
	at com.objectdb.o.SMR.n(SMR.java:159)
	at com.objectdb.o.TOL.run(TOL.java:116)
	at com.objectdb.Server.runCommand(Server.java:200)
	at com.objectdb.Server.run(Server.java:104)
	at com.objectdb.Server.main(Server.java:63)

------------------------------------------------------------------------------------------------------------------------

[2025-05-15 20:11:41 #1 type] 
Type domain.Sesion is not enhanced.

[2025-05-15 20:11:41 #2 type] 
Type domain.Reserva is not enhanced.

[2025-05-15 20:11:41 #3 type] 
Type domain.Sala is not enhanced.

[2025-05-15 20:11:41 #4 type] 
Type domain.Actividad is not enhanced.

[2025-05-15 20:11:41 #5 type] 
Type domain.Socio is not enhanced.

[2025-05-15 20:11:41 #6 type] 
Type domain.Driver is not enhanced.

[2025-05-15 20:11:41 #7 type] 
Type domain.Ride is not enhanced.

[2025-05-15 20:11:41 #8 type] 
Type domain.Encargado is not enhanced.

[2025-05-15 20:11:41 #9 type] 
Type domain.Factura is not enhanced.

------------------------------------------------------------------------------------------------------------------------

[2025-05-15 20:14:15 #1 server] 
java.net.BindException: Address already in use: bind
	at java.base/sun.nio.ch.Net.bind0(Native Method)
	at java.base/sun.nio.ch.Net.bind(Net.java:552)
	at java.base/sun.nio.ch.Net.bind(Net.java:541)
	at java.base/sun.nio.ch.NioSocketImpl.bind(NioSocketImpl.java:643)
	at java.base/java.net.ServerSocket.bind(ServerSocket.java:395)
	at java.base/java.net.ServerSocket.<init>(ServerSocket.java:281)
	at java.base/java.net.ServerSocket.<init>(ServerSocket.java:225)
	at com.objectdb.o.SMR.I(SMR.java:259)
	at com.objectdb.o.SMR.n(SMR.java:159)
	at com.objectdb.o.TOL.run(TOL.java:116)
	at com.objectdb.Server.runCommand(Server.java:200)
	at com.objectdb.Server.run(Server.java:104)
	at com.objectdb.Server.main(Server.java:63)

------------------------------------------------------------------------------------------------------------------------

[2025-05-15 20:14:20 #1 server] 
java.net.BindException: Address already in use: bind
	at java.base/sun.nio.ch.Net.bind0(Native Method)
	at java.base/sun.nio.ch.Net.bind(Net.java:552)
	at java.base/sun.nio.ch.Net.bind(Net.java:541)
	at java.base/sun.nio.ch.NioSocketImpl.bind(NioSocketImpl.java:643)
	at java.base/java.net.ServerSocket.bind(ServerSocket.java:395)
	at java.base/java.net.ServerSocket.<init>(ServerSocket.java:281)
	at java.base/java.net.ServerSocket.<init>(ServerSocket.java:225)
	at com.objectdb.o.SMR.I(SMR.java:259)
	at com.objectdb.o.SMR.n(SMR.java:159)
	at com.objectdb.o.TOL.run(TOL.java:116)
	at com.objectdb.Server.runCommand(Server.java:200)
	at com.objectdb.Server.run(Server.java:104)
	at com.objectdb.Server.main(Server.java:63)

------------------------------------------------------------------------------------------------------------------------

[2025-05-15 20:14:37 #1 type] 
Type domain.Sesion is not enhanced.

[2025-05-15 20:14:37 #2 type] 
Type domain.Reserva is not enhanced.

[2025-05-15 20:14:37 #3 type] 
Type domain.Sala is not enhanced.

[2025-05-15 20:14:37 #4 type] 
Type domain.Actividad is not enhanced.

[2025-05-15 20:14:37 #5 type] 
Type domain.Socio is not enhanced.

[2025-05-15 20:14:37 #6 type] 
Type domain.Driver is not enhanced.

[2025-05-15 20:14:37 #7 type] 
Type domain.Ride is not enhanced.

[2025-05-15 20:14:37 #8 type] 
Type domain.Encargado is not enhanced.

[2025-05-15 20:14:37 #9 type] 
Type domain.Factura is not enhanced.

------------------------------------------------------------------------------------------------------------------------

[2025-05-15 20:15:38 #1 server] 
java.net.BindException: Address already in use: bind
	at java.base/sun.nio.ch.Net.bind0(Native Method)
	at java.base/sun.nio.ch.Net.bind(Net.java:552)
	at java.base/sun.nio.ch.Net.bind(Net.java:541)
	at java.base/sun.nio.ch.NioSocketImpl.bind(NioSocketImpl.java:643)
	at java.base/java.net.ServerSocket.bind(ServerSocket.java:395)
	at java.base/java.net.ServerSocket.<init>(ServerSocket.java:281)
	at java.base/java.net.ServerSocket.<init>(ServerSocket.java:225)
	at com.objectdb.o.SMR.I(SMR.java:259)
	at com.objectdb.o.SMR.n(SMR.java:159)
	at com.objectdb.o.TOL.run(TOL.java:116)
	at com.objectdb.Server.runCommand(Server.java:200)
	at com.objectdb.Server.run(Server.java:104)
	at com.objectdb.Server.main(Server.java:63)

------------------------------------------------------------------------------------------------------------------------

[2025-05-15 20:15:53 #1 type] 
Type domain.Sesion is not enhanced.

[2025-05-15 20:15:53 #2 type] 
Type domain.Reserva is not enhanced.

[2025-05-15 20:15:53 #3 type] 
Type domain.Sala is not enhanced.

[2025-05-15 20:15:53 #4 type] 
Type domain.Actividad is not enhanced.

[2025-05-15 20:15:53 #5 type] 
Type domain.Socio is not enhanced.

[2025-05-15 20:15:53 #6 type] 
Type domain.Driver is not enhanced.

[2025-05-15 20:15:53 #7 type] 
Type domain.Ride is not enhanced.

[2025-05-15 20:15:53 #8 type] 
Type domain.Encargado is not enhanced.

[2025-05-15 20:15:53 #9 type] 
Type domain.Factura is not enhanced.

------------------------------------------------------------------------------------------------------------------------

[2025-05-15 20:33:52 #1 server] 
java.net.BindException: Address already in use: bind
	at java.base/sun.nio.ch.Net.bind0(Native Method)
	at java.base/sun.nio.ch.Net.bind(Net.java:552)
	at java.base/sun.nio.ch.Net.bind(Net.java:541)
	at java.base/sun.nio.ch.NioSocketImpl.bind(NioSocketImpl.java:643)
	at java.base/java.net.ServerSocket.bind(ServerSocket.java:395)
	at java.base/java.net.ServerSocket.<init>(ServerSocket.java:281)
	at java.base/java.net.ServerSocket.<init>(ServerSocket.java:225)
	at com.objectdb.o.SMR.I(SMR.java:259)
	at com.objectdb.o.SMR.n(SMR.java:159)
	at com.objectdb.o.TOL.run(TOL.java:116)
	at com.objectdb.Server.runCommand(Server.java:200)
	at com.objectdb.Server.run(Server.java:104)
	at com.objectdb.Server.main(Server.java:63)

------------------------------------------------------------------------------------------------------------------------

[2025-05-15 20:33:58 #1 server] 
java.net.BindException: Address already in use: bind
	at java.base/sun.nio.ch.Net.bind0(Native Method)
	at java.base/sun.nio.ch.Net.bind(Net.java:552)
	at java.base/sun.nio.ch.Net.bind(Net.java:541)
	at java.base/sun.nio.ch.NioSocketImpl.bind(NioSocketImpl.java:643)
	at java.base/java.net.ServerSocket.bind(ServerSocket.java:395)
	at java.base/java.net.ServerSocket.<init>(ServerSocket.java:281)
	at java.base/java.net.ServerSocket.<init>(ServerSocket.java:225)
	at com.objectdb.o.SMR.I(SMR.java:259)
	at com.objectdb.o.SMR.n(SMR.java:159)
	at com.objectdb.o.TOL.run(TOL.java:116)
	at com.objectdb.Server.runCommand(Server.java:200)
	at com.objectdb.Server.run(Server.java:104)
	at com.objectdb.Server.main(Server.java:63)

------------------------------------------------------------------------------------------------------------------------

[2025-05-15 20:34:10 #1 server] 
java.net.BindException: Address already in use: bind
	at java.base/sun.nio.ch.Net.bind0(Native Method)
	at java.base/sun.nio.ch.Net.bind(Net.java:552)
	at java.base/sun.nio.ch.Net.bind(Net.java:541)
	at java.base/sun.nio.ch.NioSocketImpl.bind(NioSocketImpl.java:643)
	at java.base/java.net.ServerSocket.bind(ServerSocket.java:395)
	at java.base/java.net.ServerSocket.<init>(ServerSocket.java:281)
	at java.base/java.net.ServerSocket.<init>(ServerSocket.java:225)
	at com.objectdb.o.SMR.I(SMR.java:259)
	at com.objectdb.o.SMR.n(SMR.java:159)
	at com.objectdb.o.TOL.run(TOL.java:116)
	at com.objectdb.Server.runCommand(Server.java:200)
	at com.objectdb.Server.run(Server.java:104)
	at com.objectdb.Server.main(Server.java:63)

------------------------------------------------------------------------------------------------------------------------

[2025-05-15 20:34:19 #1 type] 
Type domain.Sesion is not enhanced.

[2025-05-15 20:34:19 #2 type] 
Type domain.Reserva is not enhanced.

[2025-05-15 20:34:19 #3 type] 
Type domain.Sala is not enhanced.

[2025-05-15 20:34:19 #4 type] 
Type domain.Actividad is not enhanced.

[2025-05-15 20:34:19 #5 type] 
Type domain.Socio is not enhanced.

[2025-05-15 20:34:19 #6 type] 
Type domain.Driver is not enhanced.

[2025-05-15 20:34:19 #7 type] 
Type domain.Ride is not enhanced.

[2025-05-15 20:34:19 #8 type] 
Type domain.Encargado is not enhanced.

[2025-05-15 20:34:19 #9 type] 
Type domain.Factura is not enhanced.

------------------------------------------------------------------------------------------------------------------------

[2025-05-15 20:37:24 #1 server] 
java.net.BindException: Address already in use: bind
	at java.base/sun.nio.ch.Net.bind0(Native Method)
	at java.base/sun.nio.ch.Net.bind(Net.java:552)
	at java.base/sun.nio.ch.Net.bind(Net.java:541)
	at java.base/sun.nio.ch.NioSocketImpl.bind(NioSocketImpl.java:643)
	at java.base/java.net.ServerSocket.bind(ServerSocket.java:395)
	at java.base/java.net.ServerSocket.<init>(ServerSocket.java:281)
	at java.base/java.net.ServerSocket.<init>(ServerSocket.java:225)
	at com.objectdb.o.SMR.I(SMR.java:259)
	at com.objectdb.o.SMR.n(SMR.java:159)
	at com.objectdb.o.TOL.run(TOL.java:116)
	at com.objectdb.Server.runCommand(Server.java:200)
	at com.objectdb.Server.run(Server.java:104)
	at com.objectdb.Server.main(Server.java:63)

------------------------------------------------------------------------------------------------------------------------

[2025-05-15 20:37:30 #1 server] 
java.net.BindException: Address already in use: bind
	at java.base/sun.nio.ch.Net.bind0(Native Method)
	at java.base/sun.nio.ch.Net.bind(Net.java:552)
	at java.base/sun.nio.ch.Net.bind(Net.java:541)
	at java.base/sun.nio.ch.NioSocketImpl.bind(NioSocketImpl.java:643)
	at java.base/java.net.ServerSocket.bind(ServerSocket.java:395)
	at java.base/java.net.ServerSocket.<init>(ServerSocket.java:281)
	at java.base/java.net.ServerSocket.<init>(ServerSocket.java:225)
	at com.objectdb.o.SMR.I(SMR.java:259)
	at com.objectdb.o.SMR.n(SMR.java:159)
	at com.objectdb.o.TOL.run(TOL.java:116)
	at com.objectdb.Server.runCommand(Server.java:200)
	at com.objectdb.Server.run(Server.java:104)
	at com.objectdb.Server.main(Server.java:63)

------------------------------------------------------------------------------------------------------------------------

[2025-05-15 20:37:38 #1 type] 
Type domain.Sesion is not enhanced.

[2025-05-15 20:37:38 #2 type] 
Type domain.Reserva is not enhanced.

[2025-05-15 20:37:38 #3 type] 
Type domain.Sala is not enhanced.

[2025-05-15 20:37:38 #4 type] 
Type domain.Actividad is not enhanced.

[2025-05-15 20:37:38 #5 type] 
Type domain.Socio is not enhanced.

[2025-05-15 20:37:38 #6 type] 
Type domain.Driver is not enhanced.

[2025-05-15 20:37:38 #7 type] 
Type domain.Ride is not enhanced.

[2025-05-15 20:37:38 #8 type] 
Type domain.Encargado is not enhanced.

[2025-05-15 20:37:38 #9 type] 
Type domain.Factura is not enhanced.

------------------------------------------------------------------------------------------------------------------------

[2025-05-15 20:51:38 #1 store] 
Database 'C:\Users\Shirley\git\repository\polideportivo\Rides24\src\main\resources\rides.temp' is opened by 8724@LAPTOP-9IP7ANLF

[2025-05-15 20:51:38 #2 type.registry] 
New type domain.Driver

[2025-05-15 20:51:38 #3 type] 
Type domain.Driver is not enhanced.

[2025-05-15 20:51:38 #4 type.registry] 
New type domain.Ride

[2025-05-15 20:51:38 #5 type] 
Type domain.Ride is not enhanced.

[2025-05-15 20:51:38 #6 type.registry] 
New type domain.Socio

[2025-05-15 20:51:38 #7 type] 
Type domain.Socio is not enhanced.

[2025-05-15 20:51:38 #8 type.registry] 
New type domain.Sala

[2025-05-15 20:51:38 #9 type] 
Type domain.Sala is not enhanced.

[2025-05-15 20:51:38 #10 type.registry] 
New type domain.Sesion

[2025-05-15 20:51:38 #11 type] 
Type domain.Sesion is not enhanced.

[2025-05-15 20:51:38 #12 type.registry] 
New type domain.Reserva

[2025-05-15 20:51:38 #13 type.registry] 
New type domain.Actividad

[2025-05-15 20:51:38 #14 type] 
Type domain.Reserva is not enhanced.

[2025-05-15 20:51:38 #15 type] 
Type domain.Actividad is not enhanced.

[2025-05-15 20:51:38 #16 type.registry] 
New type domain.Encargado

[2025-05-15 20:51:38 #17 type] 
Type domain.Encargado is not enhanced.

[2025-05-15 20:51:38 #18 type.registry] 
New type java.util.Vector<java.lang.Object>

[2025-05-15 20:51:38 #19 type.registry] 
New type java.util.Vector<domain.Ride>

[2025-05-15 20:51:38 #20 type.registry] 
New type java.util.ArrayList<java.lang.Object>

[2025-05-15 20:51:38 #21 type.registry] 
New type java.util.ArrayList<domain.Sesion>

[2025-05-15 20:51:38 #22 type.registry] 
New type java.util.ArrayList<domain.Reserva>

[2025-05-15 20:54:01 #23 type.registry] 
New type domain.Factura

[2025-05-15 20:54:01 #24 type] 
Type domain.Factura is not enhanced.

