------------------------------------------------------------------------------------------------------------------------

[2025-04-22 01:13:47 #1 store] 
Database 'C:\Users\Shirley\git\repository\polideportivo\Rides24\src\main\resources\rides.temp' is opened by 1536@LAPTOP-9IP7ANLF

[2025-04-22 01:13:48 #2 type.registry] 
New type domain.Driver

[2025-04-22 01:13:48 #3 type] 
Type domain.Driver is not enhanced.

[2025-04-22 01:13:48 #4 type.registry] 
New type domain.Ride

[2025-04-22 01:13:48 #5 type] 
Type domain.Ride is not enhanced.

[2025-04-22 01:13:48 #6 type.registry] 
New type domain.Socio

[2025-04-22 01:13:48 #7 type] 
Type domain.Socio is not enhanced.

[2025-04-22 01:13:48 #8 type.registry] 
New type domain.Sala

[2025-04-22 01:13:48 #9 type] 
Type domain.Sala is not enhanced.

[2025-04-22 01:13:48 #10 type.registry] 
New type domain.Sesion

[2025-04-22 01:13:48 #11 type] 
Type domain.Sesion is not enhanced.

[2025-04-22 01:13:48 #12 type.registry] 
New type domain.Reserva

[2025-04-22 01:13:48 #13 type.registry] 
New type domain.Actividad

[2025-04-22 01:13:48 #14 type] 
Type domain.Reserva is not enhanced.

[2025-04-22 01:13:48 #15 type] 
Type domain.Actividad is not enhanced.

[2025-04-22 01:13:48 #16 type.registry] 
New type java.util.Vector<java.lang.Object>

[2025-04-22 01:13:48 #17 type.registry] 
New type java.util.Vector<domain.Ride>

[2025-04-22 01:13:48 #18 type.registry] 
New type java.util.ArrayList<java.lang.Object>

[2025-04-22 01:13:48 #19 type.registry] 
New type java.util.ArrayList<domain.Sesion>

[2025-04-22 01:13:48 #20 type.registry] 
New type java.util.ArrayList<domain.Reserva>

------------------------------------------------------------------------------------------------------------------------

[2025-04-22 01:17:04 #1 store] 
Database 'C:\Users\Shirley\git\repository\polideportivo\Rides24\src\main\resources\rides.temp' is opened by 23956@LAPTOP-9IP7ANLF

[2025-04-22 01:17:05 #2 type.registry] 
New type domain.Driver

[2025-04-22 01:17:05 #3 type] 
Type domain.Driver is not enhanced.

[2025-04-22 01:17:05 #4 type.registry] 
New type domain.Ride

[2025-04-22 01:17:05 #5 type] 
Type domain.Ride is not enhanced.

[2025-04-22 01:17:05 #6 type.registry] 
New type domain.Socio

[2025-04-22 01:17:05 #7 type] 
Type domain.Socio is not enhanced.

[2025-04-22 01:17:05 #8 type.registry] 
New type domain.Sala

[2025-04-22 01:17:05 #9 type] 
Type domain.Sala is not enhanced.

[2025-04-22 01:17:05 #10 type.registry] 
New type domain.Sesion

[2025-04-22 01:17:05 #11 type] 
Type domain.Sesion is not enhanced.

[2025-04-22 01:17:05 #12 type.registry] 
New type domain.Reserva

[2025-04-22 01:17:05 #13 type.registry] 
New type domain.Actividad

[2025-04-22 01:17:05 #14 type] 
Type domain.Reserva is not enhanced.

[2025-04-22 01:17:05 #15 type] 
Type domain.Actividad is not enhanced.

[2025-04-22 01:17:05 #16 type.registry] 
New type java.util.Vector<java.lang.Object>

[2025-04-22 01:17:05 #17 type.registry] 
New type java.util.Vector<domain.Ride>

[2025-04-22 01:17:05 #18 type.registry] 
New type java.util.ArrayList<java.lang.Object>

[2025-04-22 01:17:05 #19 type.registry] 
New type java.util.ArrayList<domain.Sesion>

[2025-04-22 01:17:05 #20 type.registry] 
New type java.util.ArrayList<domain.Reserva>

------------------------------------------------------------------------------------------------------------------------

[2025-04-22 01:26:07 #1 store] 
Database 'C:\Users\Shirley\git\repository\polideportivo\Rides24\src\main\resources\rides.temp' is opened by 12384@LAPTOP-9IP7ANLF

[2025-04-22 01:26:07 #2 type.registry] 
New type domain.Driver

[2025-04-22 01:26:07 #3 type] 
Type domain.Driver is not enhanced.

[2025-04-22 01:26:07 #4 type.registry] 
New type domain.Ride

[2025-04-22 01:26:07 #5 type] 
Type domain.Ride is not enhanced.

[2025-04-22 01:26:07 #6 type.registry] 
New type domain.Socio

[2025-04-22 01:26:07 #7 type] 
Type domain.Socio is not enhanced.

[2025-04-22 01:26:07 #8 type.registry] 
New type domain.Sala

[2025-04-22 01:26:07 #9 type] 
Type domain.Sala is not enhanced.

[2025-04-22 01:26:07 #10 type.registry] 
New type domain.Sesion

[2025-04-22 01:26:07 #11 type] 
Type domain.Sesion is not enhanced.

[2025-04-22 01:26:07 #12 type.registry] 
New type domain.Reserva

[2025-04-22 01:26:07 #13 type.registry] 
New type domain.Actividad

[2025-04-22 01:26:07 #14 type] 
Type domain.Reserva is not enhanced.

[2025-04-22 01:26:07 #15 type] 
Type domain.Actividad is not enhanced.

[2025-04-22 01:26:07 #16 type.registry] 
New type java.util.Vector<java.lang.Object>

[2025-04-22 01:26:07 #17 type.registry] 
New type java.util.Vector<domain.Ride>

[2025-04-22 01:26:07 #18 type.registry] 
New type java.util.ArrayList<java.lang.Object>

[2025-04-22 01:26:07 #19 type.registry] 
New type java.util.ArrayList<domain.Sesion>

[2025-04-22 01:26:07 #20 type.registry] 
New type java.util.ArrayList<domain.Reserva>

------------------------------------------------------------------------------------------------------------------------

[2025-04-22 01:27:09 #1 store] 
Database 'C:\Users\Shirley\git\repository\polideportivo\Rides24\src\main\resources\rides.temp' is opened by 5652@LAPTOP-9IP7ANLF

[2025-04-22 01:27:09 #2 type.registry] 
New type domain.Driver

[2025-04-22 01:27:09 #3 type] 
Type domain.Driver is not enhanced.

[2025-04-22 01:27:09 #4 type.registry] 
New type domain.Ride

[2025-04-22 01:27:09 #5 type] 
Type domain.Ride is not enhanced.

[2025-04-22 01:27:09 #6 type.registry] 
New type domain.Socio

[2025-04-22 01:27:09 #7 type] 
Type domain.Socio is not enhanced.

[2025-04-22 01:27:09 #8 type.registry] 
New type domain.Sala

[2025-04-22 01:27:09 #9 type] 
Type domain.Sala is not enhanced.

[2025-04-22 01:27:09 #10 type.registry] 
New type domain.Sesion

[2025-04-22 01:27:09 #11 type] 
Type domain.Sesion is not enhanced.

[2025-04-22 01:27:09 #12 type.registry] 
New type domain.Reserva

[2025-04-22 01:27:09 #13 type.registry] 
New type domain.Actividad

[2025-04-22 01:27:09 #14 type] 
Type domain.Reserva is not enhanced.

[2025-04-22 01:27:09 #15 type] 
Type domain.Actividad is not enhanced.

[2025-04-22 01:27:09 #16 type.registry] 
New type java.util.Vector<java.lang.Object>

[2025-04-22 01:27:09 #17 type.registry] 
New type java.util.Vector<domain.Ride>

[2025-04-22 01:27:09 #18 type.registry] 
New type java.util.ArrayList<java.lang.Object>

[2025-04-22 01:27:09 #19 type.registry] 
New type java.util.ArrayList<domain.Sesion>

[2025-04-22 01:27:09 #20 type.registry] 
New type java.util.ArrayList<domain.Reserva>

